<?xml version="1.0" encoding="UTF-8"?>
<robot generator="Robot 4.1 (Python 3.9.6 on win32)" generated="20210906 22:20:28.483" rpa="false" schemaversion="2">
<suite id="s1" name="Testcases" source="C:\Users\Public\Documents\d\Offimate\OfficeMate\Testcases">
<suite id="s1-s1" name="API" source="C:\Users\Public\Documents\d\Offimate\OfficeMate\Testcases\API">
<suite id="s1-s1-s1" name="Get Validation" source="C:\Users\Public\Documents\d\Offimate\OfficeMate\Testcases\API\get_validation.robot">
<test id="s1-s1-s1-t1" name="Jsonplaceholder Get Request Test - Valid request">
<kw name="Get Request">
<arg>1</arg>
<arg>1</arg>
<arg>flash_deal_position_asc</arg>
<arg>$neg</arg>
<arg>configurable</arg>
<arg>$gteq</arg>
<arg>2019-11-24+17:00:00</arg>
<arg>$lteq</arg>
<arg>2021-12-31+16:59:00</arg>
<arg>bDENtRlm1UchRTFGA3SP9MltOvCXnPff</arg>
<arg>4</arg>
<arg>1</arg>
<arg>utm_source=; utm_medium=; utm_campaign=; guest=bDENtRlm1UchRTFGA3SP9MltOvCXnPff; _fbp=fb.2.1629955397080.1027180985; _hjid=33c6dd2c-e604-4d7a-8768-72605534e6c3; scarab.visitor=%2270AAAA6936688C1F%22; scarab.profile=%22OFMY007899%7C1629956085%22; _HistorySearch=[%22kh%C3%B4ng%20t%E1%BB%93n%20t%E1%BA%A1i%22%2C%22samSUNG123%22%2C%22samsung%22%2C%22dsdsdsd%22%2C%22%E0%B9%84%E0%B8%A1%E0%B9%88%E0%B9%84%E0%B8%94%E0%B9%89%E0%B8%AD%E0%B8%A2%E0%B8%B9%E0%B9%88%E0%B9%84%E0%B8%A1%E0%B9%88%E0%B9%84%E0%B8%94%E0%B9%89%E0%B8%AD%E0%B8%A2%E0%B8%B9%E0%B9%88%E0%B9%84%E0%B8%A1%E0%B9%88%E0%B9%84%E0%B8%94%E0%B9%89%E0%B8%AD%E0%B8%A2%E0%B8%B9%E0%B9%88%E0%B9%84%E0%B8%A1%E0%B9%88%E0%B9%84%E0%B8%94%E0%B9%89%E0%B8%AD%E0%B8%A2%E0%B8%B9%E0%B9%88%22%2C%22%E0%B9%84%E0%B8%A1%E0%B9%88%E0%B9%84%E0%B8%94%E0%B9%89%E0%B8%AD%E0%B8%A2%E0%B8%B9%E0%B9%88%22%2C%22%20%20%20%22%2C%22zxcvnm%22%2C%22iphone%22%2C%22%E0%B9%80%E0%B8%84%E0%B9%89%E0%B8%81%22]; _gid=GA1.3.149523128.1630761915; AKA_A2=A; _hjAbsoluteSessionInProgress=0; RT="z=1&amp;dm=officemate.co.th&amp;si=35e03737-c8f6-497a-a2b6-196c4212a494&amp;ss=kt78gf14&amp;sl=2&amp;tt=c3d&amp;rl=1&amp;ul=bs6e&amp;hd=bstf"; originalLocation=https://www.officemate.co.th/en; lang=en; _ga=GA1.3.1422895306.1629955396; _gat_UA-12345-1=1; _gat_UA-11520015-17=1; _ga_HZ7YT7QQR1=GS1.1.1630850810.26.0.1630850810.0; _gat=1</arg>
<arg>VQMOUF5SABAHVlRQAAIAVFc=</arg>
<arg>en</arg>
<arg>200</arg>
<kw name="Get And Vaidation" library="get_request">
<arg>${is_flash_deal}</arg>
<arg>${flash_deal_enable}</arg>
<arg>${sort}</arg>
<arg>${type_id}</arg>
<arg>${typeid}</arg>
<arg>${flash_deal_from}</arg>
<arg>${flash_deal_from_day}</arg>
<arg>${flash_deal_to}</arg>
<arg>${flash_deal_to_day}</arg>
<arg>${x_subject_id}</arg>
<arg>${visibility}</arg>
<arg>${status}</arg>
<arg>${cookie}</arg>
<arg>${x-newrelic-id}</arg>
<arg>${x-store-code}</arg>
<arg>${api_url}</arg>
<arg>${response_code}</arg>
<kw name="Run Keyword And Ignore Error" library="BuiltIn">
<var>${status}</var>
<var>${resp}</var>
<arg>api_request.Get Request</arg>
<arg>${is_flash_deal}</arg>
<arg>${flash_deal_enable}</arg>
<arg>${sort}</arg>
<arg>${type_id}</arg>
<arg>${typeid}</arg>
<arg>${flash_deal_from}</arg>
<arg>${flash_deal_from_day}</arg>
<arg>${flash_deal_to}</arg>
<arg>${flash_deal_to_day}</arg>
<arg>${x_subject_id}</arg>
<arg>${visibility}</arg>
<arg>${status}</arg>
<arg>${cookie}</arg>
<arg>${x-newrelic-id}</arg>
<arg>${x-store-code}</arg>
<arg>${api_url}</arg>
<doc>Runs the given keyword with the given arguments and ignores possible error.</doc>
<kw name="Get Request" library="api_request">
<arg>${is_flash_deal}</arg>
<arg>${flash_deal_enable}</arg>
<arg>${sort}</arg>
<arg>${type_id}</arg>
<arg>${typeid}</arg>
<arg>${flash_deal_from}</arg>
<arg>${flash_deal_from_day}</arg>
<arg>${flash_deal_to}</arg>
<arg>${flash_deal_to_day}</arg>
<arg>${x_subject_id}</arg>
<arg>${visibility}</arg>
<arg>${status}</arg>
<arg>${cookie}</arg>
<arg>${x-newrelic-id}</arg>
<arg>${x-store-code}</arg>
<arg>${api_url}</arg>
<kw name="Create Dictionary" library="BuiltIn">
<var>${header}</var>
<arg>cookie=${cookie}</arg>
<arg>x-newrelic-id=${x-newrelic-id}</arg>
<arg>x-store-code=${x-store-code}</arg>
<doc>Creates and returns a dictionary based on the given ``items``.</doc>
<msg timestamp="20210906 22:20:30.292" level="INFO">${header} = {'cookie': 'utm_source=; utm_medium=; utm_campaign=; guest=bDENtRlm1UchRTFGA3SP9MltOvCXnPff; _fbp=fb.2.1629955397080.1027180985; _hjid=33c6dd2c-e604-4d7a-8768-72605534e6c3; scarab.visitor=%2270AAAA693...</msg>
<status status="PASS" starttime="20210906 22:20:30.292" endtime="20210906 22:20:30.292"/>
</kw>
<kw name="GET" library="RequestsLibrary">
<var>${resp}</var>
<arg>${api_url}/search/productSection/en</arg>
<arg>params=is_flash_deal=${is_flash_deal}&amp;flash_deal_enable=${flash_deal_enable}&amp;sort=${sort}&amp;type_id=$neq&amp;type_id=${typeid}&amp;flash_deal_from=${flash_deal_from}&amp;flash_deal_from=${flash_deal_from_day}&amp;flash_deal_to=${flash_deal_to}&amp;flash_deal_to=${flash_deal_to_day}&amp;x_subject_id=${x_subject_id}&amp;visibility=${visibility}&amp;status=${status}</arg>
<arg>headers=${header}</arg>
<doc>Sends a GET request.</doc>
<msg timestamp="20210906 22:20:32.586" level="INFO">GET Request : url=https://www.officemate.co.th/api//search/productSection/en?is_flash_deal=1&amp;flash_deal_enable=1&amp;sort=flash_deal_position_asc&amp;type_id=$neq&amp;type_id=configurable&amp;flash_deal_from=$gteq&amp;flash_deal_from=2019-11-24+17:00:00&amp;flash_deal_to=$lteq&amp;flash_deal_to=2021-12-31+16:59:00&amp;x_subject_id=bDENtRlm1UchRTFGA3SP9MltOvCXnPff&amp;visibility=4&amp;status=1 
 path_url=/api//search/productSection/en?is_flash_deal=1&amp;flash_deal_enable=1&amp;sort=flash_deal_position_asc&amp;type_id=$neq&amp;type_id=configurable&amp;flash_deal_from=$gteq&amp;flash_deal_from=2019-11-24+17:00:00&amp;flash_deal_to=$lteq&amp;flash_deal_to=2021-12-31+16:59:00&amp;x_subject_id=bDENtRlm1UchRTFGA3SP9MltOvCXnPff&amp;visibility=4&amp;status=1 
 headers={'User-Agent': 'python-requests/2.26.0', 'Accept-Encoding': 'gzip, deflate', 'Accept': '*/*', 'Connection': 'keep-alive', 'cookie': 'utm_source=; utm_medium=; utm_campaign=; guest=bDENtRlm1UchRTFGA3SP9MltOvCXnPff; _fbp=fb.2.1629955397080.1027180985; _hjid=33c6dd2c-e604-4d7a-8768-72605534e6c3; scarab.visitor=%2270AAAA6936688C1F%22; scarab.profile=%22OFMY007899%7C1629956085%22; _HistorySearch=[%22kh%C3%B4ng%20t%E1%BB%93n%20t%E1%BA%A1i%22%2C%22samSUNG123%22%2C%22samsung%22%2C%22dsdsdsd%22%2C%22%E0%B9%84%E0%B8%A1%E0%B9%88%E0%B9%84%E0%B8%94%E0%B9%89%E0%B8%AD%E0%B8%A2%E0%B8%B9%E0%B9%88%E0%B9%84%E0%B8%A1%E0%B9%88%E0%B9%84%E0%B8%94%E0%B9%89%E0%B8%AD%E0%B8%A2%E0%B8%B9%E0%B9%88%E0%B9%84%E0%B8%A1%E0%B9%88%E0%B9%84%E0%B8%94%E0%B9%89%E0%B8%AD%E0%B8%A2%E0%B8%B9%E0%B9%88%E0%B9%84%E0%B8%A1%E0%B9%88%E0%B9%84%E0%B8%94%E0%B9%89%E0%B8%AD%E0%B8%A2%E0%B8%B9%E0%B9%88%22%2C%22%E0%B9%84%E0%B8%A1%E0%B9%88%E0%B9%84%E0%B8%94%E0%B9%89%E0%B8%AD%E0%B8%A2%E0%B8%B9%E0%B9%88%22%2C%22%20%20%20%22%2C%22zxcvnm%22%2C%22iphone%22%2C%22%E0%B9%80%E0%B8%84%E0%B9%89%E0%B8%81%22]; _gid=GA1.3.149523128.1630761915; AKA_A2=A; _hjAbsoluteSessionInProgress=0; RT="z=1&amp;dm=officemate.co.th&amp;si=35e03737-c8f6-497a-a2b6-196c4212a494&amp;ss=kt78gf14&amp;sl=2&amp;tt=c3d&amp;rl=1&amp;ul=bs6e&amp;hd=bstf"; originalLocation=https://www.officemate.co.th/en; lang=en; _ga=GA1.3.1422895306.1629955396; _gat_UA-12345-1=1; _gat_UA-11520015-17=1; _ga_HZ7YT7QQR1=GS1.1.1630850810.26.0.1630850810.0; _gat=1', 'x-newrelic-id': 'VQMOUF5SABAHVlRQAAIAVFc=', 'x-store-code': 'en'} 
 body=None 
 </msg>
<msg timestamp="20210906 22:20:32.595" level="INFO">GET Response : url=https://www.officemate.co.th/api//search/productSection/en?is_flash_deal=1&amp;flash_deal_enable=1&amp;sort=flash_deal_position_asc&amp;type_id=$neq&amp;type_id=configurable&amp;flash_deal_from=$gteq&amp;flash_deal_from=2019-11-24+17:00:00&amp;flash_deal_to=$lteq&amp;flash_deal_to=2021-12-31+16:59:00&amp;x_subject_id=bDENtRlm1UchRTFGA3SP9MltOvCXnPff&amp;visibility=4&amp;status=1 
 status=200, reason=OK 
 headers={'Content-Type': 'application/json; charset=utf-8', 'X-Powered-By': 'Express', 'x-frame-options': 'SAMEORIGIN', 'x-xss-protection': '1; mode=block', 'Cache-Control': 'public, max-age=120', 'ETag': 'W/"214d42-TcrTQrFG/Nj991otPvYyVRrZZBU"', 'Content-Encoding': 'gzip', 'Date': 'Mon, 06 Sep 2021 15:20:31 GMT', 'Transfer-Encoding': 'chunked', 'Connection': 'keep-alive, Transfer-Encoding', 'Vary': 'Accept-Encoding', 'Server-Timing': 'edge; dur=66, origin; dur=1155, cdn-cache; desc=MISS'} 
 body={"products":{"total_count":462,"products":[{"id":117891,"type_id":"simple","name":"OFM Copier Paper A4 80 gsm. 500 Sheets 5 Reams/Pack","brand_name":"OFM","small_image":"/5/0/5007441.jpg","image":"/5/0/5007441.jpg","thumbnail":"/5/0/5007441.jpg","url_key":"ออฟฟิศเมท-กระดาษถ่ายเอกสาร-a4-80แกรม-แพ็ค5รีม-ออฟฟิศเมท-ofm5007441","attribute_set_id":21,"visibility":4,"status":1,"is_returnable":"2","category":[{"category_id":2,"level":1,"parent_id":1,"url_key":"default-category"},{"category_id":107,"name":"Office Supplies","level":2,"parent_id":2,"url_key":"office-supplies","url_path":"office-supplies"},{"category_id":147,"name":"Paper","level":3,"parent_id":107,"url_key":"paper","url_path":"office-supplies/paper"},{"category_id":148,"name":"Copier Paper","level":4,"parent_id":147,"url_key":"copier-paper","url_path":"office-supplies/paper/copier-paper","is_parent":true},{"category_id":1501,"name":"promotions","level":2,"parent_id":2,"url_key":"promotions","url_path":"promotions"},{"category_id":4855,"name":"Best Seller","level":3,"parent_id":107,"url_key":"best-seller","url_path":"office-supplies/best-seller","is_parent":true},{"category_id":4856,"name":"Promotion","level":3,"parent_id":107,"url_key":"promotion","url_path":"office-supplies/promotion","is_parent":true},{"category_id":6171,"name":"ลดแรง! แถมเต็มพิกัด! กระดาษ นานาชนิด","level":3,"parent_id":1501,"url_key":"paper-1-31aug21","url_path":"promotions/paper-1-31aug21","is_parent":true},{"category_id":6314,"name":"ลดแรง! แถมเต็มพิกัด! กระดาษ นานาชนิด","level":3,"parent_id":1501,"url_key":"paper-1-30sep21","url_path":"promotions/paper-1-30sep21","is_parent":true}],"price":519,"tier_prices":[{"price":509,"original_price":519,"customer_group_id":0,"is_discount":true},{"price":509,"original_price":519,"customer_group_id":1,"is_discount":true},{"price":509,"original_price":519,"customer_group_id":2,"is_discount":true},{"price":509,"original_price":519,"customer_group_id":3,"is_discount":true},{"price":509,"original_price":519,"customer_group_id":4,"is_discount":true},{"price":509,"original_price":519,"customer_group_id":5,"is_discount":true}],"special_price":509,"special_from_date":"2021-09-01T00:00:00","special_to_date":"2021-09-30T23:59:59","stock":{"qty":2040,"is_in_stock":true},"custom_attributes_option":[{"attribute_code":"small_image","value":"/5/0/5007441.jpg","position":0},{"attribute_code":"special_from_date","value":"2021-09-01 00:00:00","position":0},{"attribute_code":"in_xml_sitemap","value":"Include in XML Sitemap","position":0},{"attribute_code":"swatch_image","value":"/5/0/5007441.jpg","position":0},{"attribute_code":"visibility","value":4,"position":0},{"attribute_code":"ofm_green_product","value":"General Product","position":0},{"attribute_code":"percent_discount","value":2,"position":0},{"attribute_code":"flash_deal_from","value":"2021-08-31 17:00:00","position":0},{"attribute_code":"price_inc_tax","value":519,"position":0},{"attribute_code":"created_at","value":"2020-10-07 15:13:28","position":0},{"attribute_code":"special_price","value":509,"position":0},{"attribute_code":"rating","value":5,"position":0},{"attribute_code":"unit","value":"PK","position":0},{"attribute_code":"is_bestdeal","value":"Is Best Deal","position":0},{"attribute_code":"ts_dimensions_width","value":230,"position":0},{"attribute_code":"shipment_group_id","value":"MKP_2022","position":0},{"attribute_code":"ofm_product_type","value":15,"position":0},{"attribute_code":"weight","value":13000,"position":0},{"attribute_code":"description","value":"&lt;ul&gt;\r\n&lt;li&gt;กระดาษถ่ายเอกสาร A4 80 แกรม&lt;/li&gt;\r\n&lt;li&gt;กระดาษดี การันตีคุณภาพ ระดับ Premium&lt;/li&gt;\r\n&lt;li&gt;เนื้อกระดาษขาว สว่าง&lt;/li&gt;\r\n&lt;li&gt;เนื้อกระดาษหนา ใช้งานกระดาษได้ดีทั้ง 2 หน้า ไม่มีปัญหาเรื่องมองทะลุหลัง&lt;/li&gt;\r\n&lt;li&gt;กระดาษเรียบเนียน พิมพ์ลื่น สม่ำเสมอ&lt;/li&gt;\r\n&lt;li&gt;ให้งานพิมพ์คุณภาพ สวย คมชัดแบบมืออาชีพ ไม่ว่าจะงานพิมพ์สีหรือขาวดำ&lt;/li&gt;\r\n&lt;li&gt;ตอบโจทย์ทุกการใช้งาน ทั้งงานเอกสารและงานพิมพ์&lt;/li&gt;\r\n&lt;li&gt;สามารถใช้งานได้ดีกับเครื่องถ่ายเอกสารและเครื่องพิมพ์สำนักงานทุกชนิด&lt;/li&gt;\r\n&lt;li&gt;ห่อด้วยกระดาษเคลือบมัน ช่วยป้องกันความชื้น ให้กระดาษภายในคงสภาพดี พร้อมใช้งาน&lt;/li&gt;\r\n&lt;li&gt;มั่นใจทุกกล่อง กระดาษดีทุกแผ่น เพราะผลิตจากโรงงานมาตรฐานกระดาษแบรนด์ชั้นนำของไทย โดยบริษัท ฟินิคซ พัลพ แอนด์ เพเพอร์ จำกัด (มหาชน) สำนักงานใหญ่ เลขที่ 1 ถ.ปูนซิเมนต์ไทย บางซื่อ กรุงเทพฯ 10800&lt;/li&gt;\r\n&lt;li&gt;ได้รับการรับรองมาตรฐานอุตสาหกรรม (มอก.)&lt;/li&gt;\r\n&lt;li&gt;ได้รับการรับรองระบบบริหารงานคุณภาพ ISO9001&lt;/li&gt;\r\n&lt;li&gt;ได้รับการรับรองมาตรฐานระบบการจัดการสิ่งแวดล้อม ISO14001&lt;/li&gt;\r\n&lt;li&gt;ได้รับการรับรองมาตรฐานการจัดการอาชีวอนามัย และความปลอดภัย ISO45001&lt;/li&gt;\r\n&lt;li&gt;กระดาษหนา 80 แกรม&lt;/li&gt;\r\n&lt;li&gt;ขนาดกระดาษ (กว้าง x ยาว) : 210 x 297 มม. (A4)&lt;/li&gt;\r\n&lt;li&gt;จำนวน 500 แผ่น/รีม , 5 รีม/แพ็ค&lt;/li&gt;\r\n&lt;/ul&gt;","position":0},{"attribute_code":"flash_deal_position","value":1,"position":0},{"attribute_code":"ts_dimensions_length","value":310,"position":0},{"attribute_code":"special_expires_at","value":"2021-09-30 23:59:59","position":0},{"attribute_code":"a_series_paper_size_dp","value":"A4","position":0},{"attribute_code":"ts_dimensions_height","value":260,"position":0},{"attribute_code":"updated_at","value":"2021-09-06 14:38:13","position":0},{"attribute_code":"has_options","value":false,"position":0},{"attribute_code":"barcode","value":"8852413917305","position":0},{"attribute_code":"image","value":"/5/0/5007441.jpg","position":0},{"attribute_code":"price_discount","value":1.93,"position":0},{"attribute_code":"status","value":"Enabled","position":0},{"attribute_code":"short_description","value":"&lt;ul&gt;\r\n&lt;li&gt;กระดาษถ่ายเอกสาร A4 80 แกรม&lt;/li&gt;\r\n&lt;li&gt;กระดาษดี การันตีคุณภาพ ระดับ Premium&lt;/li&gt;\r\n&lt;li&gt;เนื้อกระดาษขาว สว่าง&lt;/li&gt;\r\n&lt;li&gt;เนื้อกระดาษหนา ใช้งานกระดาษได้ดีทั้ง 2 หน้า ไม่มีปัญหาเรื่องมองทะลุหลัง&lt;/li&gt;\r\n&lt;li&gt;กระดาษเรียบเนียน พิมพ์ลื่น สม่ำเสมอ&lt;/li&gt;\r\n&lt;li&gt;ให้งานพิมพ์คุณภาพ สวย คมชัดแบบมืออาชีพ ไม่ว่าจะงานพิมพ์สีหรือขาวดำ&lt;/li&gt;\r\n&lt;li&gt;ตอบโจทย์ทุกการใช้งาน ทั้งงานเอกสารและงานพิมพ์&lt;/li&gt;\r\n&lt;li&gt;มั่นใจทุกกล่อง กระดาษดีทุกแผ่น เพราะผลิตจากโรงงานมาตรฐานกระดาษแบรนด์ชั้นนำของไทย&lt;/li&gt;\r\n&lt;li&gt;กระดาษหนา 80 แกรม&lt;/li&gt;\r\n&lt;li&gt;ขนาดกระดาษ (กว้าง x ยาว) : 210 x 297 มม. (A4)&lt;/li&gt;\r\n&lt;li&gt;จำนวน 500 แผ่น/รีม , 5 รีม/แพ็ค&lt;/li&gt;\r\n&lt;/ul&gt;","position":0},{"attribute_code":"special_to_date","value":"2021-09-30 23:59:59","position":0},{"attribute_code":"flash_deal_enable","value":"Enable","position":0},{"attribute_code":"is_returnable","value":"2","position":0},{"attribute_code":"brand_name","value":"OFM","position":0},{"attribute_code":"search_keywords","value":"OFM Copier Paper A4 80 gsm. 500 Sheets 5 Reams/Pack กระดาษถ่ายเอกสาร OFM A4 80 แกรม 500 แผ่น 5 รีม/แพ็ค","position":0},{"attribute_code":"special_price_inc_tax","value":509,"position":0},{"attribute_code":"url_key","value":"ออฟฟิศเมท-กระดาษถ่ายเอกสาร-a4-80แกรม-แพ็ค5รีม-ออฟฟิศเมท-ofm5007441","values":["ออฟฟิศเมท-กระดาษถ่ายเอกสาร-a4-80แกรม-แพ็ค5รีม-ออฟฟิศเมท-ofm5007441"],"position":0},{"attribute_code":"package_dp","value":"Pack","position":0},{"attribute_code":"delivery_surcharge_fee","value":100,"position":0},{"attribute_code":"product_group","value":"A","position":0},{"attribute_code":"total_vote","value":2,"position":0},{"attribute_code":"flash_deal_to","value":"2021-09-15 16:59:00","position":0},{"attribute_code":"flash_deal_sold_qty","value":125,"position":0},{"attribute_code":"required_options","value":false,"position":0},{"attribute_code":"sold_qty","value":81,"position":0},{"attribute_code":"options_container","value":"Block after Info Column","position":0},{"attribute_code":"tax_class_id","value":"Taxable Goods","position":0},{"attribute_code":"flash_deal_qty","value":9999,"position":0},{"attribute_code":"thumbnail","value":"/5/0/5007441.jpg","position":0},{"attribute_code":"brightness_rating_copier_dp","value":"80 grams","position":1}],"custom_attributes":[{"attribute_code":"name","name":"name","label":"Product Name","value":"OFM Copier Paper A4 80 gsm. 500 Sheets 5 Reams/Pack"},{"attribute_code":"image","name":"image","label":"Base","value":"/5/0/5007441.jpg"},{"attribute_code":"small_image","name":"small_image","label":"Small","value":"/5/0/5007441.jpg"},{"attribute_code":"thumbnail","name":"thumbnail","label":"Thumbnail","value":"/5/0/5007441.jpg"},{"attribute_code":"options_container","name":"options_container","label":"Display Product Options In","value":"container2"},{"attribute_code":"url_key","name":"url_key","label":"URL Key","value":"ออฟฟิศเมท-กระดาษถ่ายเอกสาร-a4-80แกรม-แพ็ค5รีม-ออฟฟิศเมท-ofm5007441"},{"attribute_code":"msrp_display_actual_price_type","name":"msrp_display_actual_price_type","label":"Display Actual Price","value":"0"},{"attribute_code":"gift_message_available","name":"gift_message_available","label":"Allow Gift Message","value":"0"},{"attribute_code":"gift_wrapping_available","name":"gift_wrapping_available","label":"Allow Gift Wrapping","value":"0"},{"attribute_code":"is_returnable","name":"is_returnable","label":"Enable RMA","value":"2"},{"attribute_code":"swatch_image","name":"swatch_image","label":"Swatch","value":"/5/0/5007441.jpg"},{"attribute_code":"unit","name":"unit","label":"Unit","value":"PK"},{"attribute_code":"discount_code","name":"discount_code","label":"DISCOUNT CODE","value":"0"},{"attribute_code":"barcode","name":"barcode","label":"Barcode","value":"8852413917305"},{"attribute_code":"product_group","name":"product_group","label":"Product Group","value":"a"},{"attribute_code":"search_keywords","name":"search_keywords","label":"ElasticSuite Search Keywords","value":"OFM Copier Paper A4 80 gsm. 500 Sheets 5 Reams/Pack กระดาษถ่ายเอกสาร OFM A4 80 แกรม 500 แผ่น 5 รีม/แพ็ค"},{"attribute_code":"description","name":"description","label":"Description","value":"&lt;ul&gt;\r\n&lt;li&gt;กระดาษถ่ายเอกสาร A4 80 แกรม&lt;/li&gt;\r\n&lt;li&gt;กระดาษดี การันตีคุณภาพ ระดับ Premium&lt;/li&gt;\r\n&lt;li&gt;เนื้อกระดาษขาว สว่าง&lt;/li&gt;\r\n&lt;li&gt;เนื้อกระดาษหนา ใช้งานกระดาษได้ดีทั้ง 2 หน้า ไม่มีปัญหาเรื่องมองทะลุหลัง&lt;/li&gt;\r\n&lt;li&gt;กระดาษเรียบเนียน พิมพ์ลื่น สม่ำเสมอ&lt;/li&gt;\r\n&lt;li&gt;ให้งานพิมพ์คุณภาพ สวย คมชัดแบบมืออาชีพ ไม่ว่าจะงานพิมพ์สีหรือขาวดำ&lt;/li&gt;\r\n&lt;li&gt;ตอบโจทย์ทุกการใช้งาน ทั้งงานเอ... (set the log level to DEBUG or TRACE to see the full content) 
 </msg>
<msg timestamp="20210906 22:20:32.603" level="INFO">${resp} = &lt;Response [200]&gt;</msg>
<status status="PASS" starttime="20210906 22:20:30.292" endtime="20210906 22:20:32.603"/>
</kw>
<status status="PASS" starttime="20210906 22:20:30.292" endtime="20210906 22:20:32.603"/>
</kw>
<msg timestamp="20210906 22:20:32.603" level="INFO">${status} = PASS</msg>
<msg timestamp="20210906 22:20:32.603" level="INFO">${resp} = &lt;Response [200]&gt;</msg>
<status status="PASS" starttime="20210906 22:20:30.292" endtime="20210906 22:20:32.603"/>
</kw>
<kw name="Run Keyword If" library="BuiltIn">
<arg>'${status}'=='PASS'</arg>
<arg>Status Should Be</arg>
<arg>${response_code}</arg>
<arg>${resp}</arg>
<doc>Runs the given keyword with the given arguments, if ``condition`` is true.</doc>
<kw name="Status Should Be" library="RequestsLibrary">
<arg>${response_code}</arg>
<arg>${resp}</arg>
<doc>Fails if response status code is different than the expected.</doc>
<status status="PASS" starttime="20210906 22:20:32.603" endtime="20210906 22:20:32.603"/>
</kw>
<status status="PASS" starttime="20210906 22:20:32.603" endtime="20210906 22:20:32.603"/>
</kw>
<kw name="Run Keyword If" library="BuiltIn">
<arg>'${status}'=='FAIL'</arg>
<arg>Should Contain</arg>
<arg>${resp}</arg>
<arg>${response_code}</arg>
<doc>Runs the given keyword with the given arguments, if ``condition`` is true.</doc>
<status status="PASS" starttime="20210906 22:20:32.603" endtime="20210906 22:20:32.603"/>
</kw>
<status status="PASS" starttime="20210906 22:20:30.292" endtime="20210906 22:20:32.603"/>
</kw>
<status status="PASS" starttime="20210906 22:20:30.291" endtime="20210906 22:20:32.603"/>
</kw>
<status status="PASS" starttime="20210906 22:20:30.283" endtime="20210906 22:20:32.612"/>
</test>
<test id="s1-s1-s1-t2" name="Jsonplaceholder Get Request Test - Valid request">
<kw name="Get Request">
<arg>1</arg>
<arg>1</arg>
<arg>flash_deal_position_asc</arg>
<arg>$neg</arg>
<arg>configurable</arg>
<arg>$gteq</arg>
<arg>2019-11-24+17:00:01</arg>
<arg>$lteq</arg>
<arg>2020-12-31+16:59:01</arg>
<arg>bDENtRlm1UchRTFGA3SP9MltOvCXnPff</arg>
<arg>4</arg>
<arg>1</arg>
<arg>utm_source=; utm_medium=; utm_campaign=; guest=bDENtRlm1UchRTFGA3SP9MltOvCXnPff; _fbp=fb.2.1629955397080.1027180985; _hjid=33c6dd2c-e604-4d7a-8768-72605534e6c3; scarab.visitor=%2270AAAA6936688C1F%22; scarab.profile=%22OFMY007899%7C1629956085%22; _HistorySearch=[%22kh%C3%B4ng%20t%E1%BB%93n%20t%E1%BA%A1i%22%2C%22samSUNG123%22%2C%22samsung%22%2C%22dsdsdsd%22%2C%22%E0%B9%84%E0%B8%A1%E0%B9%88%E0%B9%84%E0%B8%94%E0%B9%89%E0%B8%AD%E0%B8%A2%E0%B8%B9%E0%B9%88%E0%B9%84%E0%B8%A1%E0%B9%88%E0%B9%84%E0%B8%94%E0%B9%89%E0%B8%AD%E0%B8%A2%E0%B8%B9%E0%B9%88%E0%B9%84%E0%B8%A1%E0%B9%88%E0%B9%84%E0%B8%94%E0%B9%89%E0%B8%AD%E0%B8%A2%E0%B8%B9%E0%B9%88%E0%B9%84%E0%B8%A1%E0%B9%88%E0%B9%84%E0%B8%94%E0%B9%89%E0%B8%AD%E0%B8%A2%E0%B8%B9%E0%B9%88%22%2C%22%E0%B9%84%E0%B8%A1%E0%B9%88%E0%B9%84%E0%B8%94%E0%B9%89%E0%B8%AD%E0%B8%A2%E0%B8%B9%E0%B9%88%22%2C%22%20%20%20%22%2C%22zxcvnm%22%2C%22iphone%22%2C%22%E0%B9%80%E0%B8%84%E0%B9%89%E0%B8%81%22]; _gid=GA1.3.149523128.1630761915; AKA_A2=A; _hjAbsoluteSessionInProgress=0; RT="z=1&amp;dm=officemate.co.th&amp;si=35e03737-c8f6-497a-a2b6-196c4212a494&amp;ss=kt78gf14&amp;sl=2&amp;tt=c3d&amp;rl=1&amp;ul=bs6e&amp;hd=bstf"; originalLocation=https://www.officemate.co.th/en; lang=en; _ga=GA1.3.1422895306.1629955396; _gat_UA-12345-1=1; _gat_UA-11520015-17=1; _ga_HZ7YT7QQR1=GS1.1.1630850810.26.0.1630850810.0; _gat=2</arg>
<arg>VQMOUF5SABAHVlRQAAIAVFc=</arg>
<arg>en</arg>
<arg>200</arg>
<kw name="Get And Vaidation" library="get_request">
<arg>${is_flash_deal}</arg>
<arg>${flash_deal_enable}</arg>
<arg>${sort}</arg>
<arg>${type_id}</arg>
<arg>${typeid}</arg>
<arg>${flash_deal_from}</arg>
<arg>${flash_deal_from_day}</arg>
<arg>${flash_deal_to}</arg>
<arg>${flash_deal_to_day}</arg>
<arg>${x_subject_id}</arg>
<arg>${visibility}</arg>
<arg>${status}</arg>
<arg>${cookie}</arg>
<arg>${x-newrelic-id}</arg>
<arg>${x-store-code}</arg>
<arg>${api_url}</arg>
<arg>${response_code}</arg>
<kw name="Run Keyword And Ignore Error" library="BuiltIn">
<var>${status}</var>
<var>${resp}</var>
<arg>api_request.Get Request</arg>
<arg>${is_flash_deal}</arg>
<arg>${flash_deal_enable}</arg>
<arg>${sort}</arg>
<arg>${type_id}</arg>
<arg>${typeid}</arg>
<arg>${flash_deal_from}</arg>
<arg>${flash_deal_from_day}</arg>
<arg>${flash_deal_to}</arg>
<arg>${flash_deal_to_day}</arg>
<arg>${x_subject_id}</arg>
<arg>${visibility}</arg>
<arg>${status}</arg>
<arg>${cookie}</arg>
<arg>${x-newrelic-id}</arg>
<arg>${x-store-code}</arg>
<arg>${api_url}</arg>
<doc>Runs the given keyword with the given arguments and ignores possible error.</doc>
<kw name="Get Request" library="api_request">
<arg>${is_flash_deal}</arg>
<arg>${flash_deal_enable}</arg>
<arg>${sort}</arg>
<arg>${type_id}</arg>
<arg>${typeid}</arg>
<arg>${flash_deal_from}</arg>
<arg>${flash_deal_from_day}</arg>
<arg>${flash_deal_to}</arg>
<arg>${flash_deal_to_day}</arg>
<arg>${x_subject_id}</arg>
<arg>${visibility}</arg>
<arg>${status}</arg>
<arg>${cookie}</arg>
<arg>${x-newrelic-id}</arg>
<arg>${x-store-code}</arg>
<arg>${api_url}</arg>
<kw name="Create Dictionary" library="BuiltIn">
<var>${header}</var>
<arg>cookie=${cookie}</arg>
<arg>x-newrelic-id=${x-newrelic-id}</arg>
<arg>x-store-code=${x-store-code}</arg>
<doc>Creates and returns a dictionary based on the given ``items``.</doc>
<msg timestamp="20210906 22:20:32.639" level="INFO">${header} = {'cookie': 'utm_source=; utm_medium=; utm_campaign=; guest=bDENtRlm1UchRTFGA3SP9MltOvCXnPff; _fbp=fb.2.1629955397080.1027180985; _hjid=33c6dd2c-e604-4d7a-8768-72605534e6c3; scarab.visitor=%2270AAAA693...</msg>
<status status="PASS" starttime="20210906 22:20:32.638" endtime="20210906 22:20:32.639"/>
</kw>
<kw name="GET" library="RequestsLibrary">
<var>${resp}</var>
<arg>${api_url}/search/productSection/en</arg>
<arg>params=is_flash_deal=${is_flash_deal}&amp;flash_deal_enable=${flash_deal_enable}&amp;sort=${sort}&amp;type_id=$neq&amp;type_id=${typeid}&amp;flash_deal_from=${flash_deal_from}&amp;flash_deal_from=${flash_deal_from_day}&amp;flash_deal_to=${flash_deal_to}&amp;flash_deal_to=${flash_deal_to_day}&amp;x_subject_id=${x_subject_id}&amp;visibility=${visibility}&amp;status=${status}</arg>
<arg>headers=${header}</arg>
<doc>Sends a GET request.</doc>
<msg timestamp="20210906 22:20:33.530" level="INFO">GET Request : url=https://www.officemate.co.th/api//search/productSection/en?is_flash_deal=1&amp;flash_deal_enable=1&amp;sort=flash_deal_position_asc&amp;type_id=$neq&amp;type_id=configurable&amp;flash_deal_from=$gteq&amp;flash_deal_from=2019-11-24+17:00:01&amp;flash_deal_to=$lteq&amp;flash_deal_to=2020-12-31+16:59:01&amp;x_subject_id=bDENtRlm1UchRTFGA3SP9MltOvCXnPff&amp;visibility=4&amp;status=1 
 path_url=/api//search/productSection/en?is_flash_deal=1&amp;flash_deal_enable=1&amp;sort=flash_deal_position_asc&amp;type_id=$neq&amp;type_id=configurable&amp;flash_deal_from=$gteq&amp;flash_deal_from=2019-11-24+17:00:01&amp;flash_deal_to=$lteq&amp;flash_deal_to=2020-12-31+16:59:01&amp;x_subject_id=bDENtRlm1UchRTFGA3SP9MltOvCXnPff&amp;visibility=4&amp;status=1 
 headers={'User-Agent': 'python-requests/2.26.0', 'Accept-Encoding': 'gzip, deflate', 'Accept': '*/*', 'Connection': 'keep-alive', 'cookie': 'utm_source=; utm_medium=; utm_campaign=; guest=bDENtRlm1UchRTFGA3SP9MltOvCXnPff; _fbp=fb.2.1629955397080.1027180985; _hjid=33c6dd2c-e604-4d7a-8768-72605534e6c3; scarab.visitor=%2270AAAA6936688C1F%22; scarab.profile=%22OFMY007899%7C1629956085%22; _HistorySearch=[%22kh%C3%B4ng%20t%E1%BB%93n%20t%E1%BA%A1i%22%2C%22samSUNG123%22%2C%22samsung%22%2C%22dsdsdsd%22%2C%22%E0%B9%84%E0%B8%A1%E0%B9%88%E0%B9%84%E0%B8%94%E0%B9%89%E0%B8%AD%E0%B8%A2%E0%B8%B9%E0%B9%88%E0%B9%84%E0%B8%A1%E0%B9%88%E0%B9%84%E0%B8%94%E0%B9%89%E0%B8%AD%E0%B8%A2%E0%B8%B9%E0%B9%88%E0%B9%84%E0%B8%A1%E0%B9%88%E0%B9%84%E0%B8%94%E0%B9%89%E0%B8%AD%E0%B8%A2%E0%B8%B9%E0%B9%88%E0%B9%84%E0%B8%A1%E0%B9%88%E0%B9%84%E0%B8%94%E0%B9%89%E0%B8%AD%E0%B8%A2%E0%B8%B9%E0%B9%88%22%2C%22%E0%B9%84%E0%B8%A1%E0%B9%88%E0%B9%84%E0%B8%94%E0%B9%89%E0%B8%AD%E0%B8%A2%E0%B8%B9%E0%B9%88%22%2C%22%20%20%20%22%2C%22zxcvnm%22%2C%22iphone%22%2C%22%E0%B9%80%E0%B8%84%E0%B9%89%E0%B8%81%22]; _gid=GA1.3.149523128.1630761915; AKA_A2=A; _hjAbsoluteSessionInProgress=0; RT="z=1&amp;dm=officemate.co.th&amp;si=35e03737-c8f6-497a-a2b6-196c4212a494&amp;ss=kt78gf14&amp;sl=2&amp;tt=c3d&amp;rl=1&amp;ul=bs6e&amp;hd=bstf"; originalLocation=https://www.officemate.co.th/en; lang=en; _ga=GA1.3.1422895306.1629955396; _gat_UA-12345-1=1; _gat_UA-11520015-17=1; _ga_HZ7YT7QQR1=GS1.1.1630850810.26.0.1630850810.0; _gat=2', 'x-newrelic-id': 'VQMOUF5SABAHVlRQAAIAVFc=', 'x-store-code': 'en'} 
 body=None 
 </msg>
<msg timestamp="20210906 22:20:33.530" level="INFO">GET Response : url=https://www.officemate.co.th/api//search/productSection/en?is_flash_deal=1&amp;flash_deal_enable=1&amp;sort=flash_deal_position_asc&amp;type_id=$neq&amp;type_id=configurable&amp;flash_deal_from=$gteq&amp;flash_deal_from=2019-11-24+17:00:01&amp;flash_deal_to=$lteq&amp;flash_deal_to=2020-12-31+16:59:01&amp;x_subject_id=bDENtRlm1UchRTFGA3SP9MltOvCXnPff&amp;visibility=4&amp;status=1 
 status=200, reason=OK 
 headers={'Content-Type': 'application/json; charset=utf-8', 'X-Powered-By': 'Express', 'x-frame-options': 'SAMEORIGIN', 'x-xss-protection': '1; mode=block', 'Cache-Control': 'public, max-age=120', 'ETag': 'W/"6fb4-eUyiRwkK9uin3YeYdVWgwo1SXMA"', 'Content-Encoding': 'gzip', 'Date': 'Mon, 06 Sep 2021 15:20:32 GMT', 'Content-Length': '5734', 'Connection': 'keep-alive', 'Vary': 'Accept-Encoding', 'Server-Timing': 'edge; dur=3, origin; dur=277, cdn-cache; desc=MISS'} 
 body={"products":{"total_count":1,"products":[{"id":22790,"type_id":"simple","name":"Brother MFC-J3930DW Multifunction Inkjet Black","brand_name":"Brother","small_image":"/O/F/OFM4004848.jpg","image":"/O/F/OFM4004848.jpg","thumbnail":"/O/F/OFM4004848.jpg","url_key":"brother-เครื่องปริ้นเตอร์มัลติฟังก์ชันอิงค์เจ็ท-brother-mfc-j3930dw-ofm4004848","attribute_set_id":542,"visibility":4,"status":1,"is_returnable":"2","category":[],"price":16990,"tier_prices":[{"price":16990,"original_price":16990,"customer_group_id":0,"is_discount":false},{"price":16990,"original_price":16990,"customer_group_id":1,"is_discount":false},{"price":16990,"original_price":16990,"customer_group_id":2,"is_discount":false},{"price":16990,"original_price":16990,"customer_group_id":3,"is_discount":false},{"price":16990,"original_price":16990,"customer_group_id":4,"is_discount":false},{"price":16990,"original_price":16990,"customer_group_id":5,"is_discount":false}],"special_price":16990,"special_from_date":"2021-08-30T00:00:00","stock":{"qty":0,"is_in_stock":false},"custom_attributes_option":[{"attribute_code":"small_image","value":"/O/F/OFM4004848.jpg","position":0},{"attribute_code":"special_from_date","value":"2021-08-30 00:00:00","position":0},{"attribute_code":"in_xml_sitemap","value":"Include in XML Sitemap","position":0},{"attribute_code":"swatch_image","value":"no_selection","position":0},{"attribute_code":"printer_connectivity_type","value":"USB 2.0, Wi-Fi, Mobile Print, NFC (Near Field Communication)","position":0},{"attribute_code":"online_from_date","value":"2018-12-29 09:00:00","position":0},{"attribute_code":"product_weight_kg_tf","value":"23.6 กก.","position":0},{"attribute_code":"visibility","value":4,"position":0},{"attribute_code":"copy_speed_bandw_txt","value":"12 แผ่น/นาที","position":0},{"attribute_code":"scanning_speed_color_txt","value":"2.7 วินาที (A4 Size, 100x100dpi)","position":0},{"attribute_code":"wifi_connect_able_yn","value":"Wi-fi Connect Able","position":0},{"attribute_code":"flash_deal_from","value":"2020-03-04 17:00:00","position":0},{"attribute_code":"print_speed_color_a3_txt","value":"No","position":0},{"attribute_code":"printer_tp_dp","value":"Multi-Function Inkjet Printer","position":0},{"attribute_code":"price_inc_tax","value":16990,"position":0},{"attribute_code":"online_price","value":13644.86,"position":0},{"attribute_code":"created_at","value":"2018-08-23 18:05:39","position":0},{"attribute_code":"installment_plans","value":["5"],"position":0},{"attribute_code":"special_price","value":16990,"position":0},{"attribute_code":"usb_direct_print_yn","value":"USB Direct-Print","position":0},{"attribute_code":"print_speed_color_a4_txt","value":"20 แผ่น/นาที (ISO Print Speed)","position":0},{"attribute_code":"cloud_support_printing_yn","value":"Cloud Support Printing","position":0},{"attribute_code":"unit","value":"EA","position":0},{"attribute_code":"printer_paper_size_txt","value":"Landscape Starndard Tray (#1): A4, Letter, Executive, B5 (JIS). Portrait Standard Tray (#1): A3, Ledger, B4 (JIS), Legal, Folio, A5, B6 (JIS), A6, Envelopes (C5, Com-10, DL, Mornarch), Photo (10 x 15cm), Photo L (9 x 13cm), Phot0 2L (13 x 18cm), Index Ca","position":0},{"attribute_code":"is_bestdeal","value":"Is Best Deal","position":0},{"attribute_code":"use_for_workplace_dp","value":"Small Workplace","position":0},{"attribute_code":"max_copy_txt","value":"99 สำเนา","position":0},{"attribute_code":"standard_color_dp","value":"Black","position":0},{"attribute_code":"printer_dimensions_w_d_h_txt","value":"57.5 x 47.7 x 37.45 ซม.","position":0},{"attribute_code":"online_price_enabled","value":"Online Price Enabled","position":0},{"attribute_code":"ts_dimensions_width","value":570,"position":0},{"attribute_code":"printer_color_able_yn","value":"System printing color","position":0},{"attribute_code":"shipment_group_id","value":"MKP_2022","position":0},{"attribute_code":"ofm_product_type","value":15,"position":0},{"attribute_code":"weight","value":28200,"position":0},{"attribute_code":"description","value":"* Multifunction Inkjet Printer  (Print/ Copy/ Scan/ Fax/ PC-Fax) \n* 3.7 inches Touch Panel LCD Disply Screen\n* Supporting to print on A3 size \n* Direct Print Mode makes you print via USB Flash Drive \n* Printing Resolutions : 1,200 x 4,800 dpi at the ink drop 1.5 Pico Litre\n* Printing Speed : Monochrome 35 paper sheets/min, colour 27 paper sheets/min \n* Copying Speed : Monochrome 12 copies/min, colour 9 copies/min\n* Scanning Resolution : 19,200 ? 19,200 dpi \n* Faxing Speed : 3 Sec./paper sheet and supporting on PC-Fax\n* Standard Memory Unit : 256 MB\n* Compatible Ink : LC-3619XL BK/C/M/Y","position":0},{"attribute_code":"online_price_inc_tax","value":14600,"position":0},{"attribute_code":"flash_deal_position","value":30,"position":0},{"attribute_code":"ts_dimensions_length","value":680,"position":0},{"attribute_code":"printer_lcd_display_txt","value":"3.7 In. TFT Colour Touchscreen","position":0},{"attribute_code":"online_to_date","value":"2019-01-20 08:59:00","position":0},{"attribute_code":"compatible_ink_txt","value":"LC-3617 BK / C / M / Y , LC-3619 XLBK / XLC / XLM / XLY","position":0},{"attribute_code":"copy_resolution_txt","value":"1,200 x 4,800 dpi","position":0},{"attribute_code":"ts_dimensions_height","value":495,"position":0},{"attribute_code":"borderless_printing_yn","value":"Borderless Printing","position":0},{"attribute_code":"updated_at","value":"2021-09-02 02:17:39","position":0},{"attribute_code":"printer_copy_able_yn","value":"Copy","position":0},{"attribute_code":"has_options","value":false,"position":0},{"attribute_code":"barcode","value":"4977766769990","position":0},{"attribute_code":"image","value":"/O/F/OFM4004848.jpg","position":0},{"attribute_code":"other_spacial_functions","value":"WiFi Print, Brother iPrint&amp;Scan, AirPrint, Mopria, Google Cloud Print","position":0},{"attribute_code":"printer_operation_system_txt","value":"Windows Vista® / Windows® 7 / Windows® 8 / Windows® 10 / Windows® Server 2008 / Windows® Server 2008 R2 / Windows® Server 2012 / Windows® Server 2012 R2 / OS X v10.9.5 / 10.10.x /10.11.x","position":0},{"attribute_code":"print_speed_bandw_a3_txt","value":"No","position":0},{"attribute_code":"warranty_tf","value":"2ปี","position":0},{"attribute_code":"scaning_function_txt","value":"No","position":0},{"attribute_code":"copy_speed_color_txt","value":"9 แผ่น/นาที","position":0},{"attribute_code":"price_discount","value":0,"position":0},{"attribute_code":"green_product","value":"Green Product","position":0},{"attribute_code":"status","value":"Enabled","position":0},{"attribute_code":"short_description","value":"* Multifunction Inkjet Printer  (Print/ Copy/ Scan/ Fax/ PC-Fax) \r\n* 3.7 inches Touch Panel LCD Disply Screen\r\n* Supporting to print on A3 size \r\n* Direct Print Mode makes you print via USB Flash Drive \r\n* Printing Resolutions : 1,200 x 4,800 dpi at the ink drop 1.5 Pico Litre\r\n* Printing Speed : Monochrome 35 paper sheets/min, colour 27 paper sheets/min \r\n* Copying Speed : Monochrome 12 copies/min, col\r\n","position":0},{"attribute_code":"flash_deal_enable","value":"Enable","position":0},{"attribute_code":"is_returnable","value":"2","position":0},{"attribute_code":"brand_name","value":"Brother","position":0},{"attribute_code":"meta_keyword","value":"Multifunction Inkjet Brother MFC-J3930DW ","position":0},{"attribute_code":"paper_tray_capacity_txt","value":"250 แผ่น + 250แผ่น (รองรับ A3)","position":0},{"attribute_code":"search_keywords","value":"Brother MFC-J3930DW Multifunction Inkjet Black มัลติฟังก์ชันอิงค์เจ็ท Brother MFC-J3930DW ดำ","position":0},{"attribute_code":"is_promotion","value":"Is Promotion","position":0},{"attribute_code":"special_price_inc_tax","value":16990,"position":0},{"attribute_code":"printer_print_able_yn","value":"Print","position":0},{"attribute_code":"printer_output_dp","value":"Color","position":0},{"attribute_code":"url_key","value":"brother-เครื่องปริ้นเตอร์มัลติฟังก์ชันอิงค์เจ็ท-brother-mfc-j3930dw-ofm4004848","values":["brother-เครื่องปริ้นเตอร์มัลติฟังก์ชันอิงค์เจ็ท-brother-mfc-j3930dw-ofm4004848"],"position":0},{"attribute_code":"printer_scan_able_yn","value":"Scan","position":0},{"attribute_code":"auto_doc_feeder_capacity_txt","value":"50","position":0},{"attribute_code":"delivery_surcharge_fee","value":218.49,"position":0},{"attribute_code":"product_group","value":"A","position":0},{"attribute_code":"flash_deal_to","value":"2020-03-08 16:59:00","position":0},{"attribute_code":"required_options","value":false,"position":0},{"attribute_code":"print_speed_bandw_a4_txt","value":"22 แผ่น/นาที (ISO Print Speed)","position":0},{"attribute_code":"options_container","value":"Block after Info Column","position":0},{"attribute_code":"tax_class_id","value":"Taxable Goods","position":0},{"attribute_code":"printer_fax_able_yn","value":"Fax","position":0},{"attribute_code":"flash_deal_qty","value":9999,"position":0},{"attribute_code":"thumbnail","value":"/O/F/OFM4004848.jpg","position":0},{"attribute_code":"mobile_phone_connect_able_yn","value":"Connect with Mobile Phone","position":0},{"attribute_code":"scanning_resolution_txt","value":"up to 19,200 x 19,200 dpi (Interpolated)","position":0},{"attribute_code":"max_print_resolution_dpi_txt","value":"1,200 x 4,800 dpi","position":0}],"custom_attributes":[{"attribute_code":"name","name":"name","label":"Product Name","value":"Brother MFC-J3930DW Multifunction Inkjet Black"},{"attribute_code":"image","name":"image","label":"Base","value":"/O/F/OFM4004848.jpg"},{"attribute_code":"small_image","name":"small_image","label":"Small","value":"/O/F/OFM4004848.jpg"},{"attribute_code":"thumbnail","name":"thumbnail","label":"Thumbnail","value":"/O/F/OFM4004848.jpg"},{"attribute_code":"options_container","name":"options_container","label":"Display Product Options In","value":"container2"},{"attribute_code":"url_key","name":"url_key","label":"URL Key","value":"brother-เครื่องปริ้นเตอร์มัลติฟังก์ชันอิงค์เจ็ท-brot... (set the log level to DEBUG or TRACE to see the full content) 
 </msg>
<msg timestamp="20210906 22:20:33.530" level="INFO">${resp} = &lt;Response [200]&gt;</msg>
<status status="PASS" starttime="20210906 22:20:32.640" endtime="20210906 22:20:33.530"/>
</kw>
<status status="PASS" starttime="20210906 22:20:32.633" endtime="20210906 22:20:33.530"/>
</kw>
<msg timestamp="20210906 22:20:33.530" level="INFO">${status} = PASS</msg>
<msg timestamp="20210906 22:20:33.530" level="INFO">${resp} = &lt;Response [200]&gt;</msg>
<status status="PASS" starttime="20210906 22:20:32.631" endtime="20210906 22:20:33.530"/>
</kw>
<kw name="Run Keyword If" library="BuiltIn">
<arg>'${status}'=='PASS'</arg>
<arg>Status Should Be</arg>
<arg>${response_code}</arg>
<arg>${resp}</arg>
<doc>Runs the given keyword with the given arguments, if ``condition`` is true.</doc>
<kw name="Status Should Be" library="RequestsLibrary">
<arg>${response_code}</arg>
<arg>${resp}</arg>
<doc>Fails if response status code is different than the expected.</doc>
<status status="PASS" starttime="20210906 22:20:33.530" endtime="20210906 22:20:33.540"/>
</kw>
<status status="PASS" starttime="20210906 22:20:33.530" endtime="20210906 22:20:33.540"/>
</kw>
<kw name="Run Keyword If" library="BuiltIn">
<arg>'${status}'=='FAIL'</arg>
<arg>Should Contain</arg>
<arg>${resp}</arg>
<arg>${response_code}</arg>
<doc>Runs the given keyword with the given arguments, if ``condition`` is true.</doc>
<status status="PASS" starttime="20210906 22:20:33.540" endtime="20210906 22:20:33.540"/>
</kw>
<status status="PASS" starttime="20210906 22:20:32.625" endtime="20210906 22:20:33.540"/>
</kw>
<status status="PASS" starttime="20210906 22:20:32.621" endtime="20210906 22:20:33.540"/>
</kw>
<status status="PASS" starttime="20210906 22:20:32.617" endtime="20210906 22:20:33.544"/>
</test>
<status status="PASS" starttime="20210906 22:20:28.525" endtime="20210906 22:20:33.546"/>
</suite>
<suite id="s1-s1-s2" name="Invalid Request Get Validation" source="C:\Users\Public\Documents\d\Offimate\OfficeMate\Testcases\API\invalid_request_get_validation.robot">
<test id="s1-s1-s2-t1" name="Get Request Test -Invalid Valid request">
<kw name="Get Request">
<arg>1</arg>
<arg>acb</arg>
<arg>flash_deal_position_asc</arg>
<arg>$neg</arg>
<arg>configurable</arg>
<arg>$gteq</arg>
<arg>2019-11-24+17:00:00</arg>
<arg>$lteq</arg>
<arg>2021-12-31+16:59:00</arg>
<arg>bDENtRlm1UchRTFGA3SP9MltOvCXnPff</arg>
<arg>4</arg>
<arg>1</arg>
<arg>utm_source=; utm_medium=; utm_campaign=; guest=bDENtRlm1UchRTFGA3SP9MltOvCXnPff; _fbp=fb.2.1629955397080.1027180985; _hjid=33c6dd2c-e604-4d7a-8768-72605534e6c3; scarab.visitor=%2270AAAA6936688C1F%22; scarab.profile=%22OFMY007899%7C1629956085%22; _HistorySearch=[%22kh%C3%B4ng%20t%E1%BB%93n%20t%E1%BA%A1i%22%2C%22samSUNG123%22%2C%22samsung%22%2C%22dsdsdsd%22%2C%22%E0%B9%84%E0%B8%A1%E0%B9%88%E0%B9%84%E0%B8%94%E0%B9%89%E0%B8%AD%E0%B8%A2%E0%B8%B9%E0%B9%88%E0%B9%84%E0%B8%A1%E0%B9%88%E0%B9%84%E0%B8%94%E0%B9%89%E0%B8%AD%E0%B8%A2%E0%B8%B9%E0%B9%88%E0%B9%84%E0%B8%A1%E0%B9%88%E0%B9%84%E0%B8%94%E0%B9%89%E0%B8%AD%E0%B8%A2%E0%B8%B9%E0%B9%88%E0%B9%84%E0%B8%A1%E0%B9%88%E0%B9%84%E0%B8%94%E0%B9%89%E0%B8%AD%E0%B8%A2%E0%B8%B9%E0%B9%88%22%2C%22%E0%B9%84%E0%B8%A1%E0%B9%88%E0%B9%84%E0%B8%94%E0%B9%89%E0%B8%AD%E0%B8%A2%E0%B8%B9%E0%B9%88%22%2C%22%20%20%20%22%2C%22zxcvnm%22%2C%22iphone%22%2C%22%E0%B9%80%E0%B8%84%E0%B9%89%E0%B8%81%22]; _gid=GA1.3.149523128.1630761915; AKA_A2=A; _hjAbsoluteSessionInProgress=0; RT="z=1&amp;dm=officemate.co.th&amp;si=35e03737-c8f6-497a-a2b6-196c4212a494&amp;ss=kt78gf14&amp;sl=2&amp;tt=c3d&amp;rl=1&amp;ul=bs6e&amp;hd=bstf"; originalLocation=https://www.officemate.co.th/en; lang=en; _ga=GA1.3.1422895306.1629955396; _gat_UA-12345-1=1; _gat_UA-11520015-17=1; _ga_HZ7YT7QQR1=GS1.1.1630850810.26.0.1630850810.0; _gat=1</arg>
<arg>VQMOUF5SABAHVlRQAAIAVFc=</arg>
<arg>en</arg>
<arg>404</arg>
<kw name="Post And Vaidation" library="post_request">
<arg>${is_flash_deal}</arg>
<arg>${flash_deal_enable}</arg>
<arg>${sort}</arg>
<arg>${type_id}</arg>
<arg>${typeid}</arg>
<arg>${flash_deal_from}</arg>
<arg>${flash_deal_from_day}</arg>
<arg>${flash_deal_to}</arg>
<arg>${flash_deal_to_day}</arg>
<arg>${x_subject_id}</arg>
<arg>${visibility}</arg>
<arg>${status}</arg>
<arg>${cookie}</arg>
<arg>${x-newrelic-id}</arg>
<arg>${x-store-code}</arg>
<arg>${api_url}</arg>
<arg>${response_code}</arg>
<kw name="Run Keyword And Ignore Error" library="BuiltIn">
<var>${status}</var>
<var>${resp}</var>
<arg>api_request.Post Request</arg>
<arg>${is_flash_deal}</arg>
<arg>${flash_deal_enable}</arg>
<arg>${sort}</arg>
<arg>${type_id}</arg>
<arg>${typeid}</arg>
<arg>${flash_deal_from}</arg>
<arg>${flash_deal_from_day}</arg>
<arg>${flash_deal_to}</arg>
<arg>${flash_deal_to_day}</arg>
<arg>${x_subject_id}</arg>
<arg>${visibility}</arg>
<arg>${status}</arg>
<arg>${cookie}</arg>
<arg>${x-newrelic-id}</arg>
<arg>${x-store-code}</arg>
<arg>${api_url}</arg>
<doc>Runs the given keyword with the given arguments and ignores possible error.</doc>
<kw name="Post Request" library="api_request">
<arg>${is_flash_deal}</arg>
<arg>${flash_deal_enable}</arg>
<arg>${sort}</arg>
<arg>${type_id}</arg>
<arg>${typeid}</arg>
<arg>${flash_deal_from}</arg>
<arg>${flash_deal_from_day}</arg>
<arg>${flash_deal_to}</arg>
<arg>${flash_deal_to_day}</arg>
<arg>${x_subject_id}</arg>
<arg>${visibility}</arg>
<arg>${status}</arg>
<arg>${cookie}</arg>
<arg>${x-newrelic-id}</arg>
<arg>${x-store-code}</arg>
<arg>${api_url}</arg>
<kw name="Create Dictionary" library="BuiltIn">
<var>${header}</var>
<arg>cookie=${cookie}</arg>
<arg>x-newrelic-id=${x-newrelic-id}</arg>
<arg>x-store-code=${x-store-code}</arg>
<doc>Creates and returns a dictionary based on the given ``items``.</doc>
<msg timestamp="20210906 22:20:33.690" level="INFO">${header} = {'cookie': 'utm_source=; utm_medium=; utm_campaign=; guest=bDENtRlm1UchRTFGA3SP9MltOvCXnPff; _fbp=fb.2.1629955397080.1027180985; _hjid=33c6dd2c-e604-4d7a-8768-72605534e6c3; scarab.visitor=%2270AAAA693...</msg>
<status status="PASS" starttime="20210906 22:20:33.690" endtime="20210906 22:20:33.690"/>
</kw>
<kw name="POST" library="RequestsLibrary">
<var>${resp}</var>
<arg>${api_url}/search/productSection/en</arg>
<arg>params=is_flash_deal=${is_flash_deal}&amp;flash_deal_enable=${flash_deal_enable}&amp;sort=${sort}&amp;type_id=$neq&amp;type_id=${typeid}&amp;flash_deal_from=${flash_deal_from}&amp;flash_deal_from=${flash_deal_from_day}&amp;flash_deal_to=${flash_deal_to}&amp;flash_deal_to=${flash_deal_to_day}&amp;x_subject_id=${x_subject_id}&amp;visibility=${visibility}&amp;status=${status}</arg>
<arg>headers=${header}</arg>
<doc>Sends a POST request.</doc>
<msg timestamp="20210906 22:20:34.353" level="INFO">POST Request : url=https://www.officemate.co.th/api//search/productSection/en?is_flash_deal=1&amp;flash_deal_enable=acb&amp;sort=flash_deal_position_asc&amp;type_id=$neq&amp;type_id=configurable&amp;flash_deal_from=$gteq&amp;flash_deal_from=2019-11-24+17:00:00&amp;flash_deal_to=$lteq&amp;flash_deal_to=2021-12-31+16:59:00&amp;x_subject_id=bDENtRlm1UchRTFGA3SP9MltOvCXnPff&amp;visibility=4&amp;status=1 
 path_url=/api//search/productSection/en?is_flash_deal=1&amp;flash_deal_enable=acb&amp;sort=flash_deal_position_asc&amp;type_id=$neq&amp;type_id=configurable&amp;flash_deal_from=$gteq&amp;flash_deal_from=2019-11-24+17:00:00&amp;flash_deal_to=$lteq&amp;flash_deal_to=2021-12-31+16:59:00&amp;x_subject_id=bDENtRlm1UchRTFGA3SP9MltOvCXnPff&amp;visibility=4&amp;status=1 
 headers={'User-Agent': 'python-requests/2.26.0', 'Accept-Encoding': 'gzip, deflate', 'Accept': '*/*', 'Connection': 'keep-alive', 'cookie': 'utm_source=; utm_medium=; utm_campaign=; guest=bDENtRlm1UchRTFGA3SP9MltOvCXnPff; _fbp=fb.2.1629955397080.1027180985; _hjid=33c6dd2c-e604-4d7a-8768-72605534e6c3; scarab.visitor=%2270AAAA6936688C1F%22; scarab.profile=%22OFMY007899%7C1629956085%22; _HistorySearch=[%22kh%C3%B4ng%20t%E1%BB%93n%20t%E1%BA%A1i%22%2C%22samSUNG123%22%2C%22samsung%22%2C%22dsdsdsd%22%2C%22%E0%B9%84%E0%B8%A1%E0%B9%88%E0%B9%84%E0%B8%94%E0%B9%89%E0%B8%AD%E0%B8%A2%E0%B8%B9%E0%B9%88%E0%B9%84%E0%B8%A1%E0%B9%88%E0%B9%84%E0%B8%94%E0%B9%89%E0%B8%AD%E0%B8%A2%E0%B8%B9%E0%B9%88%E0%B9%84%E0%B8%A1%E0%B9%88%E0%B9%84%E0%B8%94%E0%B9%89%E0%B8%AD%E0%B8%A2%E0%B8%B9%E0%B9%88%E0%B9%84%E0%B8%A1%E0%B9%88%E0%B9%84%E0%B8%94%E0%B9%89%E0%B8%AD%E0%B8%A2%E0%B8%B9%E0%B9%88%22%2C%22%E0%B9%84%E0%B8%A1%E0%B9%88%E0%B9%84%E0%B8%94%E0%B9%89%E0%B8%AD%E0%B8%A2%E0%B8%B9%E0%B9%88%22%2C%22%20%20%20%22%2C%22zxcvnm%22%2C%22iphone%22%2C%22%E0%B9%80%E0%B8%84%E0%B9%89%E0%B8%81%22]; _gid=GA1.3.149523128.1630761915; AKA_A2=A; _hjAbsoluteSessionInProgress=0; RT="z=1&amp;dm=officemate.co.th&amp;si=35e03737-c8f6-497a-a2b6-196c4212a494&amp;ss=kt78gf14&amp;sl=2&amp;tt=c3d&amp;rl=1&amp;ul=bs6e&amp;hd=bstf"; originalLocation=https://www.officemate.co.th/en; lang=en; _ga=GA1.3.1422895306.1629955396; _gat_UA-12345-1=1; _gat_UA-11520015-17=1; _ga_HZ7YT7QQR1=GS1.1.1630850810.26.0.1630850810.0; _gat=1', 'x-newrelic-id': 'VQMOUF5SABAHVlRQAAIAVFc=', 'x-store-code': 'en', 'Content-Length': '0'} 
 body=None 
 </msg>
<msg timestamp="20210906 22:20:34.353" level="INFO">POST Response : url=https://www.officemate.co.th/api//search/productSection/en?is_flash_deal=1&amp;flash_deal_enable=acb&amp;sort=flash_deal_position_asc&amp;type_id=$neq&amp;type_id=configurable&amp;flash_deal_from=$gteq&amp;flash_deal_from=2019-11-24+17:00:00&amp;flash_deal_to=$lteq&amp;flash_deal_to=2021-12-31+16:59:00&amp;x_subject_id=bDENtRlm1UchRTFGA3SP9MltOvCXnPff&amp;visibility=4&amp;status=1 
 status=404, reason=Not Found 
 headers={'Content-Type': 'text/html; charset=utf-8', 'Content-Length': '168', 'X-Powered-By': 'Express', 'x-frame-options': 'SAMEORIGIN', 'x-xss-protection': '1; mode=block', 'Content-Security-Policy': "default-src 'none'", 'X-Content-Type-Options': 'nosniff', 'Date': 'Mon, 06 Sep 2021 15:20:33 GMT', 'Connection': 'close', 'Server-Timing': 'cdn-cache; desc=MISS, edge; dur=36, origin; dur=7'} 
 body=&lt;!DOCTYPE html&gt;
&lt;html lang="en"&gt;
&lt;head&gt;
&lt;meta charset="utf-8"&gt;
&lt;title&gt;Error&lt;/title&gt;
&lt;/head&gt;
&lt;body&gt;
&lt;pre&gt;Cannot POST /api/search/productSection/en&lt;/pre&gt;
&lt;/body&gt;
&lt;/html&gt;
 
 </msg>
<msg timestamp="20210906 22:20:34.362" level="FAIL">HTTPError: 404 Client Error: Not Found for url: https://www.officemate.co.th/api//search/productSection/en?is_flash_deal=1&amp;flash_deal_enable=acb&amp;sort=flash_deal_position_asc&amp;type_id=$neq&amp;type_id=configurable&amp;flash_deal_from=$gteq&amp;flash_deal_from=2019-11-24+17:00:00&amp;flash_deal_to=$lteq&amp;flash_deal_to=2021-12-31+16:59:00&amp;x_subject_id=bDENtRlm1UchRTFGA3SP9MltOvCXnPff&amp;visibility=4&amp;status=1</msg>
<status status="FAIL" starttime="20210906 22:20:33.690" endtime="20210906 22:20:34.362"/>
</kw>
<status status="FAIL" starttime="20210906 22:20:33.690" endtime="20210906 22:20:34.362"/>
</kw>
<msg timestamp="20210906 22:20:34.362" level="INFO">${status} = FAIL</msg>
<msg timestamp="20210906 22:20:34.362" level="INFO">${resp} = HTTPError: 404 Client Error: Not Found for url: https://www.officemate.co.th/api//search/productSection/en?is_flash_deal=1&amp;flash_deal_enable=acb&amp;sort=flash_deal_position_asc&amp;type_id=$neq&amp;type_id=confi...</msg>
<status status="PASS" starttime="20210906 22:20:33.690" endtime="20210906 22:20:34.362"/>
</kw>
<kw name="Run Keyword If" library="BuiltIn">
<arg>'${status}'=='PASS'</arg>
<arg>Status Should Be</arg>
<arg>${resp}</arg>
<arg>${response_code}</arg>
<doc>Runs the given keyword with the given arguments, if ``condition`` is true.</doc>
<status status="PASS" starttime="20210906 22:20:34.362" endtime="20210906 22:20:34.370"/>
</kw>
<kw name="Run Keyword If" library="BuiltIn">
<arg>'${status}'=='FAIL'</arg>
<arg>Should Contain</arg>
<arg>${resp}</arg>
<arg>${response_code}</arg>
<doc>Runs the given keyword with the given arguments, if ``condition`` is true.</doc>
<kw name="Should Contain" library="BuiltIn">
<arg>${resp}</arg>
<arg>${response_code}</arg>
<doc>Fails if ``container`` does not contain ``item`` one or more times.</doc>
<status status="PASS" starttime="20210906 22:20:34.370" endtime="20210906 22:20:34.370"/>
</kw>
<status status="PASS" starttime="20210906 22:20:34.370" endtime="20210906 22:20:34.370"/>
</kw>
<status status="PASS" starttime="20210906 22:20:33.690" endtime="20210906 22:20:34.370"/>
</kw>
<status status="PASS" starttime="20210906 22:20:33.689" endtime="20210906 22:20:34.370"/>
</kw>
<status status="PASS" starttime="20210906 22:20:33.686" endtime="20210906 22:20:34.376"/>
</test>
<test id="s1-s1-s2-t2" name="Get Request Test -Invalid Valid request">
<kw name="Get Request">
<arg>1</arg>
<arg>1</arg>
<arg>1</arg>
<arg>$neg</arg>
<arg>configurable</arg>
<arg>$gteq</arg>
<arg>2019-11-24+17:00:00</arg>
<arg>$lteq</arg>
<arg>2021-12-31+16:59:00</arg>
<arg>bDENtRlm1UchRTFGA3SP9MltOvCXnPff</arg>
<arg>4</arg>
<arg>1</arg>
<arg>utm_source=; utm_medium=; utm_campaign=; guest=bDENtRlm1UchRTFGA3SP9MltOvCXnPff; _fbp=fb.2.1629955397080.1027180985; _hjid=33c6dd2c-e604-4d7a-8768-72605534e6c3; scarab.visitor=%2270AAAA6936688C1F%22; scarab.profile=%22OFMY007899%7C1629956085%22; _HistorySearch=[%22kh%C3%B4ng%20t%E1%BB%93n%20t%E1%BA%A1i%22%2C%22samSUNG123%22%2C%22samsung%22%2C%22dsdsdsd%22%2C%22%E0%B9%84%E0%B8%A1%E0%B9%88%E0%B9%84%E0%B8%94%E0%B9%89%E0%B8%AD%E0%B8%A2%E0%B8%B9%E0%B9%88%E0%B9%84%E0%B8%A1%E0%B9%88%E0%B9%84%E0%B8%94%E0%B9%89%E0%B8%AD%E0%B8%A2%E0%B8%B9%E0%B9%88%E0%B9%84%E0%B8%A1%E0%B9%88%E0%B9%84%E0%B8%94%E0%B9%89%E0%B8%AD%E0%B8%A2%E0%B8%B9%E0%B9%88%E0%B9%84%E0%B8%A1%E0%B9%88%E0%B9%84%E0%B8%94%E0%B9%89%E0%B8%AD%E0%B8%A2%E0%B8%B9%E0%B9%88%22%2C%22%E0%B9%84%E0%B8%A1%E0%B9%88%E0%B9%84%E0%B8%94%E0%B9%89%E0%B8%AD%E0%B8%A2%E0%B8%B9%E0%B9%88%22%2C%22%20%20%20%22%2C%22zxcvnm%22%2C%22iphone%22%2C%22%E0%B9%80%E0%B8%84%E0%B9%89%E0%B8%81%22]; _gid=GA1.3.149523128.1630761915; AKA_A2=A; _hjAbsoluteSessionInProgress=0; RT="z=1&amp;dm=officemate.co.th&amp;si=35e03737-c8f6-497a-a2b6-196c4212a494&amp;ss=kt78gf14&amp;sl=2&amp;tt=c3d&amp;rl=1&amp;ul=bs6e&amp;hd=bstf"; originalLocation=https://www.officemate.co.th/en; lang=en; _ga=GA1.3.1422895306.1629955396; _gat_UA-12345-1=1; _gat_UA-11520015-17=1; _ga_HZ7YT7QQR1=GS1.1.1630850810.26.0.1630850810.0; _gat=1</arg>
<arg>VQMOUF5SABAHVlRQAAIAVFc=</arg>
<arg>en</arg>
<arg>404</arg>
<kw name="Post And Vaidation" library="post_request">
<arg>${is_flash_deal}</arg>
<arg>${flash_deal_enable}</arg>
<arg>${sort}</arg>
<arg>${type_id}</arg>
<arg>${typeid}</arg>
<arg>${flash_deal_from}</arg>
<arg>${flash_deal_from_day}</arg>
<arg>${flash_deal_to}</arg>
<arg>${flash_deal_to_day}</arg>
<arg>${x_subject_id}</arg>
<arg>${visibility}</arg>
<arg>${status}</arg>
<arg>${cookie}</arg>
<arg>${x-newrelic-id}</arg>
<arg>${x-store-code}</arg>
<arg>${api_url}</arg>
<arg>${response_code}</arg>
<kw name="Run Keyword And Ignore Error" library="BuiltIn">
<var>${status}</var>
<var>${resp}</var>
<arg>api_request.Post Request</arg>
<arg>${is_flash_deal}</arg>
<arg>${flash_deal_enable}</arg>
<arg>${sort}</arg>
<arg>${type_id}</arg>
<arg>${typeid}</arg>
<arg>${flash_deal_from}</arg>
<arg>${flash_deal_from_day}</arg>
<arg>${flash_deal_to}</arg>
<arg>${flash_deal_to_day}</arg>
<arg>${x_subject_id}</arg>
<arg>${visibility}</arg>
<arg>${status}</arg>
<arg>${cookie}</arg>
<arg>${x-newrelic-id}</arg>
<arg>${x-store-code}</arg>
<arg>${api_url}</arg>
<doc>Runs the given keyword with the given arguments and ignores possible error.</doc>
<kw name="Post Request" library="api_request">
<arg>${is_flash_deal}</arg>
<arg>${flash_deal_enable}</arg>
<arg>${sort}</arg>
<arg>${type_id}</arg>
<arg>${typeid}</arg>
<arg>${flash_deal_from}</arg>
<arg>${flash_deal_from_day}</arg>
<arg>${flash_deal_to}</arg>
<arg>${flash_deal_to_day}</arg>
<arg>${x_subject_id}</arg>
<arg>${visibility}</arg>
<arg>${status}</arg>
<arg>${cookie}</arg>
<arg>${x-newrelic-id}</arg>
<arg>${x-store-code}</arg>
<arg>${api_url}</arg>
<kw name="Create Dictionary" library="BuiltIn">
<var>${header}</var>
<arg>cookie=${cookie}</arg>
<arg>x-newrelic-id=${x-newrelic-id}</arg>
<arg>x-store-code=${x-store-code}</arg>
<doc>Creates and returns a dictionary based on the given ``items``.</doc>
<msg timestamp="20210906 22:20:34.403" level="INFO">${header} = {'cookie': 'utm_source=; utm_medium=; utm_campaign=; guest=bDENtRlm1UchRTFGA3SP9MltOvCXnPff; _fbp=fb.2.1629955397080.1027180985; _hjid=33c6dd2c-e604-4d7a-8768-72605534e6c3; scarab.visitor=%2270AAAA693...</msg>
<status status="PASS" starttime="20210906 22:20:34.403" endtime="20210906 22:20:34.403"/>
</kw>
<kw name="POST" library="RequestsLibrary">
<var>${resp}</var>
<arg>${api_url}/search/productSection/en</arg>
<arg>params=is_flash_deal=${is_flash_deal}&amp;flash_deal_enable=${flash_deal_enable}&amp;sort=${sort}&amp;type_id=$neq&amp;type_id=${typeid}&amp;flash_deal_from=${flash_deal_from}&amp;flash_deal_from=${flash_deal_from_day}&amp;flash_deal_to=${flash_deal_to}&amp;flash_deal_to=${flash_deal_to_day}&amp;x_subject_id=${x_subject_id}&amp;visibility=${visibility}&amp;status=${status}</arg>
<arg>headers=${header}</arg>
<doc>Sends a POST request.</doc>
<msg timestamp="20210906 22:20:34.617" level="INFO">POST Request : url=https://www.officemate.co.th/api//search/productSection/en?is_flash_deal=1&amp;flash_deal_enable=1&amp;sort=1&amp;type_id=$neq&amp;type_id=configurable&amp;flash_deal_from=$gteq&amp;flash_deal_from=2019-11-24+17:00:00&amp;flash_deal_to=$lteq&amp;flash_deal_to=2021-12-31+16:59:00&amp;x_subject_id=bDENtRlm1UchRTFGA3SP9MltOvCXnPff&amp;visibility=4&amp;status=1 
 path_url=/api//search/productSection/en?is_flash_deal=1&amp;flash_deal_enable=1&amp;sort=1&amp;type_id=$neq&amp;type_id=configurable&amp;flash_deal_from=$gteq&amp;flash_deal_from=2019-11-24+17:00:00&amp;flash_deal_to=$lteq&amp;flash_deal_to=2021-12-31+16:59:00&amp;x_subject_id=bDENtRlm1UchRTFGA3SP9MltOvCXnPff&amp;visibility=4&amp;status=1 
 headers={'User-Agent': 'python-requests/2.26.0', 'Accept-Encoding': 'gzip, deflate', 'Accept': '*/*', 'Connection': 'keep-alive', 'cookie': 'utm_source=; utm_medium=; utm_campaign=; guest=bDENtRlm1UchRTFGA3SP9MltOvCXnPff; _fbp=fb.2.1629955397080.1027180985; _hjid=33c6dd2c-e604-4d7a-8768-72605534e6c3; scarab.visitor=%2270AAAA6936688C1F%22; scarab.profile=%22OFMY007899%7C1629956085%22; _HistorySearch=[%22kh%C3%B4ng%20t%E1%BB%93n%20t%E1%BA%A1i%22%2C%22samSUNG123%22%2C%22samsung%22%2C%22dsdsdsd%22%2C%22%E0%B9%84%E0%B8%A1%E0%B9%88%E0%B9%84%E0%B8%94%E0%B9%89%E0%B8%AD%E0%B8%A2%E0%B8%B9%E0%B9%88%E0%B9%84%E0%B8%A1%E0%B9%88%E0%B9%84%E0%B8%94%E0%B9%89%E0%B8%AD%E0%B8%A2%E0%B8%B9%E0%B9%88%E0%B9%84%E0%B8%A1%E0%B9%88%E0%B9%84%E0%B8%94%E0%B9%89%E0%B8%AD%E0%B8%A2%E0%B8%B9%E0%B9%88%E0%B9%84%E0%B8%A1%E0%B9%88%E0%B9%84%E0%B8%94%E0%B9%89%E0%B8%AD%E0%B8%A2%E0%B8%B9%E0%B9%88%22%2C%22%E0%B9%84%E0%B8%A1%E0%B9%88%E0%B9%84%E0%B8%94%E0%B9%89%E0%B8%AD%E0%B8%A2%E0%B8%B9%E0%B9%88%22%2C%22%20%20%20%22%2C%22zxcvnm%22%2C%22iphone%22%2C%22%E0%B9%80%E0%B8%84%E0%B9%89%E0%B8%81%22]; _gid=GA1.3.149523128.1630761915; AKA_A2=A; _hjAbsoluteSessionInProgress=0; RT="z=1&amp;dm=officemate.co.th&amp;si=35e03737-c8f6-497a-a2b6-196c4212a494&amp;ss=kt78gf14&amp;sl=2&amp;tt=c3d&amp;rl=1&amp;ul=bs6e&amp;hd=bstf"; originalLocation=https://www.officemate.co.th/en; lang=en; _ga=GA1.3.1422895306.1629955396; _gat_UA-12345-1=1; _gat_UA-11520015-17=1; _ga_HZ7YT7QQR1=GS1.1.1630850810.26.0.1630850810.0; _gat=1', 'x-newrelic-id': 'VQMOUF5SABAHVlRQAAIAVFc=', 'x-store-code': 'en', 'Content-Length': '0'} 
 body=None 
 </msg>
<msg timestamp="20210906 22:20:34.617" level="INFO">POST Response : url=https://www.officemate.co.th/api//search/productSection/en?is_flash_deal=1&amp;flash_deal_enable=1&amp;sort=1&amp;type_id=$neq&amp;type_id=configurable&amp;flash_deal_from=$gteq&amp;flash_deal_from=2019-11-24+17:00:00&amp;flash_deal_to=$lteq&amp;flash_deal_to=2021-12-31+16:59:00&amp;x_subject_id=bDENtRlm1UchRTFGA3SP9MltOvCXnPff&amp;visibility=4&amp;status=1 
 status=404, reason=Not Found 
 headers={'Content-Type': 'text/html; charset=utf-8', 'Content-Length': '168', 'X-Powered-By': 'Express', 'x-frame-options': 'SAMEORIGIN', 'x-xss-protection': '1; mode=block', 'Content-Security-Policy': "default-src 'none'", 'X-Content-Type-Options': 'nosniff', 'Date': 'Mon, 06 Sep 2021 15:20:33 GMT', 'Connection': 'close', 'Server-Timing': 'edge; dur=5, origin; dur=40, cdn-cache; desc=MISS'} 
 body=&lt;!DOCTYPE html&gt;
&lt;html lang="en"&gt;
&lt;head&gt;
&lt;meta charset="utf-8"&gt;
&lt;title&gt;Error&lt;/title&gt;
&lt;/head&gt;
&lt;body&gt;
&lt;pre&gt;Cannot POST /api/search/productSection/en&lt;/pre&gt;
&lt;/body&gt;
&lt;/html&gt;
 
 </msg>
<msg timestamp="20210906 22:20:34.622" level="FAIL">HTTPError: 404 Client Error: Not Found for url: https://www.officemate.co.th/api//search/productSection/en?is_flash_deal=1&amp;flash_deal_enable=1&amp;sort=1&amp;type_id=$neq&amp;type_id=configurable&amp;flash_deal_from=$gteq&amp;flash_deal_from=2019-11-24+17:00:00&amp;flash_deal_to=$lteq&amp;flash_deal_to=2021-12-31+16:59:00&amp;x_subject_id=bDENtRlm1UchRTFGA3SP9MltOvCXnPff&amp;visibility=4&amp;status=1</msg>
<status status="FAIL" starttime="20210906 22:20:34.403" endtime="20210906 22:20:34.622"/>
</kw>
<status status="FAIL" starttime="20210906 22:20:34.403" endtime="20210906 22:20:34.622"/>
</kw>
<msg timestamp="20210906 22:20:34.622" level="INFO">${status} = FAIL</msg>
<msg timestamp="20210906 22:20:34.622" level="INFO">${resp} = HTTPError: 404 Client Error: Not Found for url: https://www.officemate.co.th/api//search/productSection/en?is_flash_deal=1&amp;flash_deal_enable=1&amp;sort=1&amp;type_id=$neq&amp;type_id=configurable&amp;flash_deal_from=...</msg>
<status status="PASS" starttime="20210906 22:20:34.403" endtime="20210906 22:20:34.622"/>
</kw>
<kw name="Run Keyword If" library="BuiltIn">
<arg>'${status}'=='PASS'</arg>
<arg>Status Should Be</arg>
<arg>${resp}</arg>
<arg>${response_code}</arg>
<doc>Runs the given keyword with the given arguments, if ``condition`` is true.</doc>
<status status="PASS" starttime="20210906 22:20:34.622" endtime="20210906 22:20:34.630"/>
</kw>
<kw name="Run Keyword If" library="BuiltIn">
<arg>'${status}'=='FAIL'</arg>
<arg>Should Contain</arg>
<arg>${resp}</arg>
<arg>${response_code}</arg>
<doc>Runs the given keyword with the given arguments, if ``condition`` is true.</doc>
<kw name="Should Contain" library="BuiltIn">
<arg>${resp}</arg>
<arg>${response_code}</arg>
<doc>Fails if ``container`` does not contain ``item`` one or more times.</doc>
<status status="PASS" starttime="20210906 22:20:34.630" endtime="20210906 22:20:34.630"/>
</kw>
<status status="PASS" starttime="20210906 22:20:34.630" endtime="20210906 22:20:34.630"/>
</kw>
<status status="PASS" starttime="20210906 22:20:34.397" endtime="20210906 22:20:34.630"/>
</kw>
<status status="PASS" starttime="20210906 22:20:34.392" endtime="20210906 22:20:34.630"/>
</kw>
<status status="PASS" starttime="20210906 22:20:34.383" endtime="20210906 22:20:34.637"/>
</test>
<test id="s1-s1-s2-t3" name="Get Request Test -Invalid Valid request">
<kw name="Get Request">
<arg>1</arg>
<arg>1</arg>
<arg>1</arg>
<arg>configurable</arg>
<arg>2019-11-24+17:00:00</arg>
<arg>2021-12-31+16:59:00</arg>
<arg>bDENtRlm1UchRTFGA3SP9MltOvCXnPff</arg>
<arg>4</arg>
<arg>1</arg>
<arg>utm_source=; utm_medium=; utm_campaign=; guest=bDENtRlm1UchRTFGA3SP9MltOvCXnPff; _fbp=fb.2.1629955397080.1027180985; _hjid=33c6dd2c-e604-4d7a-8768-72605534e6c3; scarab.visitor=%2270AAAA6936688C1F%22; scarab.profile=%22OFMY007899%7C1629956085%22; _HistorySearch=[%22kh%C3%B4ng%20t%E1%BB%93n%20t%E1%BA%A1i%22%2C%22samSUNG123%22%2C%22samsung%22%2C%22dsdsdsd%22%2C%22%E0%B9%84%E0%B8%A1%E0%B9%88%E0%B9%84%E0%B8%94%E0%B9%89%E0%B8%AD%E0%B8%A2%E0%B8%B9%E0%B9%88%E0%B9%84%E0%B8%A1%E0%B9%88%E0%B9%84%E0%B8%94%E0%B9%89%E0%B8%AD%E0%B8%A2%E0%B8%B9%E0%B9%88%E0%B9%84%E0%B8%A1%E0%B9%88%E0%B9%84%E0%B8%94%E0%B9%89%E0%B8%AD%E0%B8%A2%E0%B8%B9%E0%B9%88%E0%B9%84%E0%B8%A1%E0%B9%88%E0%B9%84%E0%B8%94%E0%B9%89%E0%B8%AD%E0%B8%A2%E0%B8%B9%E0%B9%88%22%2C%22%E0%B9%84%E0%B8%A1%E0%B9%88%E0%B9%84%E0%B8%94%E0%B9%89%E0%B8%AD%E0%B8%A2%E0%B8%B9%E0%B9%88%22%2C%22%20%20%20%22%2C%22zxcvnm%22%2C%22iphone%22%2C%22%E0%B9%80%E0%B8%84%E0%B9%89%E0%B8%81%22]; _gid=GA1.3.149523128.1630761915; AKA_A2=A; _hjAbsoluteSessionInProgress=0; RT="z=1&amp;dm=officemate.co.th&amp;si=35e03737-c8f6-497a-a2b6-196c4212a494&amp;ss=kt78gf14&amp;sl=2&amp;tt=c3d&amp;rl=1&amp;ul=bs6e&amp;hd=bstf"; originalLocation=https://www.officemate.co.th/en; lang=en; _ga=GA1.3.1422895306.1629955396; _gat_UA-12345-1=1; _gat_UA-11520015-17=1; _ga_HZ7YT7QQR1=GS1.1.1630850810.26.0.1630850810.0; _gat=1</arg>
<arg>VQMOUF5SABAHVlRQAAIAVFc=</arg>
<arg>en</arg>
<arg>404</arg>
<kw name="Post And Vaidation" library="post_request">
<arg>${is_flash_deal}</arg>
<arg>${flash_deal_enable}</arg>
<arg>${sort}</arg>
<arg>${type_id}</arg>
<arg>${typeid}</arg>
<arg>${flash_deal_from}</arg>
<arg>${flash_deal_from_day}</arg>
<arg>${flash_deal_to}</arg>
<arg>${flash_deal_to_day}</arg>
<arg>${x_subject_id}</arg>
<arg>${visibility}</arg>
<arg>${status}</arg>
<arg>${cookie}</arg>
<arg>${x-newrelic-id}</arg>
<arg>${x-store-code}</arg>
<arg>${api_url}</arg>
<arg>${response_code}</arg>
<kw name="Run Keyword And Ignore Error" library="BuiltIn">
<var>${status}</var>
<var>${resp}</var>
<arg>api_request.Post Request</arg>
<arg>${is_flash_deal}</arg>
<arg>${flash_deal_enable}</arg>
<arg>${sort}</arg>
<arg>${type_id}</arg>
<arg>${typeid}</arg>
<arg>${flash_deal_from}</arg>
<arg>${flash_deal_from_day}</arg>
<arg>${flash_deal_to}</arg>
<arg>${flash_deal_to_day}</arg>
<arg>${x_subject_id}</arg>
<arg>${visibility}</arg>
<arg>${status}</arg>
<arg>${cookie}</arg>
<arg>${x-newrelic-id}</arg>
<arg>${x-store-code}</arg>
<arg>${api_url}</arg>
<doc>Runs the given keyword with the given arguments and ignores possible error.</doc>
<kw name="Post Request" library="api_request">
<arg>${is_flash_deal}</arg>
<arg>${flash_deal_enable}</arg>
<arg>${sort}</arg>
<arg>${type_id}</arg>
<arg>${typeid}</arg>
<arg>${flash_deal_from}</arg>
<arg>${flash_deal_from_day}</arg>
<arg>${flash_deal_to}</arg>
<arg>${flash_deal_to_day}</arg>
<arg>${x_subject_id}</arg>
<arg>${visibility}</arg>
<arg>${status}</arg>
<arg>${cookie}</arg>
<arg>${x-newrelic-id}</arg>
<arg>${x-store-code}</arg>
<arg>${api_url}</arg>
<kw name="Create Dictionary" library="BuiltIn">
<var>${header}</var>
<arg>cookie=${cookie}</arg>
<arg>x-newrelic-id=${x-newrelic-id}</arg>
<arg>x-store-code=${x-store-code}</arg>
<doc>Creates and returns a dictionary based on the given ``items``.</doc>
<msg timestamp="20210906 22:20:34.710" level="INFO">${header} = {'cookie': 'utm_source=; utm_medium=; utm_campaign=; guest=bDENtRlm1UchRTFGA3SP9MltOvCXnPff; _fbp=fb.2.1629955397080.1027180985; _hjid=33c6dd2c-e604-4d7a-8768-72605534e6c3; scarab.visitor=%2270AAAA693...</msg>
<status status="PASS" starttime="20210906 22:20:34.702" endtime="20210906 22:20:34.710"/>
</kw>
<kw name="POST" library="RequestsLibrary">
<var>${resp}</var>
<arg>${api_url}/search/productSection/en</arg>
<arg>params=is_flash_deal=${is_flash_deal}&amp;flash_deal_enable=${flash_deal_enable}&amp;sort=${sort}&amp;type_id=$neq&amp;type_id=${typeid}&amp;flash_deal_from=${flash_deal_from}&amp;flash_deal_from=${flash_deal_from_day}&amp;flash_deal_to=${flash_deal_to}&amp;flash_deal_to=${flash_deal_to_day}&amp;x_subject_id=${x_subject_id}&amp;visibility=${visibility}&amp;status=${status}</arg>
<arg>headers=${header}</arg>
<doc>Sends a POST request.</doc>
<msg timestamp="20210906 22:20:35.578" level="INFO">POST Request : url=https://www.officemate.co.th/api//search/productSection/en?is_flash_deal=1&amp;flash_deal_enable=1&amp;sort=1&amp;type_id=$neq&amp;type_id=configurable&amp;flash_deal_from=&amp;flash_deal_from=2019-11-24+17:00:00&amp;flash_deal_to=&amp;flash_deal_to=2021-12-31+16:59:00&amp;x_subject_id=bDENtRlm1UchRTFGA3SP9MltOvCXnPff&amp;visibility=4&amp;status=1 
 path_url=/api//search/productSection/en?is_flash_deal=1&amp;flash_deal_enable=1&amp;sort=1&amp;type_id=$neq&amp;type_id=configurable&amp;flash_deal_from=&amp;flash_deal_from=2019-11-24+17:00:00&amp;flash_deal_to=&amp;flash_deal_to=2021-12-31+16:59:00&amp;x_subject_id=bDENtRlm1UchRTFGA3SP9MltOvCXnPff&amp;visibility=4&amp;status=1 
 headers={'User-Agent': 'python-requests/2.26.0', 'Accept-Encoding': 'gzip, deflate', 'Accept': '*/*', 'Connection': 'keep-alive', 'cookie': 'utm_source=; utm_medium=; utm_campaign=; guest=bDENtRlm1UchRTFGA3SP9MltOvCXnPff; _fbp=fb.2.1629955397080.1027180985; _hjid=33c6dd2c-e604-4d7a-8768-72605534e6c3; scarab.visitor=%2270AAAA6936688C1F%22; scarab.profile=%22OFMY007899%7C1629956085%22; _HistorySearch=[%22kh%C3%B4ng%20t%E1%BB%93n%20t%E1%BA%A1i%22%2C%22samSUNG123%22%2C%22samsung%22%2C%22dsdsdsd%22%2C%22%E0%B9%84%E0%B8%A1%E0%B9%88%E0%B9%84%E0%B8%94%E0%B9%89%E0%B8%AD%E0%B8%A2%E0%B8%B9%E0%B9%88%E0%B9%84%E0%B8%A1%E0%B9%88%E0%B9%84%E0%B8%94%E0%B9%89%E0%B8%AD%E0%B8%A2%E0%B8%B9%E0%B9%88%E0%B9%84%E0%B8%A1%E0%B9%88%E0%B9%84%E0%B8%94%E0%B9%89%E0%B8%AD%E0%B8%A2%E0%B8%B9%E0%B9%88%E0%B9%84%E0%B8%A1%E0%B9%88%E0%B9%84%E0%B8%94%E0%B9%89%E0%B8%AD%E0%B8%A2%E0%B8%B9%E0%B9%88%22%2C%22%E0%B9%84%E0%B8%A1%E0%B9%88%E0%B9%84%E0%B8%94%E0%B9%89%E0%B8%AD%E0%B8%A2%E0%B8%B9%E0%B9%88%22%2C%22%20%20%20%22%2C%22zxcvnm%22%2C%22iphone%22%2C%22%E0%B9%80%E0%B8%84%E0%B9%89%E0%B8%81%22]; _gid=GA1.3.149523128.1630761915; AKA_A2=A; _hjAbsoluteSessionInProgress=0; RT="z=1&amp;dm=officemate.co.th&amp;si=35e03737-c8f6-497a-a2b6-196c4212a494&amp;ss=kt78gf14&amp;sl=2&amp;tt=c3d&amp;rl=1&amp;ul=bs6e&amp;hd=bstf"; originalLocation=https://www.officemate.co.th/en; lang=en; _ga=GA1.3.1422895306.1629955396; _gat_UA-12345-1=1; _gat_UA-11520015-17=1; _ga_HZ7YT7QQR1=GS1.1.1630850810.26.0.1630850810.0; _gat=1', 'x-newrelic-id': 'VQMOUF5SABAHVlRQAAIAVFc=', 'x-store-code': 'en', 'Content-Length': '0'} 
 body=None 
 </msg>
<msg timestamp="20210906 22:20:35.578" level="INFO">POST Response : url=https://www.officemate.co.th/api//search/productSection/en?is_flash_deal=1&amp;flash_deal_enable=1&amp;sort=1&amp;type_id=$neq&amp;type_id=configurable&amp;flash_deal_from=&amp;flash_deal_from=2019-11-24+17:00:00&amp;flash_deal_to=&amp;flash_deal_to=2021-12-31+16:59:00&amp;x_subject_id=bDENtRlm1UchRTFGA3SP9MltOvCXnPff&amp;visibility=4&amp;status=1 
 status=404, reason=Not Found 
 headers={'Content-Type': 'text/html; charset=utf-8', 'Content-Length': '168', 'X-Powered-By': 'Express', 'x-frame-options': 'SAMEORIGIN', 'x-xss-protection': '1; mode=block', 'Content-Security-Policy': "default-src 'none'", 'X-Content-Type-Options': 'nosniff', 'Date': 'Mon, 06 Sep 2021 15:20:34 GMT', 'Connection': 'close', 'Server-Timing': 'cdn-cache; desc=MISS, edge; dur=36, origin; dur=5'} 
 body=&lt;!DOCTYPE html&gt;
&lt;html lang="en"&gt;
&lt;head&gt;
&lt;meta charset="utf-8"&gt;
&lt;title&gt;Error&lt;/title&gt;
&lt;/head&gt;
&lt;body&gt;
&lt;pre&gt;Cannot POST /api/search/productSection/en&lt;/pre&gt;
&lt;/body&gt;
&lt;/html&gt;
 
 </msg>
<msg timestamp="20210906 22:20:35.578" level="FAIL">HTTPError: 404 Client Error: Not Found for url: https://www.officemate.co.th/api//search/productSection/en?is_flash_deal=1&amp;flash_deal_enable=1&amp;sort=1&amp;type_id=$neq&amp;type_id=configurable&amp;flash_deal_from=&amp;flash_deal_from=2019-11-24+17:00:00&amp;flash_deal_to=&amp;flash_deal_to=2021-12-31+16:59:00&amp;x_subject_id=bDENtRlm1UchRTFGA3SP9MltOvCXnPff&amp;visibility=4&amp;status=1</msg>
<status status="FAIL" starttime="20210906 22:20:34.710" endtime="20210906 22:20:35.578"/>
</kw>
<status status="FAIL" starttime="20210906 22:20:34.667" endtime="20210906 22:20:35.578"/>
</kw>
<msg timestamp="20210906 22:20:35.578" level="INFO">${status} = FAIL</msg>
<msg timestamp="20210906 22:20:35.578" level="INFO">${resp} = HTTPError: 404 Client Error: Not Found for url: https://www.officemate.co.th/api//search/productSection/en?is_flash_deal=1&amp;flash_deal_enable=1&amp;sort=1&amp;type_id=$neq&amp;type_id=configurable&amp;flash_deal_from=...</msg>
<status status="PASS" starttime="20210906 22:20:34.667" endtime="20210906 22:20:35.578"/>
</kw>
<kw name="Run Keyword If" library="BuiltIn">
<arg>'${status}'=='PASS'</arg>
<arg>Status Should Be</arg>
<arg>${resp}</arg>
<arg>${response_code}</arg>
<doc>Runs the given keyword with the given arguments, if ``condition`` is true.</doc>
<status status="PASS" starttime="20210906 22:20:35.578" endtime="20210906 22:20:35.578"/>
</kw>
<kw name="Run Keyword If" library="BuiltIn">
<arg>'${status}'=='FAIL'</arg>
<arg>Should Contain</arg>
<arg>${resp}</arg>
<arg>${response_code}</arg>
<doc>Runs the given keyword with the given arguments, if ``condition`` is true.</doc>
<kw name="Should Contain" library="BuiltIn">
<arg>${resp}</arg>
<arg>${response_code}</arg>
<doc>Fails if ``container`` does not contain ``item`` one or more times.</doc>
<status status="PASS" starttime="20210906 22:20:35.578" endtime="20210906 22:20:35.578"/>
</kw>
<status status="PASS" starttime="20210906 22:20:35.578" endtime="20210906 22:20:35.578"/>
</kw>
<status status="PASS" starttime="20210906 22:20:34.662" endtime="20210906 22:20:35.578"/>
</kw>
<status status="PASS" starttime="20210906 22:20:34.653" endtime="20210906 22:20:35.578"/>
</kw>
<status status="PASS" starttime="20210906 22:20:34.645" endtime="20210906 22:20:35.586"/>
</test>
<test id="s1-s1-s2-t4" name="Get Request Test -Invalid Valid request">
<kw name="Get Request">
<arg>xcc</arg>
<arg>1</arg>
<arg>ws</arg>
<arg>$rt</arg>
<arg>configurable</arg>
<arg>2019-11-24+17:00:01</arg>
<arg>$lteq</arg>
<arg>2021-12-31+16:59:01</arg>
<arg>bDENtRlm1UchRTFGA3SP9MltOvCXnPff</arg>
<arg>4</arg>
<arg>1</arg>
<arg>VQMOUF5SABAHVlRQAAIAVFc=</arg>
<arg>en</arg>
<arg>404</arg>
<kw name="Post And Vaidation" library="post_request">
<arg>${is_flash_deal}</arg>
<arg>${flash_deal_enable}</arg>
<arg>${sort}</arg>
<arg>${type_id}</arg>
<arg>${typeid}</arg>
<arg>${flash_deal_from}</arg>
<arg>${flash_deal_from_day}</arg>
<arg>${flash_deal_to}</arg>
<arg>${flash_deal_to_day}</arg>
<arg>${x_subject_id}</arg>
<arg>${visibility}</arg>
<arg>${status}</arg>
<arg>${cookie}</arg>
<arg>${x-newrelic-id}</arg>
<arg>${x-store-code}</arg>
<arg>${api_url}</arg>
<arg>${response_code}</arg>
<kw name="Run Keyword And Ignore Error" library="BuiltIn">
<var>${status}</var>
<var>${resp}</var>
<arg>api_request.Post Request</arg>
<arg>${is_flash_deal}</arg>
<arg>${flash_deal_enable}</arg>
<arg>${sort}</arg>
<arg>${type_id}</arg>
<arg>${typeid}</arg>
<arg>${flash_deal_from}</arg>
<arg>${flash_deal_from_day}</arg>
<arg>${flash_deal_to}</arg>
<arg>${flash_deal_to_day}</arg>
<arg>${x_subject_id}</arg>
<arg>${visibility}</arg>
<arg>${status}</arg>
<arg>${cookie}</arg>
<arg>${x-newrelic-id}</arg>
<arg>${x-store-code}</arg>
<arg>${api_url}</arg>
<doc>Runs the given keyword with the given arguments and ignores possible error.</doc>
<kw name="Post Request" library="api_request">
<arg>${is_flash_deal}</arg>
<arg>${flash_deal_enable}</arg>
<arg>${sort}</arg>
<arg>${type_id}</arg>
<arg>${typeid}</arg>
<arg>${flash_deal_from}</arg>
<arg>${flash_deal_from_day}</arg>
<arg>${flash_deal_to}</arg>
<arg>${flash_deal_to_day}</arg>
<arg>${x_subject_id}</arg>
<arg>${visibility}</arg>
<arg>${status}</arg>
<arg>${cookie}</arg>
<arg>${x-newrelic-id}</arg>
<arg>${x-store-code}</arg>
<arg>${api_url}</arg>
<kw name="Create Dictionary" library="BuiltIn">
<var>${header}</var>
<arg>cookie=${cookie}</arg>
<arg>x-newrelic-id=${x-newrelic-id}</arg>
<arg>x-store-code=${x-store-code}</arg>
<doc>Creates and returns a dictionary based on the given ``items``.</doc>
<msg timestamp="20210906 22:20:35.596" level="INFO">${header} = {'cookie': '', 'x-newrelic-id': 'VQMOUF5SABAHVlRQAAIAVFc=', 'x-store-code': 'en'}</msg>
<status status="PASS" starttime="20210906 22:20:35.596" endtime="20210906 22:20:35.596"/>
</kw>
<kw name="POST" library="RequestsLibrary">
<var>${resp}</var>
<arg>${api_url}/search/productSection/en</arg>
<arg>params=is_flash_deal=${is_flash_deal}&amp;flash_deal_enable=${flash_deal_enable}&amp;sort=${sort}&amp;type_id=$neq&amp;type_id=${typeid}&amp;flash_deal_from=${flash_deal_from}&amp;flash_deal_from=${flash_deal_from_day}&amp;flash_deal_to=${flash_deal_to}&amp;flash_deal_to=${flash_deal_to_day}&amp;x_subject_id=${x_subject_id}&amp;visibility=${visibility}&amp;status=${status}</arg>
<arg>headers=${header}</arg>
<doc>Sends a POST request.</doc>
<msg timestamp="20210906 22:20:35.973" level="INFO">POST Request : url=https://www.officemate.co.th/api//search/productSection/en?is_flash_deal=xcc&amp;flash_deal_enable=1&amp;sort=ws&amp;type_id=$neq&amp;type_id=configurable&amp;flash_deal_from=&amp;flash_deal_from=2019-11-24+17:00:01&amp;flash_deal_to=$lteq&amp;flash_deal_to=2021-12-31+16:59:01&amp;x_subject_id=bDENtRlm1UchRTFGA3SP9MltOvCXnPff&amp;visibility=4&amp;status=1 
 path_url=/api//search/productSection/en?is_flash_deal=xcc&amp;flash_deal_enable=1&amp;sort=ws&amp;type_id=$neq&amp;type_id=configurable&amp;flash_deal_from=&amp;flash_deal_from=2019-11-24+17:00:01&amp;flash_deal_to=$lteq&amp;flash_deal_to=2021-12-31+16:59:01&amp;x_subject_id=bDENtRlm1UchRTFGA3SP9MltOvCXnPff&amp;visibility=4&amp;status=1 
 headers={'User-Agent': 'python-requests/2.26.0', 'Accept-Encoding': 'gzip, deflate', 'Accept': '*/*', 'Connection': 'keep-alive', 'cookie': '', 'x-newrelic-id': 'VQMOUF5SABAHVlRQAAIAVFc=', 'x-store-code': 'en', 'Content-Length': '0'} 
 body=None 
 </msg>
<msg timestamp="20210906 22:20:35.973" level="INFO">POST Response : url=https://www.officemate.co.th/api//search/productSection/en?is_flash_deal=xcc&amp;flash_deal_enable=1&amp;sort=ws&amp;type_id=$neq&amp;type_id=configurable&amp;flash_deal_from=&amp;flash_deal_from=2019-11-24+17:00:01&amp;flash_deal_to=$lteq&amp;flash_deal_to=2021-12-31+16:59:01&amp;x_subject_id=bDENtRlm1UchRTFGA3SP9MltOvCXnPff&amp;visibility=4&amp;status=1 
 status=404, reason=Not Found 
 headers={'Content-Type': 'text/html; charset=utf-8', 'Content-Length': '168', 'X-Powered-By': 'Express', 'x-frame-options': 'SAMEORIGIN', 'x-xss-protection': '1; mode=block', 'Content-Security-Policy': "default-src 'none'", 'X-Content-Type-Options': 'nosniff', 'Date': 'Mon, 06 Sep 2021 15:20:34 GMT', 'Connection': 'close', 'Server-Timing': 'cdn-cache; desc=MISS, edge; dur=99, origin; dur=5'} 
 body=&lt;!DOCTYPE html&gt;
&lt;html lang="en"&gt;
&lt;head&gt;
&lt;meta charset="utf-8"&gt;
&lt;title&gt;Error&lt;/title&gt;
&lt;/head&gt;
&lt;body&gt;
&lt;pre&gt;Cannot POST /api/search/productSection/en&lt;/pre&gt;
&lt;/body&gt;
&lt;/html&gt;
 
 </msg>
<msg timestamp="20210906 22:20:35.973" level="FAIL">HTTPError: 404 Client Error: Not Found for url: https://www.officemate.co.th/api//search/productSection/en?is_flash_deal=xcc&amp;flash_deal_enable=1&amp;sort=ws&amp;type_id=$neq&amp;type_id=configurable&amp;flash_deal_from=&amp;flash_deal_from=2019-11-24+17:00:01&amp;flash_deal_to=$lteq&amp;flash_deal_to=2021-12-31+16:59:01&amp;x_subject_id=bDENtRlm1UchRTFGA3SP9MltOvCXnPff&amp;visibility=4&amp;status=1</msg>
<status status="FAIL" starttime="20210906 22:20:35.596" endtime="20210906 22:20:35.973"/>
</kw>
<status status="FAIL" starttime="20210906 22:20:35.592" endtime="20210906 22:20:35.982"/>
</kw>
<msg timestamp="20210906 22:20:35.982" level="INFO">${status} = FAIL</msg>
<msg timestamp="20210906 22:20:35.982" level="INFO">${resp} = HTTPError: 404 Client Error: Not Found for url: https://www.officemate.co.th/api//search/productSection/en?is_flash_deal=xcc&amp;flash_deal_enable=1&amp;sort=ws&amp;type_id=$neq&amp;type_id=configurable&amp;flash_deal_fr...</msg>
<status status="PASS" starttime="20210906 22:20:35.592" endtime="20210906 22:20:35.982"/>
</kw>
<kw name="Run Keyword If" library="BuiltIn">
<arg>'${status}'=='PASS'</arg>
<arg>Status Should Be</arg>
<arg>${resp}</arg>
<arg>${response_code}</arg>
<doc>Runs the given keyword with the given arguments, if ``condition`` is true.</doc>
<status status="PASS" starttime="20210906 22:20:35.982" endtime="20210906 22:20:35.982"/>
</kw>
<kw name="Run Keyword If" library="BuiltIn">
<arg>'${status}'=='FAIL'</arg>
<arg>Should Contain</arg>
<arg>${resp}</arg>
<arg>${response_code}</arg>
<doc>Runs the given keyword with the given arguments, if ``condition`` is true.</doc>
<kw name="Should Contain" library="BuiltIn">
<arg>${resp}</arg>
<arg>${response_code}</arg>
<doc>Fails if ``container`` does not contain ``item`` one or more times.</doc>
<status status="PASS" starttime="20210906 22:20:35.982" endtime="20210906 22:20:35.982"/>
</kw>
<status status="PASS" starttime="20210906 22:20:35.982" endtime="20210906 22:20:35.982"/>
</kw>
<status status="PASS" starttime="20210906 22:20:35.592" endtime="20210906 22:20:35.982"/>
</kw>
<status status="PASS" starttime="20210906 22:20:35.591" endtime="20210906 22:20:35.982"/>
</kw>
<status status="PASS" starttime="20210906 22:20:35.589" endtime="20210906 22:20:35.990"/>
</test>
<test id="s1-s1-s2-t5" name="Get Request Test -Invalid Valid request">
<kw name="Get Request">
<arg>1</arg>
<arg>1</arg>
<arg>flash_deal_position_asc</arg>
<arg>$neg</arg>
<arg>config</arg>
<arg>$gteq</arg>
<arg>acb</arg>
<arg>$lteq</arg>
<arg>2021-12-31+16:59:02</arg>
<arg>bDENtRlm1UchRTFGA3SP9MltOvCXnPff</arg>
<arg>4</arg>
<arg>1</arg>
<arg>%E0%B9%88%22%2C</arg>
<arg>VQMOUF5SABAHVlRQAAIAVFc=</arg>
<arg>bn</arg>
<arg>404</arg>
<kw name="Post And Vaidation" library="post_request">
<arg>${is_flash_deal}</arg>
<arg>${flash_deal_enable}</arg>
<arg>${sort}</arg>
<arg>${type_id}</arg>
<arg>${typeid}</arg>
<arg>${flash_deal_from}</arg>
[...]
</kw>
<kw name="Format String" library="String">
<var>${price}</var>
<arg>${price}</arg>
<arg>param=${product_name}</arg>
<doc>Formats a ``template`` using the given ``positional`` and ``named`` arguments.</doc>
<msg timestamp="20210906 22:21:23.190" level="INFO">${price} = xpath://h3[normalize-space()='Anitech SGR-1600 Electric Grill And Hotpot']/ancestor::div[@class='ERPfP']/following-sibling::div//div[contains(@id,'lbl-ProductList-Price')]</msg>
<status status="PASS" starttime="20210906 22:21:23.190" endtime="20210906 22:21:23.190"/>
</kw>
<kw name="Element Should Be Visible" library="SeleniumLibrary">
<arg>${product_item_name}</arg>
<doc>Verifies that the element identified by ``locator`` is visible.</doc>
<msg timestamp="20210906 22:21:23.475" level="INFO">Element 'xpath://a[normalize-space()='Anitech SGR-1600 Electric Grill And Hotpot']' is displayed.</msg>
<status status="PASS" starttime="20210906 22:21:23.190" endtime="20210906 22:21:23.475"/>
</kw>
<kw name="Element Should Be Visible" library="SeleniumLibrary">
<arg>${sku}</arg>
<doc>Verifies that the element identified by ``locator`` is visible.</doc>
<msg timestamp="20210906 22:21:23.781" level="INFO">Element 'xpath://div[normalize-space()='OFM0009935']' is displayed.</msg>
<status status="PASS" starttime="20210906 22:21:23.476" endtime="20210906 22:21:23.781"/>
</kw>
<status status="PASS" starttime="20210906 22:21:23.183" endtime="20210906 22:21:23.782"/>
</kw>
<kw name="Verify Cart Button And Star Rate Should Be Displayed Below Each Product Item" library="Home">
<arg>${product_name}</arg>
<kw name="Format String" library="String">
<var>${add_to_cart_button}</var>
<arg>${add_to_cart_button}</arg>
<arg>param=${product_name}</arg>
<doc>Formats a ``template`` using the given ``positional`` and ``named`` arguments.</doc>
<msg timestamp="20210906 22:21:23.787" level="INFO">${add_to_cart_button} = xpath://a[normalize-space()='Anitech SGR-1600 Electric Grill And Hotpot']//ancestor::div[@class='ERPfP']//following-sibling::div[@class='ERPfP']//div[contains(@id,'btn-addCart')]/span</msg>
<status status="PASS" starttime="20210906 22:21:23.782" endtime="20210906 22:21:23.787"/>
</kw>
<kw name="Format String" library="String">
<var>${star_rate}</var>
<arg>${star_rate}</arg>
<arg>param=${product_name}</arg>
<doc>Formats a ``template`` using the given ``positional`` and ``named`` arguments.</doc>
<msg timestamp="20210906 22:21:23.787" level="INFO">${star_rate} = xpath://a[normalize-space()='Anitech SGR-1600 Electric Grill And Hotpot']//ancestor::div[@class='ERPfP']//following-sibling::div[@class='ERPfP']/div[@id='pnl-starRating']</msg>
<status status="PASS" starttime="20210906 22:21:23.787" endtime="20210906 22:21:23.789"/>
</kw>
<status status="PASS" starttime="20210906 22:21:23.782" endtime="20210906 22:21:23.789"/>
</kw>
<status status="PASS" starttime="20210906 22:21:23.172" endtime="20210906 22:21:23.789"/>
</iter>
<iter>
<var name="${i}">3</var>
<kw name="Set Variable" library="BuiltIn">
<var>${product_name}</var>
<arg>${product_info}[${i}][name]</arg>
<doc>Returns the given values which can then be assigned to a variables.</doc>
<msg timestamp="20210906 22:21:23.790" level="INFO">${product_name} = Furradec Office Chair Alexa Black</msg>
<status status="PASS" starttime="20210906 22:21:23.790" endtime="20210906 22:21:23.790"/>
</kw>
<kw name="Set Variable" library="BuiltIn">
<var>${sku}</var>
<arg>${product_info}[${i}][sku]</arg>
<doc>Returns the given values which can then be assigned to a variables.</doc>
<msg timestamp="20210906 22:21:23.790" level="INFO">${sku} = OFMA012876</msg>
<status status="PASS" starttime="20210906 22:21:23.790" endtime="20210906 22:21:23.790"/>
</kw>
<kw name="Convert To Number" library="BuiltIn">
<var>${price}</var>
<arg>${product_info}[${i}][tier_prices][0][price]</arg>
<arg>2</arg>
<doc>Converts the given item to a floating point number.</doc>
<msg timestamp="20210906 22:21:23.790" level="INFO">${price} = 998.99</msg>
<status status="PASS" starttime="20210906 22:21:23.790" endtime="20210906 22:21:23.790"/>
</kw>
<kw name="Verify Product Infor" library="Home">
<arg>${product_name}</arg>
<arg>${sku}</arg>
<arg>${price}</arg>
<kw name="Format String" library="String">
<var>${product_item_name}</var>
<arg>${product_item_name}</arg>
<arg>param=${product_name}</arg>
<doc>Formats a ``template`` using the given ``positional`` and ``named`` arguments.</doc>
<msg timestamp="20210906 22:21:23.799" level="INFO">${product_item_name} = xpath://a[normalize-space()='Furradec Office Chair Alexa Black']</msg>
<status status="PASS" starttime="20210906 22:21:23.799" endtime="20210906 22:21:23.799"/>
</kw>
<kw name="Format String" library="String">
<var>${sku}</var>
<arg>${sku}</arg>
<arg>param=${sku_name}</arg>
<doc>Formats a ``template`` using the given ``positional`` and ``named`` arguments.</doc>
<msg timestamp="20210906 22:21:23.803" level="INFO">${sku} = xpath://div[normalize-space()='OFMA012876']</msg>
<status status="PASS" starttime="20210906 22:21:23.802" endtime="20210906 22:21:23.803"/>
</kw>
<kw name="Format String" library="String">
<var>${price}</var>
<arg>${price}</arg>
<arg>param=${product_name}</arg>
<doc>Formats a ``template`` using the given ``positional`` and ``named`` arguments.</doc>
<msg timestamp="20210906 22:21:23.803" level="INFO">${price} = xpath://h3[normalize-space()='Furradec Office Chair Alexa Black']/ancestor::div[@class='ERPfP']/following-sibling::div//div[contains(@id,'lbl-ProductList-Price')]</msg>
<status status="PASS" starttime="20210906 22:21:23.803" endtime="20210906 22:21:23.803"/>
</kw>
<kw name="Element Should Be Visible" library="SeleniumLibrary">
<arg>${product_item_name}</arg>
<doc>Verifies that the element identified by ``locator`` is visible.</doc>
<msg timestamp="20210906 22:21:24.090" level="INFO">Element 'xpath://a[normalize-space()='Furradec Office Chair Alexa Black']' is displayed.</msg>
<status status="PASS" starttime="20210906 22:21:23.803" endtime="20210906 22:21:24.090"/>
</kw>
<kw name="Element Should Be Visible" library="SeleniumLibrary">
<arg>${sku}</arg>
<doc>Verifies that the element identified by ``locator`` is visible.</doc>
<msg timestamp="20210906 22:21:24.409" level="INFO">Element 'xpath://div[normalize-space()='OFMA012876']' is displayed.</msg>
<status status="PASS" starttime="20210906 22:21:24.090" endtime="20210906 22:21:24.409"/>
</kw>
<status status="PASS" starttime="20210906 22:21:23.790" endtime="20210906 22:21:24.409"/>
</kw>
<kw name="Verify Cart Button And Star Rate Should Be Displayed Below Each Product Item" library="Home">
<arg>${product_name}</arg>
<kw name="Format String" library="String">
<var>${add_to_cart_button}</var>
<arg>${add_to_cart_button}</arg>
<arg>param=${product_name}</arg>
<doc>Formats a ``template`` using the given ``positional`` and ``named`` arguments.</doc>
<msg timestamp="20210906 22:21:24.415" level="INFO">${add_to_cart_button} = xpath://a[normalize-space()='Furradec Office Chair Alexa Black']//ancestor::div[@class='ERPfP']//following-sibling::div[@class='ERPfP']//div[contains(@id,'btn-addCart')]/span</msg>
<status status="PASS" starttime="20210906 22:21:24.409" endtime="20210906 22:21:24.415"/>
</kw>
<kw name="Format String" library="String">
<var>${star_rate}</var>
<arg>${star_rate}</arg>
<arg>param=${product_name}</arg>
<doc>Formats a ``template`` using the given ``positional`` and ``named`` arguments.</doc>
<msg timestamp="20210906 22:21:24.415" level="INFO">${star_rate} = xpath://a[normalize-space()='Furradec Office Chair Alexa Black']//ancestor::div[@class='ERPfP']//following-sibling::div[@class='ERPfP']/div[@id='pnl-starRating']</msg>
<status status="PASS" starttime="20210906 22:21:24.415" endtime="20210906 22:21:24.415"/>
</kw>
<status status="PASS" starttime="20210906 22:21:24.409" endtime="20210906 22:21:24.418"/>
</kw>
<status status="PASS" starttime="20210906 22:21:23.789" endtime="20210906 22:21:24.418"/>
</iter>
<iter>
<var name="${i}">4</var>
<kw name="Set Variable" library="BuiltIn">
<var>${product_name}</var>
<arg>${product_info}[${i}][name]</arg>
<doc>Returns the given values which can then be assigned to a variables.</doc>
<msg timestamp="20210906 22:21:24.421" level="INFO">${product_name} = Office Chair Black Furradec Ployly</msg>
<status status="PASS" starttime="20210906 22:21:24.419" endtime="20210906 22:21:24.421"/>
</kw>
<kw name="Set Variable" library="BuiltIn">
<var>${sku}</var>
<arg>${product_info}[${i}][sku]</arg>
<doc>Returns the given values which can then be assigned to a variables.</doc>
<msg timestamp="20210906 22:21:24.421" level="INFO">${sku} = OFMA011031</msg>
<status status="PASS" starttime="20210906 22:21:24.421" endtime="20210906 22:21:24.421"/>
</kw>
<kw name="Convert To Number" library="BuiltIn">
<var>${price}</var>
<arg>${product_info}[${i}][tier_prices][0][price]</arg>
<arg>2</arg>
<doc>Converts the given item to a floating point number.</doc>
<msg timestamp="20210906 22:21:24.421" level="INFO">${price} = 1449.0</msg>
<status status="PASS" starttime="20210906 22:21:24.421" endtime="20210906 22:21:24.421"/>
</kw>
<kw name="Verify Product Infor" library="Home">
<arg>${product_name}</arg>
<arg>${sku}</arg>
<arg>${price}</arg>
<kw name="Format String" library="String">
<var>${product_item_name}</var>
<arg>${product_item_name}</arg>
<arg>param=${product_name}</arg>
<doc>Formats a ``template`` using the given ``positional`` and ``named`` arguments.</doc>
<msg timestamp="20210906 22:21:24.421" level="INFO">${product_item_name} = xpath://a[normalize-space()='Office Chair Black Furradec Ployly']</msg>
<status status="PASS" starttime="20210906 22:21:24.421" endtime="20210906 22:21:24.421"/>
</kw>
<kw name="Format String" library="String">
<var>${sku}</var>
<arg>${sku}</arg>
<arg>param=${sku_name}</arg>
<doc>Formats a ``template`` using the given ``positional`` and ``named`` arguments.</doc>
<msg timestamp="20210906 22:21:24.429" level="INFO">${sku} = xpath://div[normalize-space()='OFMA011031']</msg>
<status status="PASS" starttime="20210906 22:21:24.429" endtime="20210906 22:21:24.429"/>
</kw>
<kw name="Format String" library="String">
<var>${price}</var>
<arg>${price}</arg>
<arg>param=${product_name}</arg>
<doc>Formats a ``template`` using the given ``positional`` and ``named`` arguments.</doc>
<msg timestamp="20210906 22:21:24.433" level="INFO">${price} = xpath://h3[normalize-space()='Office Chair Black Furradec Ployly']/ancestor::div[@class='ERPfP']/following-sibling::div//div[contains(@id,'lbl-ProductList-Price')]</msg>
<status status="PASS" starttime="20210906 22:21:24.431" endtime="20210906 22:21:24.433"/>
</kw>
<kw name="Element Should Be Visible" library="SeleniumLibrary">
<arg>${product_item_name}</arg>
<doc>Verifies that the element identified by ``locator`` is visible.</doc>
<msg timestamp="20210906 22:21:24.710" level="INFO">Element 'xpath://a[normalize-space()='Office Chair Black Furradec Ployly']' is displayed.</msg>
<status status="PASS" starttime="20210906 22:21:24.433" endtime="20210906 22:21:24.710"/>
</kw>
<kw name="Element Should Be Visible" library="SeleniumLibrary">
<arg>${sku}</arg>
<doc>Verifies that the element identified by ``locator`` is visible.</doc>
<msg timestamp="20210906 22:21:24.976" level="INFO">Element 'xpath://div[normalize-space()='OFMA011031']' is displayed.</msg>
<status status="PASS" starttime="20210906 22:21:24.710" endtime="20210906 22:21:24.976"/>
</kw>
<status status="PASS" starttime="20210906 22:21:24.421" endtime="20210906 22:21:24.977"/>
</kw>
<kw name="Verify Cart Button And Star Rate Should Be Displayed Below Each Product Item" library="Home">
<arg>${product_name}</arg>
<kw name="Format String" library="String">
<var>${add_to_cart_button}</var>
<arg>${add_to_cart_button}</arg>
<arg>param=${product_name}</arg>
<doc>Formats a ``template`` using the given ``positional`` and ``named`` arguments.</doc>
<msg timestamp="20210906 22:21:24.983" level="INFO">${add_to_cart_button} = xpath://a[normalize-space()='Office Chair Black Furradec Ployly']//ancestor::div[@class='ERPfP']//following-sibling::div[@class='ERPfP']//div[contains(@id,'btn-addCart')]/span</msg>
<status status="PASS" starttime="20210906 22:21:24.981" endtime="20210906 22:21:24.984"/>
</kw>
<kw name="Format String" library="String">
<var>${star_rate}</var>
<arg>${star_rate}</arg>
<arg>param=${product_name}</arg>
<doc>Formats a ``template`` using the given ``positional`` and ``named`` arguments.</doc>
<msg timestamp="20210906 22:21:24.984" level="INFO">${star_rate} = xpath://a[normalize-space()='Office Chair Black Furradec Ployly']//ancestor::div[@class='ERPfP']//following-sibling::div[@class='ERPfP']/div[@id='pnl-starRating']</msg>
<status status="PASS" starttime="20210906 22:21:24.984" endtime="20210906 22:21:24.984"/>
</kw>
<status status="PASS" starttime="20210906 22:21:24.978" endtime="20210906 22:21:24.984"/>
</kw>
<status status="PASS" starttime="20210906 22:21:24.419" endtime="20210906 22:21:24.984"/>
</iter>
<iter>
<var name="${i}">5</var>
<kw name="Set Variable" library="BuiltIn">
<var>${product_name}</var>
<arg>${product_info}[${i}][name]</arg>
<doc>Returns the given values which can then be assigned to a variables.</doc>
<msg timestamp="20210906 22:21:24.984" level="INFO">${product_name} = Air Purfier 2H EU</msg>
<status status="PASS" starttime="20210906 22:21:24.984" endtime="20210906 22:21:24.984"/>
</kw>
<kw name="Set Variable" library="BuiltIn">
<var>${sku}</var>
<arg>${product_info}[${i}][sku]</arg>
<doc>Returns the given values which can then be assigned to a variables.</doc>
<msg timestamp="20210906 22:21:24.984" level="INFO">${sku} = OFM4007588</msg>
<status status="PASS" starttime="20210906 22:21:24.984" endtime="20210906 22:21:24.984"/>
</kw>
<kw name="Convert To Number" library="BuiltIn">
<var>${price}</var>
<arg>${product_info}[${i}][tier_prices][0][price]</arg>
<arg>2</arg>
<doc>Converts the given item to a floating point number.</doc>
<msg timestamp="20210906 22:21:24.992" level="INFO">${price} = 2869.0</msg>
<status status="PASS" starttime="20210906 22:21:24.984" endtime="20210906 22:21:24.992"/>
</kw>
<kw name="Verify Product Infor" library="Home">
<arg>${product_name}</arg>
<arg>${sku}</arg>
<arg>${price}</arg>
<kw name="Format String" library="String">
<var>${product_item_name}</var>
<arg>${product_item_name}</arg>
<arg>param=${product_name}</arg>
<doc>Formats a ``template`` using the given ``positional`` and ``named`` arguments.</doc>
<msg timestamp="20210906 22:21:24.992" level="INFO">${product_item_name} = xpath://a[normalize-space()='Air Purfier 2H EU']</msg>
<status status="PASS" starttime="20210906 22:21:24.992" endtime="20210906 22:21:24.992"/>
</kw>
<kw name="Format String" library="String">
<var>${sku}</var>
<arg>${sku}</arg>
<arg>param=${sku_name}</arg>
<doc>Formats a ``template`` using the given ``positional`` and ``named`` arguments.</doc>
<msg timestamp="20210906 22:21:24.998" level="INFO">${sku} = xpath://div[normalize-space()='OFM4007588']</msg>
<status status="PASS" starttime="20210906 22:21:24.992" endtime="20210906 22:21:24.998"/>
</kw>
<kw name="Format String" library="String">
<var>${price}</var>
<arg>${price}</arg>
<arg>param=${product_name}</arg>
<doc>Formats a ``template`` using the given ``positional`` and ``named`` arguments.</doc>
<msg timestamp="20210906 22:21:25.000" level="INFO">${price} = xpath://h3[normalize-space()='Air Purfier 2H EU']/ancestor::div[@class='ERPfP']/following-sibling::div//div[contains(@id,'lbl-ProductList-Price')]</msg>
<status status="PASS" starttime="20210906 22:21:24.999" endtime="20210906 22:21:25.000"/>
</kw>
<kw name="Element Should Be Visible" library="SeleniumLibrary">
<arg>${product_item_name}</arg>
<doc>Verifies that the element identified by ``locator`` is visible.</doc>
<kw name="Capture Page Screenshot" library="SeleniumLibrary">
<doc>Takes a screenshot of the current page and embeds it into a log file.</doc>
<msg timestamp="20210906 22:21:25.744" level="INFO" html="true">&lt;/td&gt;&lt;/tr&gt;&lt;tr&gt;&lt;td colspan="3"&gt;&lt;a href="selenium-screenshot-1.png"&gt;&lt;img src="selenium-screenshot-1.png" width="800px"&gt;&lt;/a&gt;</msg>
<status status="PASS" starttime="20210906 22:21:25.148" endtime="20210906 22:21:25.744"/>
</kw>
<msg timestamp="20210906 22:21:25.824" level="FAIL">Element with locator 'xpath://a[normalize-space()='Air Purfier 2H EU']' not found.</msg>
<status status="FAIL" starttime="20210906 22:21:25.000" endtime="20210906 22:21:25.824"/>
</kw>
<kw name="Element Should Be Visible" library="SeleniumLibrary">
<arg>${sku}</arg>
<doc>Verifies that the element identified by ``locator`` is visible.</doc>
<status status="NOT RUN" starttime="20210906 22:21:25.824" endtime="20210906 22:21:25.824"/>
</kw>
<status status="FAIL" starttime="20210906 22:21:24.992" endtime="20210906 22:21:25.824"/>
</kw>
<kw name="Verify Cart Button And Star Rate Should Be Displayed Below Each Product Item" library="Home">
<arg>${product_name}</arg>
<status status="NOT RUN" starttime="20210906 22:21:25.824" endtime="20210906 22:21:25.824"/>
</kw>
<status status="FAIL" starttime="20210906 22:21:24.984" endtime="20210906 22:21:25.824"/>
</iter>
<status status="FAIL" starttime="20210906 22:21:21.978" endtime="20210906 22:21:25.830"/>
</for>
<kw name="Verify Page Should Be Naviagate When Select Any Product Item" library="Home">
<status status="NOT RUN" starttime="20210906 22:21:25.831" endtime="20210906 22:21:25.831"/>
</kw>
<status status="FAIL" starttime="20210906 22:21:14.627" endtime="20210906 22:21:25.833"/>
</kw>
<kw name="Close Browser" library="SeleniumLibrary" type="TEARDOWN">
<doc>Closes the current browser.</doc>
<status status="PASS" starttime="20210906 22:21:25.834" endtime="20210906 22:21:28.290"/>
</kw>
<status status="FAIL" starttime="20210906 22:20:37.002" endtime="20210906 22:21:28.292">Element with locator 'xpath://a[normalize-space()='Air Purfier 2H EU']' not found.</status>
</test>
<status status="FAIL" starttime="20210906 22:20:36.453" endtime="20210906 22:21:28.297"/>
</suite>
<status status="FAIL" starttime="20210906 22:20:36.446" endtime="20210906 22:21:28.308"/>
</suite>
<status status="FAIL" starttime="20210906 22:20:28.486" endtime="20210906 22:21:28.316"/>
</suite>
<statistics>
<total>
<stat pass="7" fail="1" skip="0">All Tests</stat>
</total>
<tag>
</tag>
<suite>
<stat pass="7" fail="1" skip="0" id="s1" name="Testcases">Testcases</stat>
<stat pass="7" fail="0" skip="0" id="s1-s1" name="API">Testcases.API</stat>
<stat pass="2" fail="0" skip="0" id="s1-s1-s1" name="Get Validation">Testcases.API.Get Validation</stat>
<stat pass="5" fail="0" skip="0" id="s1-s1-s2" name="Invalid Request Get Validation">Testcases.API.Invalid Request Get Validation</stat>
<stat pass="0" fail="1" skip="0" id="s1-s2" name="UI">Testcases.UI</stat>
<stat pass="0" fail="1" skip="0" id="s1-s2-s1" name="TC01">Testcases.UI.TC01</stat>
</suite>
</statistics>
<errors>
<msg timestamp="20210906 22:20:32.615" level="WARN">Multiple test cases with name 'Jsonplaceholder Get Request Test - Valid request' executed in test suite 'Testcases.API.Get Validation'.</msg>
<msg timestamp="20210906 22:20:34.381" level="WARN">Multiple test cases with name 'Get Request Test -Invalid Valid request' executed in test suite 'Testcases.API.Invalid Request Get Validation'.</msg>
<msg timestamp="20210906 22:20:34.640" level="WARN">Multiple test cases with name 'Get Request Test -Invalid Valid request' executed in test suite 'Testcases.API.Invalid Request Get Validation'.</msg>
<msg timestamp="20210906 22:20:35.588" level="WARN">Multiple test cases with name 'Get Request Test -Invalid Valid request' executed in test suite 'Testcases.API.Invalid Request Get Validation'.</msg>
<msg timestamp="20210906 22:20:35.994" level="WARN">Multiple test cases with name 'Get Request Test -Invalid Valid request' executed in test suite 'Testcases.API.Invalid Request Get Validation'.</msg>
</errors>
</robot>
