<?xml version="1.0" encoding="UTF-8"?>
<robot generator="Robot 4.1 (Python 3.9.6 on win32)" generated="20210906 14:55:51.184" rpa="false" schemaversion="2">
<suite id="s1" name="Testcases" source="C:\Users\Public\Documents\OfficeMate\Testcases">
<suite id="s1-s1" name="API" source="C:\Users\Public\Documents\OfficeMate\Testcases\API">
<suite id="s1-s1-s1" name="Get Validation" source="C:\Users\Public\Documents\OfficeMate\Testcases\API\get_validation.robot">
<test id="s1-s1-s1-t1" name="Jsonplaceholder Get Request Test">
<kw name="Get Request">
<arg>1</arg>
<arg>1</arg>
<arg>flash_deal_position_asc</arg>
<arg>$neg</arg>
<arg>configurable</arg>
<arg>$gteq</arg>
<arg>2019-11-24+17:00:00</arg>
<arg>$lteq</arg>
<arg>2021-12-31+16:59:00</arg>
<arg>bDENtRlm1UchRTFGA3SP9MltOvCXnPff</arg>
<arg>4</arg>
<arg>1</arg>
<arg>utm_source=; utm_medium=; utm_campaign=; guest=bDENtRlm1UchRTFGA3SP9MltOvCXnPff; _fbp=fb.2.1629955397080.1027180985; _hjid=33c6dd2c-e604-4d7a-8768-72605534e6c3; scarab.visitor=%2270AAAA6936688C1F%22; scarab.profile=%22OFMY007899%7C1629956085%22; _HistorySearch=[%22kh%C3%B4ng%20t%E1%BB%93n%20t%E1%BA%A1i%22%2C%22samSUNG123%22%2C%22samsung%22%2C%22dsdsdsd%22%2C%22%E0%B9%84%E0%B8%A1%E0%B9%88%E0%B9%84%E0%B8%94%E0%B9%89%E0%B8%AD%E0%B8%A2%E0%B8%B9%E0%B9%88%E0%B9%84%E0%B8%A1%E0%B9%88%E0%B9%84%E0%B8%94%E0%B9%89%E0%B8%AD%E0%B8%A2%E0%B8%B9%E0%B9%88%E0%B9%84%E0%B8%A1%E0%B9%88%E0%B9%84%E0%B8%94%E0%B9%89%E0%B8%AD%E0%B8%A2%E0%B8%B9%E0%B9%88%E0%B9%84%E0%B8%A1%E0%B9%88%E0%B9%84%E0%B8%94%E0%B9%89%E0%B8%AD%E0%B8%A2%E0%B8%B9%E0%B9%88%22%2C%22%E0%B9%84%E0%B8%A1%E0%B9%88%E0%B9%84%E0%B8%94%E0%B9%89%E0%B8%AD%E0%B8%A2%E0%B8%B9%E0%B9%88%22%2C%22%20%20%20%22%2C%22zxcvnm%22%2C%22iphone%22%2C%22%E0%B9%80%E0%B8%84%E0%B9%89%E0%B8%81%22]; _gid=GA1.3.149523128.1630761915; AKA_A2=A; _hjAbsoluteSessionInProgress=0; RT="z=1&amp;dm=officemate.co.th&amp;si=35e03737-c8f6-497a-a2b6-196c4212a494&amp;ss=kt78gf14&amp;sl=2&amp;tt=c3d&amp;rl=1&amp;ul=bs6e&amp;hd=bstf"; originalLocation=https://www.officemate.co.th/en; lang=en; _ga=GA1.3.1422895306.1629955396; _gat_UA-12345-1=1; _gat_UA-11520015-17=1; _ga_HZ7YT7QQR1=GS1.1.1630850810.26.0.1630850810.0; _gat=1</arg>
<arg>VQMOUF5SABAHVlRQAAIAVFc=</arg>
<arg>en</arg>
<arg>200</arg>
<kw name="Get And Vaidation" library="get_request">
<arg>${is_flash_deal}</arg>
<arg>${flash_deal_enable}</arg>
<arg>${sort}</arg>
<arg>${type_id}</arg>
<arg>${typeid}</arg>
<arg>${flash_deal_from}</arg>
<arg>${flash_deal_from_day}</arg>
<arg>${flash_deal_to}</arg>
<arg>${flash_deal_to_day}</arg>
<arg>${x_subject_id}</arg>
<arg>${visibility}</arg>
<arg>${status}</arg>
<arg>${cookie}</arg>
<arg>${x-newrelic-id}</arg>
<arg>${x-store-code}</arg>
<arg>${api_url}</arg>
<arg>${response_code}</arg>
<kw name="Run Keyword And Ignore Error" library="BuiltIn">
<var>${status}</var>
<var>${resp}</var>
<arg>api_request.Get Request</arg>
<arg>${is_flash_deal}</arg>
<arg>${flash_deal_enable}</arg>
<arg>${sort}</arg>
<arg>${type_id}</arg>
<arg>${typeid}</arg>
<arg>${flash_deal_from}</arg>
<arg>${flash_deal_from_day}</arg>
<arg>${flash_deal_to}</arg>
<arg>${flash_deal_to_day}</arg>
<arg>${x_subject_id}</arg>
<arg>${visibility}</arg>
<arg>${status}</arg>
<arg>${cookie}</arg>
<arg>${x-newrelic-id}</arg>
<arg>${x-store-code}</arg>
<arg>${api_url}</arg>
<doc>Runs the given keyword with the given arguments and ignores possible error.</doc>
<kw name="Get Request" library="api_request">
<arg>${is_flash_deal}</arg>
<arg>${flash_deal_enable}</arg>
<arg>${sort}</arg>
<arg>${type_id}</arg>
<arg>${typeid}</arg>
<arg>${flash_deal_from}</arg>
<arg>${flash_deal_from_day}</arg>
<arg>${flash_deal_to}</arg>
<arg>${flash_deal_to_day}</arg>
<arg>${x_subject_id}</arg>
<arg>${visibility}</arg>
<arg>${status}</arg>
<arg>${cookie}</arg>
<arg>${x-newrelic-id}</arg>
<arg>${x-store-code}</arg>
<arg>${api_url}</arg>
<kw name="Create Dictionary" library="BuiltIn">
<var>${header}</var>
<arg>cookie=${cookie}</arg>
<arg>x-newrelic-id=${x-newrelic-id}</arg>
<arg>x-store-code=${x-store-code}</arg>
<doc>Creates and returns a dictionary based on the given ``items``.</doc>
<msg timestamp="20210906 14:55:52.853" level="INFO">${header} = {'cookie': 'utm_source=; utm_medium=; utm_campaign=; guest=bDENtRlm1UchRTFGA3SP9MltOvCXnPff; _fbp=fb.2.1629955397080.1027180985; _hjid=33c6dd2c-e604-4d7a-8768-72605534e6c3; scarab.visitor=%2270AAAA693...</msg>
<status status="PASS" starttime="20210906 14:55:52.849" endtime="20210906 14:55:52.853"/>
</kw>
<kw name="GET" library="RequestsLibrary">
<var>${resp}</var>
<arg>${api_url}/search/productSection/en</arg>
<arg>params=is_flash_deal=${is_flash_deal}&amp;flash_deal_enable=${flash_deal_enable}&amp;sort=${sort}&amp;type_id=$neq&amp;type_id=${typeid}&amp;flash_deal_from=${flash_deal_from}&amp;flash_deal_from=${flash_deal_from_day}&amp;flash_deal_to=${flash_deal_to}&amp;flash_deal_to=${flash_deal_to_day}&amp;x_subject_id=${x_subject_id}&amp;visibility=${visibility}&amp;status=${status}</arg>
<arg>headers=${header}</arg>
<doc>Sends a GET request.</doc>
<msg timestamp="20210906 14:55:54.260" level="INFO">GET Request : url=https://www.officemate.co.th/api//search/productSection/en?is_flash_deal=1&amp;flash_deal_enable=1&amp;sort=flash_deal_position_asc&amp;type_id=$neq&amp;type_id=configurable&amp;flash_deal_from=$gteq&amp;flash_deal_from=2019-11-24+17:00:00&amp;flash_deal_to=$lteq&amp;flash_deal_to=2021-12-31+16:59:00&amp;x_subject_id=bDENtRlm1UchRTFGA3SP9MltOvCXnPff&amp;visibility=4&amp;status=1 
 path_url=/api//search/productSection/en?is_flash_deal=1&amp;flash_deal_enable=1&amp;sort=flash_deal_position_asc&amp;type_id=$neq&amp;type_id=configurable&amp;flash_deal_from=$gteq&amp;flash_deal_from=2019-11-24+17:00:00&amp;flash_deal_to=$lteq&amp;flash_deal_to=2021-12-31+16:59:00&amp;x_subject_id=bDENtRlm1UchRTFGA3SP9MltOvCXnPff&amp;visibility=4&amp;status=1 
 headers={'User-Agent': 'python-requests/2.26.0', 'Accept-Encoding': 'gzip, deflate', 'Accept': '*/*', 'Connection': 'keep-alive', 'cookie': 'utm_source=; utm_medium=; utm_campaign=; guest=bDENtRlm1UchRTFGA3SP9MltOvCXnPff; _fbp=fb.2.1629955397080.1027180985; _hjid=33c6dd2c-e604-4d7a-8768-72605534e6c3; scarab.visitor=%2270AAAA6936688C1F%22; scarab.profile=%22OFMY007899%7C1629956085%22; _HistorySearch=[%22kh%C3%B4ng%20t%E1%BB%93n%20t%E1%BA%A1i%22%2C%22samSUNG123%22%2C%22samsung%22%2C%22dsdsdsd%22%2C%22%E0%B9%84%E0%B8%A1%E0%B9%88%E0%B9%84%E0%B8%94%E0%B9%89%E0%B8%AD%E0%B8%A2%E0%B8%B9%E0%B9%88%E0%B9%84%E0%B8%A1%E0%B9%88%E0%B9%84%E0%B8%94%E0%B9%89%E0%B8%AD%E0%B8%A2%E0%B8%B9%E0%B9%88%E0%B9%84%E0%B8%A1%E0%B9%88%E0%B9%84%E0%B8%94%E0%B9%89%E0%B8%AD%E0%B8%A2%E0%B8%B9%E0%B9%88%E0%B9%84%E0%B8%A1%E0%B9%88%E0%B9%84%E0%B8%94%E0%B9%89%E0%B8%AD%E0%B8%A2%E0%B8%B9%E0%B9%88%22%2C%22%E0%B9%84%E0%B8%A1%E0%B9%88%E0%B9%84%E0%B8%94%E0%B9%89%E0%B8%AD%E0%B8%A2%E0%B8%B9%E0%B9%88%22%2C%22%20%20%20%22%2C%22zxcvnm%22%2C%22iphone%22%2C%22%E0%B9%80%E0%B8%84%E0%B9%89%E0%B8%81%22]; _gid=GA1.3.149523128.1630761915; AKA_A2=A; _hjAbsoluteSessionInProgress=0; RT="z=1&amp;dm=officemate.co.th&amp;si=35e03737-c8f6-497a-a2b6-196c4212a494&amp;ss=kt78gf14&amp;sl=2&amp;tt=c3d&amp;rl=1&amp;ul=bs6e&amp;hd=bstf"; originalLocation=https://www.officemate.co.th/en; lang=en; _ga=GA1.3.1422895306.1629955396; _gat_UA-12345-1=1; _gat_UA-11520015-17=1; _ga_HZ7YT7QQR1=GS1.1.1630850810.26.0.1630850810.0; _gat=1', 'x-newrelic-id': 'VQMOUF5SABAHVlRQAAIAVFc=', 'x-store-code': 'en'} 
 body=None 
 </msg>
<msg timestamp="20210906 14:55:54.260" level="INFO">GET Response : url=https://www.officemate.co.th/api//search/productSection/en?is_flash_deal=1&amp;flash_deal_enable=1&amp;sort=flash_deal_position_asc&amp;type_id=$neq&amp;type_id=configurable&amp;flash_deal_from=$gteq&amp;flash_deal_from=2019-11-24+17:00:00&amp;flash_deal_to=$lteq&amp;flash_deal_to=2021-12-31+16:59:00&amp;x_subject_id=bDENtRlm1UchRTFGA3SP9MltOvCXnPff&amp;visibility=4&amp;status=1 
 status=200, reason=OK 
 headers={'Content-Type': 'application/json; charset=utf-8', 'X-Powered-By': 'Express', 'x-frame-options': 'SAMEORIGIN', 'x-xss-protection': '1; mode=block', 'Cache-Control': 'public, max-age=120', 'ETag': 'W/"21871a-kAkvBa+fbePUPz9a3d7K3I0fhIQ"', 'Content-Encoding': 'gzip', 'Date': 'Mon, 06 Sep 2021 07:55:53 GMT', 'Transfer-Encoding': 'chunked', 'Connection': 'keep-alive, Transfer-Encoding', 'Vary': 'Accept-Encoding', 'Server-Timing': 'cdn-cache; desc=MISS, edge; dur=39, origin; dur=299'} 
 body={"products":{"total_count":463,"products":[{"id":117891,"type_id":"simple","name":"OFM Copier Paper A4 80 gsm. 500 Sheets 5 Reams/Pack","brand_name":"OFM","small_image":"/5/0/5007441.jpg","image":"/5/0/5007441.jpg","thumbnail":"/5/0/5007441.jpg","url_key":"ออฟฟิศเมท-กระดาษถ่ายเอกสาร-a4-80แกรม-แพ็ค5รีม-ออฟฟิศเมท-ofm5007441","attribute_set_id":21,"visibility":4,"status":1,"is_returnable":"2","category":[{"category_id":2,"level":1,"parent_id":1,"url_key":"default-category"},{"category_id":107,"name":"Office Supplies","level":2,"parent_id":2,"url_key":"office-supplies","url_path":"office-supplies"},{"category_id":147,"name":"Paper","level":3,"parent_id":107,"url_key":"paper","url_path":"office-supplies/paper"},{"category_id":148,"name":"Copier Paper","level":4,"parent_id":147,"url_key":"copier-paper","url_path":"office-supplies/paper/copier-paper","is_parent":true},{"category_id":1501,"name":"promotions","level":2,"parent_id":2,"url_key":"promotions","url_path":"promotions"},{"category_id":4855,"name":"Best Seller","level":3,"parent_id":107,"url_key":"best-seller","url_path":"office-supplies/best-seller","is_parent":true},{"category_id":4856,"name":"Promotion","level":3,"parent_id":107,"url_key":"promotion","url_path":"office-supplies/promotion","is_parent":true},{"category_id":6171,"name":"ลดแรง! แถมเต็มพิกัด! กระดาษ นานาชนิด","level":3,"parent_id":1501,"url_key":"paper-1-31aug21","url_path":"promotions/paper-1-31aug21","is_parent":true},{"category_id":6314,"name":"ลดแรง! แถมเต็มพิกัด! กระดาษ นานาชนิด","level":3,"parent_id":1501,"url_key":"paper-1-30sep21","url_path":"promotions/paper-1-30sep21","is_parent":true}],"price":519,"tier_prices":[{"price":509,"original_price":519,"customer_group_id":0,"is_discount":true},{"price":509,"original_price":519,"customer_group_id":1,"is_discount":true},{"price":509,"original_price":519,"customer_group_id":2,"is_discount":true},{"price":509,"original_price":519,"customer_group_id":3,"is_discount":true},{"price":509,"original_price":519,"customer_group_id":4,"is_discount":true},{"price":509,"original_price":519,"customer_group_id":5,"is_discount":true}],"special_price":509,"special_from_date":"2021-09-01T00:00:00","special_to_date":"2021-09-30T23:59:59","stock":{"qty":2093,"is_in_stock":true},"custom_attributes_option":[{"attribute_code":"small_image","value":"/5/0/5007441.jpg","position":0},{"attribute_code":"special_from_date","value":"2021-09-01 00:00:00","position":0},{"attribute_code":"in_xml_sitemap","value":"Include in XML Sitemap","position":0},{"attribute_code":"swatch_image","value":"/5/0/5007441.jpg","position":0},{"attribute_code":"visibility","value":4,"position":0},{"attribute_code":"ofm_green_product","value":"General Product","position":0},{"attribute_code":"percent_discount","value":2,"position":0},{"attribute_code":"flash_deal_from","value":"2021-08-31 17:00:00","position":0},{"attribute_code":"price_inc_tax","value":519,"position":0},{"attribute_code":"created_at","value":"2020-10-07 15:13:28","position":0},{"attribute_code":"special_price","value":509,"position":0},{"attribute_code":"rating","value":5,"position":0},{"attribute_code":"unit","value":"PK","position":0},{"attribute_code":"is_bestdeal","value":"Is Best Deal","position":0},{"attribute_code":"ts_dimensions_width","value":230,"position":0},{"attribute_code":"shipment_group_id","value":"MKP_2022","position":0},{"attribute_code":"ofm_product_type","value":15,"position":0},{"attribute_code":"weight","value":13000,"position":0},{"attribute_code":"description","value":"&lt;ul&gt;\r\n&lt;li&gt;กระดาษถ่ายเอกสาร A4 80 แกรม&lt;/li&gt;\r\n&lt;li&gt;กระดาษดี การันตีคุณภาพ ระดับ Premium&lt;/li&gt;\r\n&lt;li&gt;เนื้อกระดาษขาว สว่าง&lt;/li&gt;\r\n&lt;li&gt;เนื้อกระดาษหนา ใช้งานกระดาษได้ดีทั้ง 2 หน้า ไม่มีปัญหาเรื่องมองทะลุหลัง&lt;/li&gt;\r\n&lt;li&gt;กระดาษเรียบเนียน พิมพ์ลื่น สม่ำเสมอ&lt;/li&gt;\r\n&lt;li&gt;ให้งานพิมพ์คุณภาพ สวย คมชัดแบบมืออาชีพ ไม่ว่าจะงานพิมพ์สีหรือขาวดำ&lt;/li&gt;\r\n&lt;li&gt;ตอบโจทย์ทุกการใช้งาน ทั้งงานเอกสารและงานพิมพ์&lt;/li&gt;\r\n&lt;li&gt;สามารถใช้งานได้ดีกับเครื่องถ่ายเอกสารและเครื่องพิมพ์สำนักงานทุกชนิด&lt;/li&gt;\r\n&lt;li&gt;ห่อด้วยกระดาษเคลือบมัน ช่วยป้องกันความชื้น ให้กระดาษภายในคงสภาพดี พร้อมใช้งาน&lt;/li&gt;\r\n&lt;li&gt;มั่นใจทุกกล่อง กระดาษดีทุกแผ่น เพราะผลิตจากโรงงานมาตรฐานกระดาษแบรนด์ชั้นนำของไทย โดยบริษัท ฟินิคซ พัลพ แอนด์ เพเพอร์ จำกัด (มหาชน) สำนักงานใหญ่ เลขที่ 1 ถ.ปูนซิเมนต์ไทย บางซื่อ กรุงเทพฯ 10800&lt;/li&gt;\r\n&lt;li&gt;ได้รับการรับรองมาตรฐานอุตสาหกรรม (มอก.)&lt;/li&gt;\r\n&lt;li&gt;ได้รับการรับรองระบบบริหารงานคุณภาพ ISO9001&lt;/li&gt;\r\n&lt;li&gt;ได้รับการรับรองมาตรฐานระบบการจัดการสิ่งแวดล้อม ISO14001&lt;/li&gt;\r\n&lt;li&gt;ได้รับการรับรองมาตรฐานการจัดการอาชีวอนามัย และความปลอดภัย ISO45001&lt;/li&gt;\r\n&lt;li&gt;กระดาษหนา 80 แกรม&lt;/li&gt;\r\n&lt;li&gt;ขนาดกระดาษ (กว้าง x ยาว) : 210 x 297 มม. (A4)&lt;/li&gt;\r\n&lt;li&gt;จำนวน 500 แผ่น/รีม , 5 รีม/แพ็ค&lt;/li&gt;\r\n&lt;/ul&gt;","position":0},{"attribute_code":"flash_deal_position","value":1,"position":0},{"attribute_code":"ts_dimensions_length","value":310,"position":0},{"attribute_code":"special_expires_at","value":"2021-09-30 23:59:59","position":0},{"attribute_code":"a_series_paper_size_dp","value":"A4","position":0},{"attribute_code":"ts_dimensions_height","value":260,"position":0},{"attribute_code":"updated_at","value":"2021-09-06 06:21:13","position":0},{"attribute_code":"has_options","value":false,"position":0},{"attribute_code":"barcode","value":"8852413917305","position":0},{"attribute_code":"image","value":"/5/0/5007441.jpg","position":0},{"attribute_code":"price_discount","value":1.93,"position":0},{"attribute_code":"status","value":"Enabled","position":0},{"attribute_code":"short_description","value":"&lt;ul&gt;\r\n&lt;li&gt;กระดาษถ่ายเอกสาร A4 80 แกรม&lt;/li&gt;\r\n&lt;li&gt;กระดาษดี การันตีคุณภาพ ระดับ Premium&lt;/li&gt;\r\n&lt;li&gt;เนื้อกระดาษขาว สว่าง&lt;/li&gt;\r\n&lt;li&gt;เนื้อกระดาษหนา ใช้งานกระดาษได้ดีทั้ง 2 หน้า ไม่มีปัญหาเรื่องมองทะลุหลัง&lt;/li&gt;\r\n&lt;li&gt;กระดาษเรียบเนียน พิมพ์ลื่น สม่ำเสมอ&lt;/li&gt;\r\n&lt;li&gt;ให้งานพิมพ์คุณภาพ สวย คมชัดแบบมืออาชีพ ไม่ว่าจะงานพิมพ์สีหรือขาวดำ&lt;/li&gt;\r\n&lt;li&gt;ตอบโจทย์ทุกการใช้งาน ทั้งงานเอกสารและงานพิมพ์&lt;/li&gt;\r\n&lt;li&gt;มั่นใจทุกกล่อง กระดาษดีทุกแผ่น เพราะผลิตจากโรงงานมาตรฐานกระดาษแบรนด์ชั้นนำของไทย&lt;/li&gt;\r\n&lt;li&gt;กระดาษหนา 80 แกรม&lt;/li&gt;\r\n&lt;li&gt;ขนาดกระดาษ (กว้าง x ยาว) : 210 x 297 มม. (A4)&lt;/li&gt;\r\n&lt;li&gt;จำนวน 500 แผ่น/รีม , 5 รีม/แพ็ค&lt;/li&gt;\r\n&lt;/ul&gt;","position":0},{"attribute_code":"special_to_date","value":"2021-09-30 23:59:59","position":0},{"attribute_code":"flash_deal_enable","value":"Enable","position":0},{"attribute_code":"is_returnable","value":"2","position":0},{"attribute_code":"brand_name","value":"OFM","position":0},{"attribute_code":"search_keywords","value":"OFM Copier Paper A4 80 gsm. 500 Sheets 5 Reams/Pack กระดาษถ่ายเอกสาร OFM A4 80 แกรม 500 แผ่น 5 รีม/แพ็ค","position":0},{"attribute_code":"special_price_inc_tax","value":509,"position":0},{"attribute_code":"url_key","value":"ออฟฟิศเมท-กระดาษถ่ายเอกสาร-a4-80แกรม-แพ็ค5รีม-ออฟฟิศเมท-ofm5007441","values":["ออฟฟิศเมท-กระดาษถ่ายเอกสาร-a4-80แกรม-แพ็ค5รีม-ออฟฟิศเมท-ofm5007441"],"position":0},{"attribute_code":"package_dp","value":"Pack","position":0},{"attribute_code":"delivery_surcharge_fee","value":100,"position":0},{"attribute_code":"product_group","value":"A","position":0},{"attribute_code":"total_vote","value":2,"position":0},{"attribute_code":"flash_deal_to","value":"2021-09-15 16:59:00","position":0},{"attribute_code":"flash_deal_sold_qty","value":115,"position":0},{"attribute_code":"required_options","value":false,"position":0},{"attribute_code":"sold_qty","value":81,"position":0},{"attribute_code":"options_container","value":"Block after Info Column","position":0},{"attribute_code":"tax_class_id","value":"Taxable Goods","position":0},{"attribute_code":"flash_deal_qty","value":9999,"position":0},{"attribute_code":"thumbnail","value":"/5/0/5007441.jpg","position":0},{"attribute_code":"brightness_rating_copier_dp","value":"80 grams","position":1}],"custom_attributes":[{"attribute_code":"name","name":"name","label":"Product Name","value":"OFM Copier Paper A4 80 gsm. 500 Sheets 5 Reams/Pack"},{"attribute_code":"image","name":"image","label":"Base","value":"/5/0/5007441.jpg"},{"attribute_code":"small_image","name":"small_image","label":"Small","value":"/5/0/5007441.jpg"},{"attribute_code":"thumbnail","name":"thumbnail","label":"Thumbnail","value":"/5/0/5007441.jpg"},{"attribute_code":"options_container","name":"options_container","label":"Display Product Options In","value":"container2"},{"attribute_code":"url_key","name":"url_key","label":"URL Key","value":"ออฟฟิศเมท-กระดาษถ่ายเอกสาร-a4-80แกรม-แพ็ค5รีม-ออฟฟิศเมท-ofm5007441"},{"attribute_code":"msrp_display_actual_price_type","name":"msrp_display_actual_price_type","label":"Display Actual Price","value":"0"},{"attribute_code":"gift_message_available","name":"gift_message_available","label":"Allow Gift Message","value":"0"},{"attribute_code":"gift_wrapping_available","name":"gift_wrapping_available","label":"Allow Gift Wrapping","value":"0"},{"attribute_code":"is_returnable","name":"is_returnable","label":"Enable RMA","value":"2"},{"attribute_code":"swatch_image","name":"swatch_image","label":"Swatch","value":"/5/0/5007441.jpg"},{"attribute_code":"unit","name":"unit","label":"Unit","value":"PK"},{"attribute_code":"discount_code","name":"discount_code","label":"DISCOUNT CODE","value":"0"},{"attribute_code":"barcode","name":"barcode","label":"Barcode","value":"8852413917305"},{"attribute_code":"product_group","name":"product_group","label":"Product Group","value":"a"},{"attribute_code":"search_keywords","name":"search_keywords","label":"ElasticSuite Search Keywords","value":"OFM Copier Paper A4 80 gsm. 500 Sheets 5 Reams/Pack กระดาษถ่ายเอกสาร OFM A4 80 แกรม 500 แผ่น 5 รีม/แพ็ค"},{"attribute_code":"description","name":"description","label":"Description","value":"&lt;ul&gt;\r\n&lt;li&gt;กระดาษถ่ายเอกสาร A4 80 แกรม&lt;/li&gt;\r\n&lt;li&gt;กระดาษดี การันตีคุณภาพ ระดับ Premium&lt;/li&gt;\r\n&lt;li&gt;เนื้อกระดาษขาว สว่าง&lt;/li&gt;\r\n&lt;li&gt;เนื้อกระดาษหนา ใช้งานกระดาษได้ดีทั้ง 2 หน้า ไม่มีปัญหาเรื่องมองทะลุหลัง&lt;/li&gt;\r\n&lt;li&gt;กระดาษเรียบเนียน พิมพ์ลื่น สม่ำเสมอ&lt;/li&gt;\r\n&lt;li&gt;ให้งานพิมพ์คุณภาพ สวย คมชัดแบบมืออาชีพ ไม่ว่าจะงานพิมพ์สีหรือขาวดำ&lt;/li&gt;\r\n&lt;li&gt;ตอบโจทย์ทุกการใช้งาน ทั้งงานเอ... (set the log level to DEBUG or TRACE to see the full content) 
 </msg>
<msg timestamp="20210906 14:55:54.260" level="INFO">${resp} = &lt;Response [200]&gt;</msg>
<status status="PASS" starttime="20210906 14:55:52.854" endtime="20210906 14:55:54.260"/>
</kw>
<status status="PASS" starttime="20210906 14:55:52.847" endtime="20210906 14:55:54.260"/>
</kw>
<msg timestamp="20210906 14:55:54.260" level="INFO">${status} = PASS</msg>
<msg timestamp="20210906 14:55:54.260" level="INFO">${resp} = &lt;Response [200]&gt;</msg>
<status status="PASS" starttime="20210906 14:55:52.846" endtime="20210906 14:55:54.260"/>
</kw>
<kw name="Run Keyword If" library="BuiltIn">
<arg>'${status}'=='PASS'</arg>
<arg>Status Should Be</arg>
<arg>${response_code}</arg>
<arg>${resp}</arg>
<doc>Runs the given keyword with the given arguments, if ``condition`` is true.</doc>
<kw name="Status Should Be" library="RequestsLibrary">
<arg>${response_code}</arg>
<arg>${resp}</arg>
<doc>Fails if response status code is different than the expected.</doc>
<status status="PASS" starttime="20210906 14:55:54.260" endtime="20210906 14:55:54.260"/>
</kw>
<status status="PASS" starttime="20210906 14:55:54.260" endtime="20210906 14:55:54.260"/>
</kw>
<kw name="Run Keyword If" library="BuiltIn">
<arg>'${status}'=='FAIL'</arg>
<arg>Should Contain</arg>
<arg>${resp}</arg>
<arg>${response_code}</arg>
<doc>Runs the given keyword with the given arguments, if ``condition`` is true.</doc>
<status status="PASS" starttime="20210906 14:55:54.260" endtime="20210906 14:55:54.260"/>
</kw>
<status status="PASS" starttime="20210906 14:55:52.843" endtime="20210906 14:55:54.260"/>
</kw>
<status status="PASS" starttime="20210906 14:55:52.841" endtime="20210906 14:55:54.260"/>
</kw>
<status status="PASS" starttime="20210906 14:55:52.824" endtime="20210906 14:55:54.260"/>
</test>
<test id="s1-s1-s1-t2" name="Jsonplaceholder Get Request Test">
<kw name="Get Request">
<arg>1</arg>
<arg>acb</arg>
<arg>flash_deal_position_asc</arg>
<arg>$neg</arg>
<arg>configurable</arg>
<arg>$gteq</arg>
<arg>2019-11-24+17:00:00</arg>
<arg>$lteq</arg>
<arg>2021-12-31+16:59:00</arg>
<arg>bDENtRlm1UchRTFGA3SP9MltOvCXnPff</arg>
<arg>4</arg>
<arg>1</arg>
<arg>utm_source=; utm_medium=; utm_campaign=; guest=bDENtRlm1UchRTFGA3SP9MltOvCXnPff; _fbp=fb.2.1629955397080.1027180985; _hjid=33c6dd2c-e604-4d7a-8768-72605534e6c3; scarab.visitor=%2270AAAA6936688C1F%22; scarab.profile=%22OFMY007899%7C1629956085%22; _HistorySearch=[%22kh%C3%B4ng%20t%E1%BB%93n%20t%E1%BA%A1i%22%2C%22samSUNG123%22%2C%22samsung%22%2C%22dsdsdsd%22%2C%22%E0%B9%84%E0%B8%A1%E0%B9%88%E0%B9%84%E0%B8%94%E0%B9%89%E0%B8%AD%E0%B8%A2%E0%B8%B9%E0%B9%88%E0%B9%84%E0%B8%A1%E0%B9%88%E0%B9%84%E0%B8%94%E0%B9%89%E0%B8%AD%E0%B8%A2%E0%B8%B9%E0%B9%88%E0%B9%84%E0%B8%A1%E0%B9%88%E0%B9%84%E0%B8%94%E0%B9%89%E0%B8%AD%E0%B8%A2%E0%B8%B9%E0%B9%88%E0%B9%84%E0%B8%A1%E0%B9%88%E0%B9%84%E0%B8%94%E0%B9%89%E0%B8%AD%E0%B8%A2%E0%B8%B9%E0%B9%88%22%2C%22%E0%B9%84%E0%B8%A1%E0%B9%88%E0%B9%84%E0%B8%94%E0%B9%89%E0%B8%AD%E0%B8%A2%E0%B8%B9%E0%B9%88%22%2C%22%20%20%20%22%2C%22zxcvnm%22%2C%22iphone%22%2C%22%E0%B9%80%E0%B8%84%E0%B9%89%E0%B8%81%22]; _gid=GA1.3.149523128.1630761915; AKA_A2=A; _hjAbsoluteSessionInProgress=0; RT="z=1&amp;dm=officemate.co.th&amp;si=35e03737-c8f6-497a-a2b6-196c4212a494&amp;ss=kt78gf14&amp;sl=2&amp;tt=c3d&amp;rl=1&amp;ul=bs6e&amp;hd=bstf"; originalLocation=https://www.officemate.co.th/en; lang=en; _ga=GA1.3.1422895306.1629955396; _gat_UA-12345-1=1; _gat_UA-11520015-17=1; _ga_HZ7YT7QQR1=GS1.1.1630850810.26.0.1630850810.0; _gat=1</arg>
<arg>VQMOUF5SABAHVlRQAAIAVFc=</arg>
<arg>en</arg>
<arg>500</arg>
<kw name="Get And Vaidation" library="get_request">
<arg>${is_flash_deal}</arg>
<arg>${flash_deal_enable}</arg>
<arg>${sort}</arg>
<arg>${type_id}</arg>
<arg>${typeid}</arg>
<arg>${flash_deal_from}</arg>
<arg>${flash_deal_from_day}</arg>
<arg>${flash_deal_to}</arg>
<arg>${flash_deal_to_day}</arg>
<arg>${x_subject_id}</arg>
<arg>${visibility}</arg>
<arg>${status}</arg>
<arg>${cookie}</arg>
<arg>${x-newrelic-id}</arg>
<arg>${x-store-code}</arg>
<arg>${api_url}</arg>
<arg>${response_code}</arg>
<kw name="Run Keyword And Ignore Error" library="BuiltIn">
<var>${status}</var>
<var>${resp}</var>
<arg>api_request.Get Request</arg>
<arg>${is_flash_deal}</arg>
<arg>${flash_deal_enable}</arg>
<arg>${sort}</arg>
<arg>${type_id}</arg>
<arg>${typeid}</arg>
<arg>${flash_deal_from}</arg>
<arg>${flash_deal_from_day}</arg>
<arg>${flash_deal_to}</arg>
<arg>${flash_deal_to_day}</arg>
<arg>${x_subject_id}</arg>
<arg>${visibility}</arg>
<arg>${status}</arg>
<arg>${cookie}</arg>
<arg>${x-newrelic-id}</arg>
<arg>${x-store-code}</arg>
<arg>${api_url}</arg>
<doc>Runs the given keyword with the given arguments and ignores possible error.</doc>
<kw name="Get Request" library="api_request">
<arg>${is_flash_deal}</arg>
<arg>${flash_deal_enable}</arg>
<arg>${sort}</arg>
<arg>${type_id}</arg>
<arg>${typeid}</arg>
<arg>${flash_deal_from}</arg>
<arg>${flash_deal_from_day}</arg>
<arg>${flash_deal_to}</arg>
<arg>${flash_deal_to_day}</arg>
<arg>${x_subject_id}</arg>
<arg>${visibility}</arg>
<arg>${status}</arg>
<arg>${cookie}</arg>
<arg>${x-newrelic-id}</arg>
<arg>${x-store-code}</arg>
<arg>${api_url}</arg>
<kw name="Create Dictionary" library="BuiltIn">
<var>${header}</var>
<arg>cookie=${cookie}</arg>
<arg>x-newrelic-id=${x-newrelic-id}</arg>
<arg>x-store-code=${x-store-code}</arg>
<doc>Creates and returns a dictionary based on the given ``items``.</doc>
<msg timestamp="20210906 14:55:54.288" level="INFO">${header} = {'cookie': 'utm_source=; utm_medium=; utm_campaign=; guest=bDENtRlm1UchRTFGA3SP9MltOvCXnPff; _fbp=fb.2.1629955397080.1027180985; _hjid=33c6dd2c-e604-4d7a-8768-72605534e6c3; scarab.visitor=%2270AAAA693...</msg>
<status status="PASS" starttime="20210906 14:55:54.288" endtime="20210906 14:55:54.288"/>
</kw>
<kw name="GET" library="RequestsLibrary">
<var>${resp}</var>
<arg>${api_url}/search/productSection/en</arg>
<arg>params=is_flash_deal=${is_flash_deal}&amp;flash_deal_enable=${flash_deal_enable}&amp;sort=${sort}&amp;type_id=$neq&amp;type_id=${typeid}&amp;flash_deal_from=${flash_deal_from}&amp;flash_deal_from=${flash_deal_from_day}&amp;flash_deal_to=${flash_deal_to}&amp;flash_deal_to=${flash_deal_to_day}&amp;x_subject_id=${x_subject_id}&amp;visibility=${visibility}&amp;status=${status}</arg>
<arg>headers=${header}</arg>
<doc>Sends a GET request.</doc>
<msg timestamp="20210906 14:55:56.584" level="INFO">GET Request : url=https://www.officemate.co.th/api//search/productSection/en?is_flash_deal=1&amp;flash_deal_enable=acb&amp;sort=flash_deal_position_asc&amp;type_id=$neq&amp;type_id=configurable&amp;flash_deal_from=$gteq&amp;flash_deal_from=2019-11-24+17:00:00&amp;flash_deal_to=$lteq&amp;flash_deal_to=2021-12-31+16:59:00&amp;x_subject_id=bDENtRlm1UchRTFGA3SP9MltOvCXnPff&amp;visibility=4&amp;status=1 
 path_url=/api//search/productSection/en?is_flash_deal=1&amp;flash_deal_enable=acb&amp;sort=flash_deal_position_asc&amp;type_id=$neq&amp;type_id=configurable&amp;flash_deal_from=$gteq&amp;flash_deal_from=2019-11-24+17:00:00&amp;flash_deal_to=$lteq&amp;flash_deal_to=2021-12-31+16:59:00&amp;x_subject_id=bDENtRlm1UchRTFGA3SP9MltOvCXnPff&amp;visibility=4&amp;status=1 
 headers={'User-Agent': 'python-requests/2.26.0', 'Accept-Encoding': 'gzip, deflate', 'Accept': '*/*', 'Connection': 'keep-alive', 'cookie': 'utm_source=; utm_medium=; utm_campaign=; guest=bDENtRlm1UchRTFGA3SP9MltOvCXnPff; _fbp=fb.2.1629955397080.1027180985; _hjid=33c6dd2c-e604-4d7a-8768-72605534e6c3; scarab.visitor=%2270AAAA6936688C1F%22; scarab.profile=%22OFMY007899%7C1629956085%22; _HistorySearch=[%22kh%C3%B4ng%20t%E1%BB%93n%20t%E1%BA%A1i%22%2C%22samSUNG123%22%2C%22samsung%22%2C%22dsdsdsd%22%2C%22%E0%B9%84%E0%B8%A1%E0%B9%88%E0%B9%84%E0%B8%94%E0%B9%89%E0%B8%AD%E0%B8%A2%E0%B8%B9%E0%B9%88%E0%B9%84%E0%B8%A1%E0%B9%88%E0%B9%84%E0%B8%94%E0%B9%89%E0%B8%AD%E0%B8%A2%E0%B8%B9%E0%B9%88%E0%B9%84%E0%B8%A1%E0%B9%88%E0%B9%84%E0%B8%94%E0%B9%89%E0%B8%AD%E0%B8%A2%E0%B8%B9%E0%B9%88%E0%B9%84%E0%B8%A1%E0%B9%88%E0%B9%84%E0%B8%94%E0%B9%89%E0%B8%AD%E0%B8%A2%E0%B8%B9%E0%B9%88%22%2C%22%E0%B9%84%E0%B8%A1%E0%B9%88%E0%B9%84%E0%B8%94%E0%B9%89%E0%B8%AD%E0%B8%A2%E0%B8%B9%E0%B9%88%22%2C%22%20%20%20%22%2C%22zxcvnm%22%2C%22iphone%22%2C%22%E0%B9%80%E0%B8%84%E0%B9%89%E0%B8%81%22]; _gid=GA1.3.149523128.1630761915; AKA_A2=A; _hjAbsoluteSessionInProgress=0; RT="z=1&amp;dm=officemate.co.th&amp;si=35e03737-c8f6-497a-a2b6-196c4212a494&amp;ss=kt78gf14&amp;sl=2&amp;tt=c3d&amp;rl=1&amp;ul=bs6e&amp;hd=bstf"; originalLocation=https://www.officemate.co.th/en; lang=en; _ga=GA1.3.1422895306.1629955396; _gat_UA-12345-1=1; _gat_UA-11520015-17=1; _ga_HZ7YT7QQR1=GS1.1.1630850810.26.0.1630850810.0; _gat=1', 'x-newrelic-id': 'VQMOUF5SABAHVlRQAAIAVFc=', 'x-store-code': 'en'} 
 body=None 
 </msg>
<msg timestamp="20210906 14:55:56.584" level="INFO">GET Response : url=https://www.officemate.co.th/api//search/productSection/en?is_flash_deal=1&amp;flash_deal_enable=acb&amp;sort=flash_deal_position_asc&amp;type_id=$neq&amp;type_id=configurable&amp;flash_deal_from=$gteq&amp;flash_deal_from=2019-11-24+17:00:00&amp;flash_deal_to=$lteq&amp;flash_deal_to=2021-12-31+16:59:00&amp;x_subject_id=bDENtRlm1UchRTFGA3SP9MltOvCXnPff&amp;visibility=4&amp;status=1 
 status=200, reason=OK 
 headers={'Content-Type': 'application/json; charset=utf-8', 'X-Powered-By': 'Express', 'x-frame-options': 'SAMEORIGIN', 'x-xss-protection': '1; mode=block', 'Cache-Control': 'public, max-age=120', 'ETag': 'W/"21871a-kAkvBa+fbePUPz9a3d7K3I0fhIQ"', 'Content-Encoding': 'gzip', 'Date': 'Mon, 06 Sep 2021 07:55:54 GMT', 'Transfer-Encoding': 'chunked', 'Connection': 'keep-alive, Transfer-Encoding', 'Vary': 'Accept-Encoding', 'Server-Timing': 'cdn-cache; desc=MISS, edge; dur=40, origin; dur=276'} 
 body={"products":{"total_count":463,"products":[{"id":117891,"type_id":"simple","name":"OFM Copier Paper A4 80 gsm. 500 Sheets 5 Reams/Pack","brand_name":"OFM","small_image":"/5/0/5007441.jpg","image":"/5/0/5007441.jpg","thumbnail":"/5/0/5007441.jpg","url_key":"ออฟฟิศเมท-กระดาษถ่ายเอกสาร-a4-80แกรม-แพ็ค5รีม-ออฟฟิศเมท-ofm5007441","attribute_set_id":21,"visibility":4,"status":1,"is_returnable":"2","category":[{"category_id":2,"level":1,"parent_id":1,"url_key":"default-category"},{"category_id":107,"name":"Office Supplies","level":2,"parent_id":2,"url_key":"office-supplies","url_path":"office-supplies"},{"category_id":147,"name":"Paper","level":3,"parent_id":107,"url_key":"paper","url_path":"office-supplies/paper"},{"category_id":148,"name":"Copier Paper","level":4,"parent_id":147,"url_key":"copier-paper","url_path":"office-supplies/paper/copier-paper","is_parent":true},{"category_id":1501,"name":"promotions","level":2,"parent_id":2,"url_key":"promotions","url_path":"promotions"},{"category_id":4855,"name":"Best Seller","level":3,"parent_id":107,"url_key":"best-seller","url_path":"office-supplies/best-seller","is_parent":true},{"category_id":4856,"name":"Promotion","level":3,"parent_id":107,"url_key":"promotion","url_path":"office-supplies/promotion","is_parent":true},{"category_id":6171,"name":"ลดแรง! แถมเต็มพิกัด! กระดาษ นานาชนิด","level":3,"parent_id":1501,"url_key":"paper-1-31aug21","url_path":"promotions/paper-1-31aug21","is_parent":true},{"category_id":6314,"name":"ลดแรง! แถมเต็มพิกัด! กระดาษ นานาชนิด","level":3,"parent_id":1501,"url_key":"paper-1-30sep21","url_path":"promotions/paper-1-30sep21","is_parent":true}],"price":519,"tier_prices":[{"price":509,"original_price":519,"customer_group_id":0,"is_discount":true},{"price":509,"original_price":519,"customer_group_id":1,"is_discount":true},{"price":509,"original_price":519,"customer_group_id":2,"is_discount":true},{"price":509,"original_price":519,"customer_group_id":3,"is_discount":true},{"price":509,"original_price":519,"customer_group_id":4,"is_discount":true},{"price":509,"original_price":519,"customer_group_id":5,"is_discount":true}],"special_price":509,"special_from_date":"2021-09-01T00:00:00","special_to_date":"2021-09-30T23:59:59","stock":{"qty":2093,"is_in_stock":true},"custom_attributes_option":[{"attribute_code":"small_image","value":"/5/0/5007441.jpg","position":0},{"attribute_code":"special_from_date","value":"2021-09-01 00:00:00","position":0},{"attribute_code":"in_xml_sitemap","value":"Include in XML Sitemap","position":0},{"attribute_code":"swatch_image","value":"/5/0/5007441.jpg","position":0},{"attribute_code":"visibility","value":4,"position":0},{"attribute_code":"ofm_green_product","value":"General Product","position":0},{"attribute_code":"percent_discount","value":2,"position":0},{"attribute_code":"flash_deal_from","value":"2021-08-31 17:00:00","position":0},{"attribute_code":"price_inc_tax","value":519,"position":0},{"attribute_code":"created_at","value":"2020-10-07 15:13:28","position":0},{"attribute_code":"special_price","value":509,"position":0},{"attribute_code":"rating","value":5,"position":0},{"attribute_code":"unit","value":"PK","position":0},{"attribute_code":"is_bestdeal","value":"Is Best Deal","position":0},{"attribute_code":"ts_dimensions_width","value":230,"position":0},{"attribute_code":"shipment_group_id","value":"MKP_2022","position":0},{"attribute_code":"ofm_product_type","value":15,"position":0},{"attribute_code":"weight","value":13000,"position":0},{"attribute_code":"description","value":"&lt;ul&gt;\r\n&lt;li&gt;กระดาษถ่ายเอกสาร A4 80 แกรม&lt;/li&gt;\r\n&lt;li&gt;กระดาษดี การันตีคุณภาพ ระดับ Premium&lt;/li&gt;\r\n&lt;li&gt;เนื้อกระดาษขาว สว่าง&lt;/li&gt;\r\n&lt;li&gt;เนื้อกระดาษหนา ใช้งานกระดาษได้ดีทั้ง 2 หน้า ไม่มีปัญหาเรื่องมองทะลุหลัง&lt;/li&gt;\r\n&lt;li&gt;กระดาษเรียบเนียน พิมพ์ลื่น สม่ำเสมอ&lt;/li&gt;\r\n&lt;li&gt;ให้งานพิมพ์คุณภาพ สวย คมชัดแบบมืออาชีพ ไม่ว่าจะงานพิมพ์สีหรือขาวดำ&lt;/li&gt;\r\n&lt;li&gt;ตอบโจทย์ทุกการใช้งาน ทั้งงานเอกสารและงานพิมพ์&lt;/li&gt;\r\n&lt;li&gt;สามารถใช้งานได้ดีกับเครื่องถ่ายเอกสารและเครื่องพิมพ์สำนักงานทุกชนิด&lt;/li&gt;\r\n&lt;li&gt;ห่อด้วยกระดาษเคลือบมัน ช่วยป้องกันความชื้น ให้กระดาษภายในคงสภาพดี พร้อมใช้งาน&lt;/li&gt;\r\n&lt;li&gt;มั่นใจทุกกล่อง กระดาษดีทุกแผ่น เพราะผลิตจากโรงงานมาตรฐานกระดาษแบรนด์ชั้นนำของไทย โดยบริษัท ฟินิคซ พัลพ แอนด์ เพเพอร์ จำกัด (มหาชน) สำนักงานใหญ่ เลขที่ 1 ถ.ปูนซิเมนต์ไทย บางซื่อ กรุงเทพฯ 10800&lt;/li&gt;\r\n&lt;li&gt;ได้รับการรับรองมาตรฐานอุตสาหกรรม (มอก.)&lt;/li&gt;\r\n&lt;li&gt;ได้รับการรับรองระบบบริหารงานคุณภาพ ISO9001&lt;/li&gt;\r\n&lt;li&gt;ได้รับการรับรองมาตรฐานระบบการจัดการสิ่งแวดล้อม ISO14001&lt;/li&gt;\r\n&lt;li&gt;ได้รับการรับรองมาตรฐานการจัดการอาชีวอนามัย และความปลอดภัย ISO45001&lt;/li&gt;\r\n&lt;li&gt;กระดาษหนา 80 แกรม&lt;/li&gt;\r\n&lt;li&gt;ขนาดกระดาษ (กว้าง x ยาว) : 210 x 297 มม. (A4)&lt;/li&gt;\r\n&lt;li&gt;จำนวน 500 แผ่น/รีม , 5 รีม/แพ็ค&lt;/li&gt;\r\n&lt;/ul&gt;","position":0},{"attribute_code":"flash_deal_position","value":1,"position":0},{"attribute_code":"ts_dimensions_length","value":310,"position":0},{"attribute_code":"special_expires_at","value":"2021-09-30 23:59:59","position":0},{"attribute_code":"a_series_paper_size_dp","value":"A4","position":0},{"attribute_code":"ts_dimensions_height","value":260,"position":0},{"attribute_code":"updated_at","value":"2021-09-06 06:21:13","position":0},{"attribute_code":"has_options","value":false,"position":0},{"attribute_code":"barcode","value":"8852413917305","position":0},{"attribute_code":"image","value":"/5/0/5007441.jpg","position":0},{"attribute_code":"price_discount","value":1.93,"position":0},{"attribute_code":"status","value":"Enabled","position":0},{"attribute_code":"short_description","value":"&lt;ul&gt;\r\n&lt;li&gt;กระดาษถ่ายเอกสาร A4 80 แกรม&lt;/li&gt;\r\n&lt;li&gt;กระดาษดี การันตีคุณภาพ ระดับ Premium&lt;/li&gt;\r\n&lt;li&gt;เนื้อกระดาษขาว สว่าง&lt;/li&gt;\r\n&lt;li&gt;เนื้อกระดาษหนา ใช้งานกระดาษได้ดีทั้ง 2 หน้า ไม่มีปัญหาเรื่องมองทะลุหลัง&lt;/li&gt;\r\n&lt;li&gt;กระดาษเรียบเนียน พิมพ์ลื่น สม่ำเสมอ&lt;/li&gt;\r\n&lt;li&gt;ให้งานพิมพ์คุณภาพ สวย คมชัดแบบมืออาชีพ ไม่ว่าจะงานพิมพ์สีหรือขาวดำ&lt;/li&gt;\r\n&lt;li&gt;ตอบโจทย์ทุกการใช้งาน ทั้งงานเอกสารและงานพิมพ์&lt;/li&gt;\r\n&lt;li&gt;มั่นใจทุกกล่อง กระดาษดีทุกแผ่น เพราะผลิตจากโรงงานมาตรฐานกระดาษแบรนด์ชั้นนำของไทย&lt;/li&gt;\r\n&lt;li&gt;กระดาษหนา 80 แกรม&lt;/li&gt;\r\n&lt;li&gt;ขนาดกระดาษ (กว้าง x ยาว) : 210 x 297 มม. (A4)&lt;/li&gt;\r\n&lt;li&gt;จำนวน 500 แผ่น/รีม , 5 รีม/แพ็ค&lt;/li&gt;\r\n&lt;/ul&gt;","position":0},{"attribute_code":"special_to_date","value":"2021-09-30 23:59:59","position":0},{"attribute_code":"flash_deal_enable","value":"Enable","position":0},{"attribute_code":"is_returnable","value":"2","position":0},{"attribute_code":"brand_name","value":"OFM","position":0},{"attribute_code":"search_keywords","value":"OFM Copier Paper A4 80 gsm. 500 Sheets 5 Reams/Pack กระดาษถ่ายเอกสาร OFM A4 80 แกรม 500 แผ่น 5 รีม/แพ็ค","position":0},{"attribute_code":"special_price_inc_tax","value":509,"position":0},{"attribute_code":"url_key","value":"ออฟฟิศเมท-กระดาษถ่ายเอกสาร-a4-80แกรม-แพ็ค5รีม-ออฟฟิศเมท-ofm5007441","values":["ออฟฟิศเมท-กระดาษถ่ายเอกสาร-a4-80แกรม-แพ็ค5รีม-ออฟฟิศเมท-ofm5007441"],"position":0},{"attribute_code":"package_dp","value":"Pack","position":0},{"attribute_code":"delivery_surcharge_fee","value":100,"position":0},{"attribute_code":"product_group","value":"A","position":0},{"attribute_code":"total_vote","value":2,"position":0},{"attribute_code":"flash_deal_to","value":"2021-09-15 16:59:00","position":0},{"attribute_code":"flash_deal_sold_qty","value":115,"position":0},{"attribute_code":"required_options","value":false,"position":0},{"attribute_code":"sold_qty","value":81,"position":0},{"attribute_code":"options_container","value":"Block after Info Column","position":0},{"attribute_code":"tax_class_id","value":"Taxable Goods","position":0},{"attribute_code":"flash_deal_qty","value":9999,"position":0},{"attribute_code":"thumbnail","value":"/5/0/5007441.jpg","position":0},{"attribute_code":"brightness_rating_copier_dp","value":"80 grams","position":1}],"custom_attributes":[{"attribute_code":"name","name":"name","label":"Product Name","value":"OFM Copier Paper A4 80 gsm. 500 Sheets 5 Reams/Pack"},{"attribute_code":"image","name":"image","label":"Base","value":"/5/0/5007441.jpg"},{"attribute_code":"small_image","name":"small_image","label":"Small","value":"/5/0/5007441.jpg"},{"attribute_code":"thumbnail","name":"thumbnail","label":"Thumbnail","value":"/5/0/5007441.jpg"},{"attribute_code":"options_container","name":"options_container","label":"Display Product Options In","value":"container2"},{"attribute_code":"url_key","name":"url_key","label":"URL Key","value":"ออฟฟิศเมท-กระดาษถ่ายเอกสาร-a4-80แกรม-แพ็ค5รีม-ออฟฟิศเมท-ofm5007441"},{"attribute_code":"msrp_display_actual_price_type","name":"msrp_display_actual_price_type","label":"Display Actual Price","value":"0"},{"attribute_code":"gift_message_available","name":"gift_message_available","label":"Allow Gift Message","value":"0"},{"attribute_code":"gift_wrapping_available","name":"gift_wrapping_available","label":"Allow Gift Wrapping","value":"0"},{"attribute_code":"is_returnable","name":"is_returnable","label":"Enable RMA","value":"2"},{"attribute_code":"swatch_image","name":"swatch_image","label":"Swatch","value":"/5/0/5007441.jpg"},{"attribute_code":"unit","name":"unit","label":"Unit","value":"PK"},{"attribute_code":"discount_code","name":"discount_code","label":"DISCOUNT CODE","value":"0"},{"attribute_code":"barcode","name":"barcode","label":"Barcode","value":"8852413917305"},{"attribute_code":"product_group","name":"product_group","label":"Product Group","value":"a"},{"attribute_code":"search_keywords","name":"search_keywords","label":"ElasticSuite Search Keywords","value":"OFM Copier Paper A4 80 gsm. 500 Sheets 5 Reams/Pack กระดาษถ่ายเอกสาร OFM A4 80 แกรม 500 แผ่น 5 รีม/แพ็ค"},{"attribute_code":"description","name":"description","label":"Description","value":"&lt;ul&gt;\r\n&lt;li&gt;กระดาษถ่ายเอกสาร A4 80 แกรม&lt;/li&gt;\r\n&lt;li&gt;กระดาษดี การันตีคุณภาพ ระดับ Premium&lt;/li&gt;\r\n&lt;li&gt;เนื้อกระดาษขาว สว่าง&lt;/li&gt;\r\n&lt;li&gt;เนื้อกระดาษหนา ใช้งานกระดาษได้ดีทั้ง 2 หน้า ไม่มีปัญหาเรื่องมองทะลุหลัง&lt;/li&gt;\r\n&lt;li&gt;กระดาษเรียบเนียน พิมพ์ลื่น สม่ำเสมอ&lt;/li&gt;\r\n&lt;li&gt;ให้งานพิมพ์คุณภาพ สวย คมชัดแบบมืออาชีพ ไม่ว่าจะงานพิมพ์สีหรือขาวดำ&lt;/li&gt;\r\n&lt;li&gt;ตอบโจทย์ทุกการใช้งาน ทั้งงานเอ... (set the log level to DEBUG or TRACE to see the full content) 
 </msg>
<msg timestamp="20210906 14:55:56.600" level="INFO">${resp} = &lt;Response [200]&gt;</msg>
<status status="PASS" starttime="20210906 14:55:54.289" endtime="20210906 14:55:56.600"/>
</kw>
<status status="PASS" starttime="20210906 14:55:54.286" endtime="20210906 14:55:56.600"/>
</kw>
<msg timestamp="20210906 14:55:56.600" level="INFO">${status} = PASS</msg>
<msg timestamp="20210906 14:55:56.600" level="INFO">${resp} = &lt;Response [200]&gt;</msg>
<status status="PASS" starttime="20210906 14:55:54.284" endtime="20210906 14:55:56.600"/>
</kw>
<kw name="Run Keyword If" library="BuiltIn">
<arg>'${status}'=='PASS'</arg>
<arg>Status Should Be</arg>
<arg>${response_code}</arg>
<arg>${resp}</arg>
<doc>Runs the given keyword with the given arguments, if ``condition`` is true.</doc>
<kw name="Status Should Be" library="RequestsLibrary">
<arg>${response_code}</arg>
<arg>${resp}</arg>
<doc>Fails if response status code is different than the expected.</doc>
<msg timestamp="20210906 14:55:56.600" level="FAIL">Url: https://www.officemate.co.th/api//search/productSection/en?is_flash_deal=1&amp;flash_deal_enable=acb&amp;sort=flash_deal_position_asc&amp;type_id=$neq&amp;type_id=configurable&amp;flash_deal_from=$gteq&amp;flash_deal_from=2019-11-24+17:00:00&amp;flash_deal_to=$lteq&amp;flash_deal_to=2021-12-31+16:59:00&amp;x_subject_id=bDENtRlm1UchRTFGA3SP9MltOvCXnPff&amp;visibility=4&amp;status=1 Expected status: 200 != 500</msg>
<status status="FAIL" starttime="20210906 14:55:56.600" endtime="20210906 14:55:56.600"/>
</kw>
<status status="FAIL" starttime="20210906 14:55:56.600" endtime="20210906 14:55:56.600"/>
</kw>
<kw name="Run Keyword If" library="BuiltIn">
<arg>'${status}'=='FAIL'</arg>
<arg>Should Contain</arg>
<arg>${resp}</arg>
<arg>${response_code}</arg>
<doc>Runs the given keyword with the given arguments, if ``condition`` is true.</doc>
<status status="NOT RUN" starttime="20210906 14:55:56.600" endtime="20210906 14:55:56.600"/>
</kw>
<status status="FAIL" starttime="20210906 14:55:54.280" endtime="20210906 14:55:56.600"/>
</kw>
<status status="FAIL" starttime="20210906 14:55:54.278" endtime="20210906 14:55:56.600"/>
</kw>
<status status="FAIL" starttime="20210906 14:55:54.276" endtime="20210906 14:55:56.600">Url: https://www.officemate.co.th/api//search/productSection/en?is_flash_deal=1&amp;flash_deal_enable=acb&amp;sort=flash_deal_position_asc&amp;type_id=$neq&amp;type_id=configurable&amp;flash_deal_from=$gteq&amp;flash_deal_from=2019-11-24+17:00:00&amp;flash_deal_to=$lteq&amp;flash_deal_to=2021-12-31+16:59:00&amp;x_subject_id=bDENtRlm1UchRTFGA3SP9MltOvCXnPff&amp;visibility=4&amp;status=1 Expected status: 200 != 500</status>
</test>
<test id="s1-s1-s1-t3" name="Jsonplaceholder Get Request Test">
<kw name="Get Request">
<arg>1</arg>
<arg>1</arg>
<arg>1</arg>
<arg>$neg</arg>
<arg>configurable</arg>
<arg>$gteq</arg>
<arg>2019-11-24+17:00:00</arg>
<arg>$lteq</arg>
<arg>2021-12-31+16:59:00</arg>
<arg>bDENtRlm1UchRTFGA3SP9MltOvCXnPff</arg>
<arg>4</arg>
<arg>1</arg>
<arg>utm_source=; utm_medium=; utm_campaign=; guest=bDENtRlm1UchRTFGA3SP9MltOvCXnPff; _fbp=fb.2.1629955397080.1027180985; _hjid=33c6dd2c-e604-4d7a-8768-72605534e6c3; scarab.visitor=%2270AAAA6936688C1F%22; scarab.profile=%22OFMY007899%7C1629956085%22; _HistorySearch=[%22kh%C3%B4ng%20t%E1%BB%93n%20t%E1%BA%A1i%22%2C%22samSUNG123%22%2C%22samsung%22%2C%22dsdsdsd%22%2C%22%E0%B9%84%E0%B8%A1%E0%B9%88%E0%B9%84%E0%B8%94%E0%B9%89%E0%B8%AD%E0%B8%A2%E0%B8%B9%E0%B9%88%E0%B9%84%E0%B8%A1%E0%B9%88%E0%B9%84%E0%B8%94%E0%B9%89%E0%B8%AD%E0%B8%A2%E0%B8%B9%E0%B9%88%E0%B9%84%E0%B8%A1%E0%B9%88%E0%B9%84%E0%B8%94%E0%B9%89%E0%B8%AD%E0%B8%A2%E0%B8%B9%E0%B9%88%E0%B9%84%E0%B8%A1%E0%B9%88%E0%B9%84%E0%B8%94%E0%B9%89%E0%B8%AD%E0%B8%A2%E0%B8%B9%E0%B9%88%22%2C%22%E0%B9%84%E0%B8%A1%E0%B9%88%E0%B9%84%E0%B8%94%E0%B9%89%E0%B8%AD%E0%B8%A2%E0%B8%B9%E0%B9%88%22%2C%22%20%20%20%22%2C%22zxcvnm%22%2C%22iphone%22%2C%22%E0%B9%80%E0%B8%84%E0%B9%89%E0%B8%81%22]; _gid=GA1.3.149523128.1630761915; AKA_A2=A; _hjAbsoluteSessionInProgress=0; RT="z=1&amp;dm=officemate.co.th&amp;si=35e03737-c8f6-497a-a2b6-196c4212a494&amp;ss=kt78gf14&amp;sl=2&amp;tt=c3d&amp;rl=1&amp;ul=bs6e&amp;hd=bstf"; originalLocation=https://www.officemate.co.th/en; lang=en; _ga=GA1.3.1422895306.1629955396; _gat_UA-12345-1=1; _gat_UA-11520015-17=1; _ga_HZ7YT7QQR1=GS1.1.1630850810.26.0.1630850810.0; _gat=1</arg>
<arg>VQMOUF5SABAHVlRQAAIAVFc=</arg>
<arg>en</arg>
<arg>500</arg>
<kw name="Get And Vaidation" library="get_request">
<arg>${is_flash_deal}</arg>
<arg>${flash_deal_enable}</arg>
<arg>${sort}</arg>
<arg>${type_id}</arg>
<arg>${typeid}</arg>
<arg>${flash_deal_from}</arg>
<arg>${flash_deal_from_day}</arg>
<arg>${flash_deal_to}</arg>
<arg>${flash_deal_to_day}</arg>
<arg>${x_subject_id}</arg>
<arg>${visibility}</arg>
<arg>${status}</arg>
<arg>${cookie}</arg>
<arg>${x-newrelic-id}</arg>
<arg>${x-store-code}</arg>
<arg>${api_url}</arg>
<arg>${response_code}</arg>
<kw name="Run Keyword And Ignore Error" library="BuiltIn">
<var>${status}</var>
<var>${resp}</var>
<arg>api_request.Get Request</arg>
<arg>${is_flash_deal}</arg>
<arg>${flash_deal_enable}</arg>
<arg>${sort}</arg>
<arg>${type_id}</arg>
<arg>${typeid}</arg>
<arg>${flash_deal_from}</arg>
<arg>${flash_deal_from_day}</arg>
<arg>${flash_deal_to}</arg>
<arg>${flash_deal_to_day}</arg>
<arg>${x_subject_id}</arg>
<arg>${visibility}</arg>
<arg>${status}</arg>
<arg>${cookie}</arg>
<arg>${x-newrelic-id}</arg>
<arg>${x-store-code}</arg>
<arg>${api_url}</arg>
<doc>Runs the given keyword with the given arguments and ignores possible error.</doc>
<kw name="Get Request" library="api_request">
<arg>${is_flash_deal}</arg>
<arg>${flash_deal_enable}</arg>
<arg>${sort}</arg>
<arg>${type_id}</arg>
<arg>${typeid}</arg>
<arg>${flash_deal_from}</arg>
<arg>${flash_deal_from_day}</arg>
<arg>${flash_deal_to}</arg>
<arg>${flash_deal_to_day}</arg>
<arg>${x_subject_id}</arg>
<arg>${visibility}</arg>
<arg>${status}</arg>
<arg>${cookie}</arg>
<arg>${x-newrelic-id}</arg>
<arg>${x-store-code}</arg>
<arg>${api_url}</arg>
<kw name="Create Dictionary" library="BuiltIn">
<var>${header}</var>
<arg>cookie=${cookie}</arg>
<arg>x-newrelic-id=${x-newrelic-id}</arg>
<arg>x-store-code=${x-store-code}</arg>
<doc>Creates and returns a dictionary based on the given ``items``.</doc>
<msg timestamp="20210906 14:55:56.624" level="INFO">${header} = {'cookie': 'utm_source=; utm_medium=; utm_campaign=; guest=bDENtRlm1UchRTFGA3SP9MltOvCXnPff; _fbp=fb.2.1629955397080.1027180985; _hjid=33c6dd2c-e604-4d7a-8768-72605534e6c3; scarab.visitor=%2270AAAA693...</msg>
<status status="PASS" starttime="20210906 14:55:56.623" endtime="20210906 14:55:56.624"/>
</kw>
<kw name="GET" library="RequestsLibrary">
<var>${resp}</var>
<arg>${api_url}/search/productSection/en</arg>
<arg>params=is_flash_deal=${is_flash_deal}&amp;flash_deal_enable=${flash_deal_enable}&amp;sort=${sort}&amp;type_id=$neq&amp;type_id=${typeid}&amp;flash_deal_from=${flash_deal_from}&amp;flash_deal_from=${flash_deal_from_day}&amp;flash_deal_to=${flash_deal_to}&amp;flash_deal_to=${flash_deal_to_day}&amp;x_subject_id=${x_subject_id}&amp;visibility=${visibility}&amp;status=${status}</arg>
<arg>headers=${header}</arg>
<doc>Sends a GET request.</doc>
<msg timestamp="20210906 14:55:57.177" level="INFO">GET Request : url=https://www.officemate.co.th/api//search/productSection/en?is_flash_deal=1&amp;flash_deal_enable=1&amp;sort=1&amp;type_id=$neq&amp;type_id=configurable&amp;flash_deal_from=$gteq&amp;flash_deal_from=2019-11-24+17:00:00&amp;flash_deal_to=$lteq&amp;flash_deal_to=2021-12-31+16:59:00&amp;x_subject_id=bDENtRlm1UchRTFGA3SP9MltOvCXnPff&amp;visibility=4&amp;status=1 
 path_url=/api//search/productSection/en?is_flash_deal=1&amp;flash_deal_enable=1&amp;sort=1&amp;type_id=$neq&amp;type_id=configurable&amp;flash_deal_from=$gteq&amp;flash_deal_from=2019-11-24+17:00:00&amp;flash_deal_to=$lteq&amp;flash_deal_to=2021-12-31+16:59:00&amp;x_subject_id=bDENtRlm1UchRTFGA3SP9MltOvCXnPff&amp;visibility=4&amp;status=1 
 headers={'User-Agent': 'python-requests/2.26.0', 'Accept-Encoding': 'gzip, deflate', 'Accept': '*/*', 'Connection': 'keep-alive', 'cookie': 'utm_source=; utm_medium=; utm_campaign=; guest=bDENtRlm1UchRTFGA3SP9MltOvCXnPff; _fbp=fb.2.1629955397080.1027180985; _hjid=33c6dd2c-e604-4d7a-8768-72605534e6c3; scarab.visitor=%2270AAAA6936688C1F%22; scarab.profile=%22OFMY007899%7C1629956085%22; _HistorySearch=[%22kh%C3%B4ng%20t%E1%BB%93n%20t%E1%BA%A1i%22%2C%22samSUNG123%22%2C%22samsung%22%2C%22dsdsdsd%22%2C%22%E0%B9%84%E0%B8%A1%E0%B9%88%E0%B9%84%E0%B8%94%E0%B9%89%E0%B8%AD%E0%B8%A2%E0%B8%B9%E0%B9%88%E0%B9%84%E0%B8%A1%E0%B9%88%E0%B9%84%E0%B8%94%E0%B9%89%E0%B8%AD%E0%B8%A2%E0%B8%B9%E0%B9%88%E0%B9%84%E0%B8%A1%E0%B9%88%E0%B9%84%E0%B8%94%E0%B9%89%E0%B8%AD%E0%B8%A2%E0%B8%B9%E0%B9%88%E0%B9%84%E0%B8%A1%E0%B9%88%E0%B9%84%E0%B8%94%E0%B9%89%E0%B8%AD%E0%B8%A2%E0%B8%B9%E0%B9%88%22%2C%22%E0%B9%84%E0%B8%A1%E0%B9%88%E0%B9%84%E0%B8%94%E0%B9%89%E0%B8%AD%E0%B8%A2%E0%B8%B9%E0%B9%88%22%2C%22%20%20%20%22%2C%22zxcvnm%22%2C%22iphone%22%2C%22%E0%B9%80%E0%B8%84%E0%B9%89%E0%B8%81%22]; _gid=GA1.3.149523128.1630761915; AKA_A2=A; _hjAbsoluteSessionInProgress=0; RT="z=1&amp;dm=officemate.co.th&amp;si=35e03737-c8f6-497a-a2b6-196c4212a494&amp;ss=kt78gf14&amp;sl=2&amp;tt=c3d&amp;rl=1&amp;ul=bs6e&amp;hd=bstf"; originalLocation=https://www.officemate.co.th/en; lang=en; _ga=GA1.3.1422895306.1629955396; _gat_UA-12345-1=1; _gat_UA-11520015-17=1; _ga_HZ7YT7QQR1=GS1.1.1630850810.26.0.1630850810.0; _gat=1', 'x-newrelic-id': 'VQMOUF5SABAHVlRQAAIAVFc=', 'x-store-code': 'en'} 
 body=None 
 </msg>
<msg timestamp="20210906 14:55:57.178" level="INFO">GET Response : url=https://www.officemate.co.th/api//search/productSection/en?is_flash_deal=1&amp;flash_deal_enable=1&amp;sort=1&amp;type_id=$neq&amp;type_id=configurable&amp;flash_deal_from=$gteq&amp;flash_deal_from=2019-11-24+17:00:00&amp;flash_deal_to=$lteq&amp;flash_deal_to=2021-12-31+16:59:00&amp;x_subject_id=bDENtRlm1UchRTFGA3SP9MltOvCXnPff&amp;visibility=4&amp;status=1 
 status=500, reason=Internal Server Error 
 headers={'Content-Type': 'application/json; charset=utf-8', 'Content-Length': '62', 'X-Powered-By': 'Express', 'x-frame-options': 'SAMEORIGIN', 'x-xss-protection': '1; mode=block', 'ETag': 'W/"3e-h30rKD0AVpt4N572PmCD2xi+NCs"', 'Date': 'Mon, 06 Sep 2021 07:55:56 GMT', 'Connection': 'keep-alive', 'Server-Timing': 'cdn-cache; desc=MISS, edge; dur=33, origin; dur=30'} 
 body={"products":null,"message":"[object Object]","status":"error"} 
 </msg>
<msg timestamp="20210906 14:55:57.183" level="FAIL">HTTPError: 500 Server Error: Internal Server Error for url: https://www.officemate.co.th/api//search/productSection/en?is_flash_deal=1&amp;flash_deal_enable=1&amp;sort=1&amp;type_id=$neq&amp;type_id=configurable&amp;flash_deal_from=$gteq&amp;flash_deal_from=2019-11-24+17:00:00&amp;flash_deal_to=$lteq&amp;flash_deal_to=2021-12-31+16:59:00&amp;x_subject_id=bDENtRlm1UchRTFGA3SP9MltOvCXnPff&amp;visibility=4&amp;status=1</msg>
<status status="FAIL" starttime="20210906 14:55:56.624" endtime="20210906 14:55:57.184"/>
</kw>
<status status="FAIL" starttime="20210906 14:55:56.620" endtime="20210906 14:55:57.188"/>
</kw>
<msg timestamp="20210906 14:55:57.188" level="INFO">${status} = FAIL</msg>
<msg timestamp="20210906 14:55:57.188" level="INFO">${resp} = HTTPError: 500 Server Error: Internal Server Error for url: https://www.officemate.co.th/api//search/productSection/en?is_flash_deal=1&amp;flash_deal_enable=1&amp;sort=1&amp;type_id=$neq&amp;type_id=configurable&amp;flas...</msg>
<status status="PASS" starttime="20210906 14:55:56.619" endtime="20210906 14:55:57.188"/>
</kw>
<kw name="Run Keyword If" library="BuiltIn">
<arg>'${status}'=='PASS'</arg>
<arg>Status Should Be</arg>
<arg>${response_code}</arg>
<arg>${resp}</arg>
<doc>Runs the given keyword with the given arguments, if ``condition`` is true.</doc>
<status status="PASS" starttime="20210906 14:55:57.188" endtime="20210906 14:55:57.188"/>
</kw>
<kw name="Run Keyword If" library="BuiltIn">
<arg>'${status}'=='FAIL'</arg>
<arg>Should Contain</arg>
<arg>${resp}</arg>
<arg>${response_code}</arg>
<doc>Runs the given keyword with the given arguments, if ``condition`` is true.</doc>
<kw name="Should Contain" library="BuiltIn">
<arg>${resp}</arg>
<arg>${response_code}</arg>
<doc>Fails if ``container`` does not contain ``item`` one or more times.</doc>
<status status="PASS" starttime="20210906 14:55:57.188" endtime="20210906 14:55:57.188"/>
</kw>
<status status="PASS" starttime="20210906 14:55:57.188" endtime="20210906 14:55:57.188"/>
</kw>
<status status="PASS" starttime="20210906 14:55:56.616" endtime="20210906 14:55:57.188"/>
</kw>
<status status="PASS" starttime="20210906 14:55:56.614" endtime="20210906 14:55:57.188"/>
</kw>
<status status="PASS" starttime="20210906 14:55:56.612" endtime="20210906 14:55:57.188"/>
</test>
<test id="s1-s1-s1-t4" name="Jsonplaceholder Get Request Test">
<kw name="Get Request">
<arg>1</arg>
<arg>1</arg>
<arg>1</arg>
<arg>configurable</arg>
<arg>$gteq</arg>
<arg>2019-11-24+17:00:00</arg>
<arg>$lteq</arg>
<arg>2021-12-31+16:59:00</arg>
<arg>bDENtRlm1UchRTFGA3SP9MltOvCXnPff</arg>
<arg>4</arg>
<arg>1</arg>
<arg>utm_source=; utm_medium=; utm_campaign=; guest=bDENtRlm1UchRTFGA3SP9MltOvCXnPff; _fbp=fb.2.1629955397080.1027180985; _hjid=33c6dd2c-e604-4d7a-8768-72605534e6c3; scarab.visitor=%2270AAAA6936688C1F%22; scarab.profile=%22OFMY007899%7C1629956085%22; _HistorySearch=[%22kh%C3%B4ng%20t%E1%BB%93n%20t%E1%BA%A1i%22%2C%22samSUNG123%22%2C%22samsung%22%2C%22dsdsdsd%22%2C%22%E0%B9%84%E0%B8%A1%E0%B9%88%E0%B9%84%E0%B8%94%E0%B9%89%E0%B8%AD%E0%B8%A2%E0%B8%B9%E0%B9%88%E0%B9%84%E0%B8%A1%E0%B9%88%E0%B9%84%E0%B8%94%E0%B9%89%E0%B8%AD%E0%B8%A2%E0%B8%B9%E0%B9%88%E0%B9%84%E0%B8%A1%E0%B9%88%E0%B9%84%E0%B8%94%E0%B9%89%E0%B8%AD%E0%B8%A2%E0%B8%B9%E0%B9%88%E0%B9%84%E0%B8%A1%E0%B9%88%E0%B9%84%E0%B8%94%E0%B9%89%E0%B8%AD%E0%B8%A2%E0%B8%B9%E0%B9%88%22%2C%22%E0%B9%84%E0%B8%A1%E0%B9%88%E0%B9%84%E0%B8%94%E0%B9%89%E0%B8%AD%E0%B8%A2%E0%B8%B9%E0%B9%88%22%2C%22%20%20%20%22%2C%22zxcvnm%22%2C%22iphone%22%2C%22%E0%B9%80%E0%B8%84%E0%B9%89%E0%B8%81%22]; _gid=GA1.3.149523128.1630761915; AKA_A2=A; _hjAbsoluteSessionInProgress=0; RT="z=1&amp;dm=officemate.co.th&amp;si=35e03737-c8f6-497a-a2b6-196c4212a494&amp;ss=kt78gf14&amp;sl=2&amp;tt=c3d&amp;rl=1&amp;ul=bs6e&amp;hd=bstf"; originalLocation=https://www.officemate.co.th/en; lang=en; _ga=GA1.3.1422895306.1629955396; _gat_UA-12345-1=1; _gat_UA-11520015-17=1; _ga_HZ7YT7QQR1=GS1.1.1630850810.26.0.1630850810.0; _gat=1</arg>
<arg>VQMOUF5SABAHVlRQAAIAVFc=</arg>
<arg>en</arg>
<arg>500</arg>
<kw name="Get And Vaidation" library="get_request">
<arg>${is_flash_deal}</arg>
<arg>${flash_deal_enable}</arg>
<arg>${sort}</arg>
<arg>${type_id}</arg>
<arg>${typeid}</arg>
<arg>${flash_deal_from}</arg>
<arg>${flash_deal_from_day}</arg>
<arg>${flash_deal_to}</arg>
<arg>${flash_deal_to_day}</arg>
<arg>${x_subject_id}</arg>
<arg>${visibility}</arg>
<arg>${status}</arg>
<arg>${cookie}</arg>
<arg>${x-newrelic-id}</arg>
<arg>${x-store-code}</arg>
<arg>${api_url}</arg>
<arg>${response_code}</arg>
<kw name="Run Keyword And Ignore Error" library="BuiltIn">
<var>${status}</var>
<var>${resp}</var>
<arg>api_request.Get Request</arg>
<arg>${is_flash_deal}</arg>
<arg>${flash_deal_enable}</arg>
<arg>${sort}</arg>
<arg>${type_id}</arg>
<arg>${typeid}</arg>
<arg>${flash_deal_from}</arg>
<arg>${flash_deal_from_day}</arg>
<arg>${flash_deal_to}</arg>
<arg>${flash_deal_to_day}</arg>
<arg>${x_subject_id}</arg>
<arg>${visibility}</arg>
<arg>${status}</arg>
<arg>${cookie}</arg>
<arg>${x-newrelic-id}</arg>
<arg>${x-store-code}</arg>
<arg>${api_url}</arg>
<doc>Runs the given keyword with the given arguments and ignores possible error.</doc>
<kw name="Get Request" library="api_request">
<arg>${is_flash_deal}</arg>
<arg>${flash_deal_enable}</arg>
<arg>${sort}</arg>
<arg>${type_id}</arg>
<arg>${typeid}</arg>
<arg>${flash_deal_from}</arg>
<arg>${flash_deal_from_day}</arg>
<arg>${flash_deal_to}</arg>
<arg>${flash_deal_to_day}</arg>
<arg>${x_subject_id}</arg>
<arg>${visibility}</arg>
<arg>${status}</arg>
<arg>${cookie}</arg>
<arg>${x-newrelic-id}</arg>
<arg>${x-store-code}</arg>
<arg>${api_url}</arg>
<kw name="Create Dictionary" library="BuiltIn">
<var>${header}</var>
<arg>cookie=${cookie}</arg>
<arg>x-newrelic-id=${x-newrelic-id}</arg>
<arg>x-store-code=${x-store-code}</arg>
<doc>Creates and returns a dictionary based on the given ``items``.</doc>
<msg timestamp="20210906 14:55:57.219" level="INFO">${header} = {'cookie': 'utm_source=; utm_medium=; utm_campaign=; guest=bDENtRlm1UchRTFGA3SP9MltOvCXnPff; _fbp=fb.2.1629955397080.1027180985; _hjid=33c6dd2c-e604-4d7a-8768-72605534e6c3; scarab.visitor=%2270AAAA693...</msg>
<status status="PASS" starttime="20210906 14:55:57.218" endtime="20210906 14:55:57.219"/>
</kw>
<kw name="GET" library="RequestsLibrary">
<var>${resp}</var>
<arg>${api_url}/search/productSection/en</arg>
<arg>params=is_flash_deal=${is_flash_deal}&amp;flash_deal_enable=${flash_deal_enable}&amp;sort=${sort}&amp;type_id=$neq&amp;type_id=${typeid}&amp;flash_deal_from=${flash_deal_from}&amp;flash_deal_from=${flash_deal_from_day}&amp;flash_deal_to=${flash_deal_to}&amp;flash_deal_to=${flash_deal_to_day}&amp;x_subject_id=${x_subject_id}&amp;visibility=${visibility}&amp;status=${status}</arg>
<arg>headers=${header}</arg>
<doc>Sends a GET request.</doc>
<msg timestamp="20210906 14:55:57.802" level="INFO">GET Request : url=https://www.officemate.co.th/api//search/productSection/en?is_flash_deal=1&amp;flash_deal_enable=1&amp;sort=1&amp;type_id=$neq&amp;type_id=configurable&amp;flash_deal_from=$gteq&amp;flash_deal_from=2019-11-24+17:00:00&amp;flash_deal_to=$lteq&amp;flash_deal_to=2021-12-31+16:59:00&amp;x_subject_id=bDENtRlm1UchRTFGA3SP9MltOvCXnPff&amp;visibility=4&amp;status=1 
 path_url=/api//search/productSection/en?is_flash_deal=1&amp;flash_deal_enable=1&amp;sort=1&amp;type_id=$neq&amp;type_id=configurable&amp;flash_deal_from=$gteq&amp;flash_deal_from=2019-11-24+17:00:00&amp;flash_deal_to=$lteq&amp;flash_deal_to=2021-12-31+16:59:00&amp;x_subject_id=bDENtRlm1UchRTFGA3SP9MltOvCXnPff&amp;visibility=4&amp;status=1 
 headers={'User-Agent': 'python-requests/2.26.0', 'Accept-Encoding': 'gzip, deflate', 'Accept': '*/*', 'Connection': 'keep-alive', 'cookie': 'utm_source=; utm_medium=; utm_campaign=; guest=bDENtRlm1UchRTFGA3SP9MltOvCXnPff; _fbp=fb.2.1629955397080.1027180985; _hjid=33c6dd2c-e604-4d7a-8768-72605534e6c3; scarab.visitor=%2270AAAA6936688C1F%22; scarab.profile=%22OFMY007899%7C1629956085%22; _HistorySearch=[%22kh%C3%B4ng%20t%E1%BB%93n%20t%E1%BA%A1i%22%2C%22samSUNG123%22%2C%22samsung%22%2C%22dsdsdsd%22%2C%22%E0%B9%84%E0%B8%A1%E0%B9%88%E0%B9%84%E0%B8%94%E0%B9%89%E0%B8%AD%E0%B8%A2%E0%B8%B9%E0%B9%88%E0%B9%84%E0%B8%A1%E0%B9%88%E0%B9%84%E0%B8%94%E0%B9%89%E0%B8%AD%E0%B8%A2%E0%B8%B9%E0%B9%88%E0%B9%84%E0%B8%A1%E0%B9%88%E0%B9%84%E0%B8%94%E0%B9%89%E0%B8%AD%E0%B8%A2%E0%B8%B9%E0%B9%88%E0%B9%84%E0%B8%A1%E0%B9%88%E0%B9%84%E0%B8%94%E0%B9%89%E0%B8%AD%E0%B8%A2%E0%B8%B9%E0%B9%88%22%2C%22%E0%B9%84%E0%B8%A1%E0%B9%88%E0%B9%84%E0%B8%94%E0%B9%89%E0%B8%AD%E0%B8%A2%E0%B8%B9%E0%B9%88%22%2C%22%20%20%20%22%2C%22zxcvnm%22%2C%22iphone%22%2C%22%E0%B9%80%E0%B8%84%E0%B9%89%E0%B8%81%22]; _gid=GA1.3.149523128.1630761915; AKA_A2=A; _hjAbsoluteSessionInProgress=0; RT="z=1&amp;dm=officemate.co.th&amp;si=35e03737-c8f6-497a-a2b6-196c4212a494&amp;ss=kt78gf14&amp;sl=2&amp;tt=c3d&amp;rl=1&amp;ul=bs6e&amp;hd=bstf"; originalLocation=https://www.officemate.co.th/en; lang=en; _ga=GA1.3.1422895306.1629955396; _gat_UA-12345-1=1; _gat_UA-11520015-17=1; _ga_HZ7YT7QQR1=GS1.1.1630850810.26.0.1630850810.0; _gat=1', 'x-newrelic-id': 'VQMOUF5SABAHVlRQAAIAVFc=', 'x-store-code': 'en'} 
 body=None 
 </msg>
<msg timestamp="20210906 14:55:57.802" level="INFO">GET Response : url=https://www.officemate.co.th/api//search/productSection/en?is_flash_deal=1&amp;flash_deal_enable=1&amp;sort=1&amp;type_id=$neq&amp;type_id=configurable&amp;flash_deal_from=$gteq&amp;flash_deal_from=2019-11-24+17:00:00&amp;flash_deal_to=$lteq&amp;flash_deal_to=2021-12-31+16:59:00&amp;x_subject_id=bDENtRlm1UchRTFGA3SP9MltOvCXnPff&amp;visibility=4&amp;status=1 
 status=500, reason=Internal Server Error 
 headers={'Content-Type': 'application/json; charset=utf-8', 'Content-Length': '62', 'X-Powered-By': 'Express', 'x-frame-options': 'SAMEORIGIN', 'x-xss-protection': '1; mode=block', 'ETag': 'W/"3e-h30rKD0AVpt4N572PmCD2xi+NCs"', 'Date': 'Mon, 06 Sep 2021 07:55:57 GMT', 'Connection': 'keep-alive', 'Server-Timing': 'cdn-cache; desc=MISS, edge; dur=33, origin; dur=17'} 
 body={"products":null,"message":"[object Object]","status":"error"} 
 </msg>
<msg timestamp="20210906 14:55:57.802" level="FAIL">HTTPError: 500 Server Error: Internal Server Error for url: https://www.officemate.co.th/api//search/productSection/en?is_flash_deal=1&amp;flash_deal_enable=1&amp;sort=1&amp;type_id=$neq&amp;type_id=configurable&amp;flash_deal_from=$gteq&amp;flash_deal_from=2019-11-24+17:00:00&amp;flash_deal_to=$lteq&amp;flash_deal_to=2021-12-31+16:59:00&amp;x_subject_id=bDENtRlm1UchRTFGA3SP9MltOvCXnPff&amp;visibility=4&amp;status=1</msg>
<status status="FAIL" starttime="20210906 14:55:57.219" endtime="20210906 14:55:57.802"/>
</kw>
<status status="FAIL" starttime="20210906 14:55:57.216" endtime="20210906 14:55:57.802"/>
</kw>
<msg timestamp="20210906 14:55:57.802" level="INFO">${status} = FAIL</msg>
<msg timestamp="20210906 14:55:57.802" level="INFO">${resp} = HTTPError: 500 Server Error: Internal Server Error for url: https://www.officemate.co.th/api//search/productSection/en?is_flash_deal=1&amp;flash_deal_enable=1&amp;sort=1&amp;type_id=$neq&amp;type_id=configurable&amp;flas...</msg>
<status status="PASS" starttime="20210906 14:55:57.215" endtime="20210906 14:55:57.802"/>
</kw>
<kw name="Run Keyword If" library="BuiltIn">
<arg>'${status}'=='PASS'</arg>
<arg>Status Should Be</arg>
<arg>${response_code}</arg>
<arg>${resp}</arg>
<doc>Runs the given keyword with the given arguments, if ``condition`` is true.</doc>
<status status="PASS" starttime="20210906 14:55:57.802" endtime="20210906 14:55:57.802"/>
</kw>
<kw name="Run Keyword If" library="BuiltIn">
<arg>'${status}'=='FAIL'</arg>
<arg>Should Contain</arg>
<arg>${resp}</arg>
<arg>${response_code}</arg>
<doc>Runs the given keyword with the given arguments, if ``condition`` is true.</doc>
<kw name="Should Contain" library="BuiltIn">
<arg>${resp}</arg>
<arg>${response_code}</arg>
<doc>Fails if ``container`` does not contain ``item`` one or more times.</doc>
<status status="PASS" starttime="20210906 14:55:57.802" endtime="20210906 14:55:57.802"/>
</kw>
<status status="PASS" starttime="20210906 14:55:57.802" endtime="20210906 14:55:57.802"/>
</kw>
<status status="PASS" starttime="20210906 14:55:57.213" endtime="20210906 14:55:57.802"/>
</kw>
<status status="PASS" starttime="20210906 14:55:57.210" endtime="20210906 14:55:57.802"/>
</kw>
<status status="PASS" starttime="20210906 14:55:57.203" endtime="20210906 14:55:57.802"/>
</test>
<test id="s1-s1-s1-t5" name="Jsonplaceholder Get Request Test">
<kw name="Get Request">
<arg>1</arg>
<arg>1</arg>
<arg>1</arg>
<arg>configurable</arg>
<arg>2019-11-24+17:00:00</arg>
<arg>$lteq</arg>
<arg>2021-12-31+16:59:00</arg>
<arg>bDENtRlm1UchRTFGA3SP9MltOvCXnPff</arg>
<arg>4</arg>
<arg>1</arg>
<arg>utm_source=; utm_medium=; utm_campaign=; guest=bDENtRlm1UchRTFGA3SP9MltOvCXnPff; _fbp=fb.2.1629955397080.1027180985; _hjid=33c6dd2c-e604-4d7a-8768-72605534e6c3; scarab.visitor=%2270AAAA6936688C1F%22; scarab.profile=%22OFMY007899%7C1629956085%22; _HistorySearch=[%22kh%C3%B4ng%20t%E1%BB%93n%20t%E1%BA%A1i%22%2C%22samSUNG123%22%2C%22samsung%22%2C%22dsdsdsd%22%2C%22%E0%B9%84%E0%B8%A1%E0%B9%88%E0%B9%84%E0%B8%94%E0%B9%89%E0%B8%AD%E0%B8%A2%E0%B8%B9%E0%B9%88%E0%B9%84%E0%B8%A1%E0%B9%88%E0%B9%84%E0%B8%94%E0%B9%89%E0%B8%AD%E0%B8%A2%E0%B8%B9%E0%B9%88%E0%B9%84%E0%B8%A1%E0%B9%88%E0%B9%84%E0%B8%94%E0%B9%89%E0%B8%AD%E0%B8%A2%E0%B8%B9%E0%B9%88%E0%B9%84%E0%B8%A1%E0%B9%88%E0%B9%84%E0%B8%94%E0%B9%89%E0%B8%AD%E0%B8%A2%E0%B8%B9%E0%B9%88%22%2C%22%E0%B9%84%E0%B8%A1%E0%B9%88%E0%B9%84%E0%B8%94%E0%B9%89%E0%B8%AD%E0%B8%A2%E0%B8%B9%E0%B9%88%22%2C%22%20%20%20%22%2C%22zxcvnm%22%2C%22iphone%22%2C%22%E0%B9%80%E0%B8%84%E0%B9%89%E0%B8%81%22]; _gid=GA1.3.149523128.1630761915; AKA_A2=A; _hjAbsoluteSessionInProgress=0; RT="z=1&amp;dm=officemate.co.th&amp;si=35e03737-c8f6-497a-a2b6-196c4212a494&amp;ss=kt78gf14&amp;sl=2&amp;tt=c3d&amp;rl=1&amp;ul=bs6e&amp;hd=bstf"; originalLocation=https://www.officemate.co.th/en; lang=en; _ga=GA1.3.1422895306.1629955396; _gat_UA-12345-1=1; _gat_UA-11520015-17=1; _ga_HZ7YT7QQR1=GS1.1.1630850810.26.0.1630850810.0; _gat=1</arg>
<arg>VQMOUF5SABAHVlRQAAIAVFc=</arg>
<arg>en</arg>
<arg>500</arg>
<kw name="Get And Vaidation" library="get_request">
<arg>${is_flash_deal}</arg>
<arg>${flash_deal_enable}</arg>
<arg>${sort}</arg>
<arg>${type_id}</arg>
<arg>${typeid}</arg>
<arg>${flash_deal_from}</arg>
<arg>${flash_deal_from_day}</arg>
<arg>${flash_deal_to}</arg>
<arg>${flash_deal_to_day}</arg>
<arg>${x_subject_id}</arg>
<arg>${visibility}</arg>
<arg>${status}</arg>
<arg>${cookie}</arg>
<arg>${x-newrelic-id}</arg>
<arg>${x-store-code}</arg>
<arg>${api_url}</arg>
<arg>${response_code}</arg>
<kw name="Run Keyword And Ignore Error" library="BuiltIn">
<var>${status}</var>
<var>${resp}</var>
<arg>api_request.Get Request</arg>
<arg>${is_flash_deal}</arg>
<arg>${flash_deal_enable}</arg>
<arg>${sort}</arg>
<arg>${type_id}</arg>
<arg>${typeid}</arg>
<arg>${flash_deal_from}</arg>
<arg>${flash_deal_from_day}</arg>
<arg>${flash_deal_to}</arg>
<arg>${flash_deal_to_day}</arg>
<arg>${x_subject_id}</arg>
<arg>${visibility}</arg>
<arg>${status}</arg>
<arg>${cookie}</arg>
<arg>${x-newrelic-id}</arg>
<arg>${x-store-code}</arg>
<arg>${api_url}</arg>
<doc>Runs the given keyword with the given arguments and ignores possible error.</doc>
<kw name="Get Request" library="api_request">
<arg>${is_flash_deal}</arg>
<arg>${flash_deal_enable}</arg>
<arg>${sort}</arg>
<arg>${type_id}</arg>
<arg>${typeid}</arg>
<arg>${flash_deal_from}</arg>
<arg>${flash_deal_from_day}</arg>
<arg>${flash_deal_to}</arg>
<arg>${flash_deal_to_day}</arg>
<arg>${x_subject_id}</arg>
<arg>${visibility}</arg>
<arg>${status}</arg>
<arg>${cookie}</arg>
<arg>${x-newrelic-id}</arg>
<arg>${x-store-code}</arg>
<arg>${api_url}</arg>
<kw name="Create Dictionary" library="BuiltIn">
<var>${header}</var>
<arg>cookie=${cookie}</arg>
<arg>x-newrelic-id=${x-newrelic-id}</arg>
<arg>x-store-code=${x-store-code}</arg>
<doc>Creates and returns a dictionary based on the given ``items``.</doc>
<msg timestamp="20210906 14:55:57.827" level="INFO">${header} = {'cookie': 'utm_source=; utm_medium=; utm_campaign=; guest=bDENtRlm1UchRTFGA3SP9MltOvCXnPff; _fbp=fb.2.1629955397080.1027180985; _hjid=33c6dd2c-e604-4d7a-8768-72605534e6c3; scarab.visitor=%2270AAAA693...</msg>
<status status="PASS" starttime="20210906 14:55:57.826" endtime="20210906 14:55:57.827"/>
</kw>
<kw name="GET" library="RequestsLibrary">
<var>${resp}</var>
<arg>${api_url}/search/productSection/en</arg>
<arg>params=is_flash_deal=${is_flash_deal}&amp;flash_deal_enable=${flash_deal_enable}&amp;sort=${sort}&amp;type_id=$neq&amp;type_id=${typeid}&amp;flash_deal_from=${flash_deal_from}&amp;flash_deal_from=${flash_deal_from_day}&amp;flash_deal_to=${flash_deal_to}&amp;flash_deal_to=${flash_deal_to_day}&amp;x_subject_id=${x_subject_id}&amp;visibility=${visibility}&amp;status=${status}</arg>
<arg>headers=${header}</arg>
<doc>Sends a GET request.</doc>
<msg timestamp="20210906 14:55:58.138" level="INFO">GET Request : url=https://www.officemate.co.th/api//search/productSection/en?is_flash_deal=1&amp;flash_deal_enable=1&amp;sort=1&amp;type_id=$neq&amp;type_id=configurable&amp;flash_deal_from=&amp;flash_deal_from=2019-11-24+17:00:00&amp;flash_deal_to=$lteq&amp;flash_deal_to=2021-12-31+16:59:00&amp;x_subject_id=bDENtRlm1UchRTFGA3SP9MltOvCXnPff&amp;visibility=4&amp;status=1 
 path_url=/api//search/productSection/en?is_flash_deal=1&amp;flash_deal_enable=1&amp;sort=1&amp;type_id=$neq&amp;type_id=configurable&amp;flash_deal_from=&amp;flash_deal_from=2019-11-24+17:00:00&amp;flash_deal_to=$lteq&amp;flash_deal_to=2021-12-31+16:59:00&amp;x_subject_id=bDENtRlm1UchRTFGA3SP9MltOvCXnPff&amp;visibility=4&amp;status=1 
 headers={'User-Agent': 'python-requests/2.26.0', 'Accept-Encoding': 'gzip, deflate', 'Accept': '*/*', 'Connection': 'keep-alive', 'cookie': 'utm_source=; utm_medium=; utm_campaign=; guest=bDENtRlm1UchRTFGA3SP9MltOvCXnPff; _fbp=fb.2.1629955397080.1027180985; _hjid=33c6dd2c-e604-4d7a-8768-72605534e6c3; scarab.visitor=%2270AAAA6936688C1F%22; scarab.profile=%22OFMY007899%7C1629956085%22; _HistorySearch=[%22kh%C3%B4ng%20t%E1%BB%93n%20t%E1%BA%A1i%22%2C%22samSUNG123%22%2C%22samsung%22%2C%22dsdsdsd%22%2C%22%E0%B9%84%E0%B8%A1%E0%B9%88%E0%B9%84%E0%B8%94%E0%B9%89%E0%B8%AD%E0%B8%A2%E0%B8%B9%E0%B9%88%E0%B9%84%E0%B8%A1%E0%B9%88%E0%B9%84%E0%B8%94%E0%B9%89%E0%B8%AD%E0%B8%A2%E0%B8%B9%E0%B9%88%E0%B9%84%E0%B8%A1%E0%B9%88%E0%B9%84%E0%B8%94%E0%B9%89%E0%B8%AD%E0%B8%A2%E0%B8%B9%E0%B9%88%E0%B9%84%E0%B8%A1%E0%B9%88%E0%B9%84%E0%B8%94%E0%B9%89%E0%B8%AD%E0%B8%A2%E0%B8%B9%E0%B9%88%22%2C%22%E0%B9%84%E0%B8%A1%E0%B9%88%E0%B9%84%E0%B8%94%E0%B9%89%E0%B8%AD%E0%B8%A2%E0%B8%B9%E0%B9%88%22%2C%22%20%20%20%22%2C%22zxcvnm%22%2C%22iphone%22%2C%22%E0%B9%80%E0%B8%84%E0%B9%89%E0%B8%81%22]; _gid=GA1.3.149523128.1630761915; AKA_A2=A; _hjAbsoluteSessionInProgress=0; RT="z=1&amp;dm=officemate.co.th&amp;si=35e03737-c8f6-497a-a2b6-196c4212a494&amp;ss=kt78gf14&amp;sl=2&amp;tt=c3d&amp;rl=1&amp;ul=bs6e&amp;hd=bstf"; originalLocation=https://www.officemate.co.th/en; lang=en; _ga=GA1.3.1422895306.1629955396; _gat_UA-12345-1=1; _gat_UA-11520015-17=1; _ga_HZ7YT7QQR1=GS1.1.1630850810.26.0.1630850810.0; _gat=1', 'x-newrelic-id': 'VQMOUF5SABAHVlRQAAIAVFc=', 'x-store-code': 'en'} 
 body=None 
 </msg>
<msg timestamp="20210906 14:55:58.138" level="INFO">GET Response : url=https://www.officemate.co.th/api//search/productSection/en?is_flash_deal=1&amp;flash_deal_enable=1&amp;sort=1&amp;type_id=$neq&amp;type_id=configurable&amp;flash_deal_from=&amp;flash_deal_from=2019-11-24+17:00:00&amp;flash_deal_to=$lteq&amp;flash_deal_to=2021-12-31+16:59:00&amp;x_subject_id=bDENtRlm1UchRTFGA3SP9MltOvCXnPff&amp;visibility=4&amp;status=1 
 status=500, reason=Internal Server Error 
 headers={'Content-Type': 'application/json; charset=utf-8', 'Content-Length': '62', 'X-Powered-By': 'Express', 'x-frame-options': 'SAMEORIGIN', 'x-xss-protection': '1; mode=block', 'ETag': 'W/"3e-h30rKD0AVpt4N572PmCD2xi+NCs"', 'Date': 'Mon, 06 Sep 2021 07:55:57 GMT', 'Connection': 'keep-alive', 'Server-Timing': 'edge; dur=1, origin; dur=119, cdn-cache; desc=MISS'} 
 body={"products":null,"message":"[object Object]","status":"error"} 
 </msg>
<msg timestamp="20210906 14:55:58.138" level="FAIL">HTTPError: 500 Server Error: Internal Server Error for url: https://www.officemate.co.th/api//search/productSection/en?is_flash_deal=1&amp;flash_deal_enable=1&amp;sort=1&amp;type_id=$neq&amp;type_id=configurable&amp;flash_deal_from=&amp;flash_deal_from=2019-11-24+17:00:00&amp;flash_deal_to=$lteq&amp;flash_deal_to=2021-12-31+16:59:00&amp;x_subject_id=bDENtRlm1UchRTFGA3SP9MltOvCXnPff&amp;visibility=4&amp;status=1</msg>
<status status="FAIL" starttime="20210906 14:55:57.828" endtime="20210906 14:55:58.138"/>
</kw>
<status status="FAIL" starttime="20210906 14:55:57.823" endtime="20210906 14:55:58.138"/>
</kw>
<msg timestamp="20210906 14:55:58.138" level="INFO">${status} = FAIL</msg>
<msg timestamp="20210906 14:55:58.138" level="INFO">${resp} = HTTPError: 500 Server Error: Internal Server Error for url: https://www.officemate.co.th/api//search/productSection/en?is_flash_deal=1&amp;flash_deal_enable=1&amp;sort=1&amp;type_id=$neq&amp;type_id=configurable&amp;flas...</msg>
<status status="PASS" starttime="20210906 14:55:57.823" endtime="20210906 14:55:58.138"/>
</kw>
<kw name="Run Keyword If" library="BuiltIn">
<arg>'${status}'=='PASS'</arg>
<arg>Status Should Be</arg>
<arg>${response_code}</arg>
<arg>${resp}</arg>
<doc>Runs the given keyword with the given arguments, if ``condition`` is true.</doc>
<status status="PASS" starttime="20210906 14:55:58.153" endtime="20210906 14:55:58.153"/>
</kw>
<kw name="Run Keyword If" library="BuiltIn">
<arg>'${status}'=='FAIL'</arg>
<arg>Should Contain</arg>
<arg>${resp}</arg>
<arg>${response_code}</arg>
<doc>Runs the given keyword with the given arguments, if ``condition`` is true.</doc>
<kw name="Should Contain" library="BuiltIn">
<arg>${resp}</arg>
<arg>${response_code}</arg>
<doc>Fails if ``container`` does not contain ``item`` one or more times.</doc>
<status status="PASS" starttime="20210906 14:55:58.153" endtime="20210906 14:55:58.153"/>
</kw>
<status status="PASS" starttime="20210906 14:55:58.153" endtime="20210906 14:55:58.153"/>
</kw>
<status status="PASS" starttime="20210906 14:55:57.818" endtime="20210906 14:55:58.153"/>
</kw>
<status status="PASS" starttime="20210906 14:55:57.816" endtime="20210906 14:55:58.153"/>
</kw>
<status status="PASS" starttime="20210906 14:55:57.813" endtime="20210906 14:55:58.153"/>
</test>
<status status="FAIL" starttime="20210906 14:55:51.232" endtime="20210906 14:55:58.157"/>
</suite>
<suite id="s1-s1-s2" name="Post Validation" source="C:\Users\Public\Documents\OfficeMate\Testcases\API\post_validation.robot">
<test id="s1-s1-s2-t1" name="Post And Validation">
<kw name="Post Request">
<arg>1</arg>
<arg>1</arg>
<arg>flash_deal_position_asc</arg>
<arg>$neg</arg>
<arg>configurable</arg>
<arg>$gteq</arg>
<arg>2019-11-24+17:00:00</arg>
<arg>$lteq</arg>
<arg>2021-12-31+16:59:00</arg>
<arg>bDENtRlm1UchRTFGA3SP9MltOvCXnPff</arg>
<arg>4</arg>
<arg>1</arg>
<arg>utm_source=; utm_medium=; utm_campaign=; guest=bDENtRlm1UchRTFGA3SP9MltOvCXnPff; _fbp=fb.2.1629955397080.1027180985; _hjid=33c6dd2c-e604-4d7a-8768-72605534e6c3; scarab.visitor=%2270AAAA6936688C1F%22; scarab.profile=%22OFMY007899%7C1629956085%22; _HistorySearch=[%22kh%C3%B4ng%20t%E1%BB%93n%20t%E1%BA%A1i%22%2C%22samSUNG123%22%2C%22samsung%22%2C%22dsdsdsd%22%2C%22%E0%B9%84%E0%B8%A1%E0%B9%88%E0%B9%84%E0%B8%94%E0%B9%89%E0%B8%AD%E0%B8%A2%E0%B8%B9%E0%B9%88%E0%B9%84%E0%B8%A1%E0%B9%88%E0%B9%84%E0%B8%94%E0%B9%89%E0%B8%AD%E0%B8%A2%E0%B8%B9%E0%B9%88%E0%B9%84%E0%B8%A1%E0%B9%88%E0%B9%84%E0%B8%94%E0%B9%89%E0%B8%AD%E0%B8%A2%E0%B8%B9%E0%B9%88%E0%B9%84%E0%B8%A1%E0%B9%88%E0%B9%84%E0%B8%94%E0%B9%89%E0%B8%AD%E0%B8%A2%E0%B8%B9%E0%B9%88%22%2C%22%E0%B9%84%E0%B8%A1%E0%B9%88%E0%B9%84%E0%B8%94%E0%B9%89%E0%B8%AD%E0%B8%A2%E0%B8%B9%E0%B9%88%22%2C%22%20%20%20%22%2C%22zxcvnm%22%2C%22iphone%22%2C%22%E0%B9%80%E0%B8%84%E0%B9%89%E0%B8%81%22]; _gid=GA1.3.149523128.1630761915; AKA_A2=A; _hjAbsoluteSessionInProgress=0; RT="z=1&amp;dm=officemate.co.th&amp;si=35e03737-c8f6-497a-a2b6-196c4212a494&amp;ss=kt78gf14&amp;sl=2&amp;tt=c3d&amp;rl=1&amp;ul=bs6e&amp;hd=bstf"; originalLocation=https://www.officemate.co.th/en; lang=en; _ga=GA1.3.1422895306.1629955396; _gat_UA-12345-1=1; _gat_UA-11520015-17=1; _ga_HZ7YT7QQR1=GS1.1.1630850810.26.0.1630850810.0; _gat=1</arg>
<arg>VQMOUF5SABAHVlRQAAIAVFc=</arg>
<arg>en</arg>
<arg>404</arg>
<kw name="Post And Vaidation" library="post_request">
<arg>${is_flash_deal}</arg>
<arg>${flash_deal_enable}</arg>
<arg>${sort}</arg>
<arg>${type_id}</arg>
<arg>${typeid}</arg>
<arg>${flash_deal_from}</arg>
<arg>${flash_deal_from_day}</arg>
<arg>${flash_deal_to}</arg>
<arg>${flash_deal_to_day}</arg>
<arg>${x_subject_id}</arg>
<arg>${visibility}</arg>
<arg>${status}</arg>
<arg>${cookie}</arg>
<arg>${x-newrelic-id}</arg>
<arg>${x-store-code}</arg>
<arg>${api_url}</arg>
<arg>${response_code}</arg>
<kw name="Run Keyword And Ignore Error" library="BuiltIn">
<var>${status}</var>
<var>${resp}</var>
<arg>api_request.Post Request</arg>
<arg>${is_flash_deal}</arg>
<arg>${flash_deal_enable}</arg>
<arg>${sort}</arg>
<arg>${type_id}</arg>
<arg>${typeid}</arg>
<arg>${flash_deal_from}</arg>
<arg>${flash_deal_from_day}</arg>
<arg>${flash_deal_to}</arg>
<arg>${flash_deal_to_day}</arg>
<arg>${x_subject_id}</arg>
<arg>${visibility}</arg>
<arg>${status}</arg>
<arg>${cookie}</arg>
<arg>${x-newrelic-id}</arg>
<arg>${x-store-code}</arg>
<arg>${api_url}</arg>
<doc>Runs the given keyword with the given arguments and ignores possible error.</doc>
<kw name="Post Request" library="api_request">
<arg>${is_flash_deal}</arg>
<arg>${flash_deal_enable}</arg>
<arg>${sort}</arg>
<arg>${type_id}</arg>
<arg>${typeid}</arg>
<arg>${flash_deal_from}</arg>
<arg>${flash_deal_from_day}</arg>
<arg>${flash_deal_to}</arg>
<arg>${flash_deal_to_day}</arg>
<arg>${x_subject_id}</arg>
<arg>${visibility}</arg>
<arg>${status}</arg>
<arg>${cookie}</arg>
<arg>${x-newrelic-id}</arg>
<arg>${x-store-code}</arg>
<arg>${api_url}</arg>
<kw name="Create Dictionary" library="BuiltIn">
<var>${header}</var>
<arg>cookie=${cookie}</arg>
<arg>x-newrelic-id=${x-newrelic-id}</arg>
<arg>x-store-code=${x-store-code}</arg>
<doc>Creates and returns a dictionary based on the given ``items``.</doc>
<msg timestamp="20210906 14:55:58.282" level="INFO">${header} = {'cookie': 'utm_source=; utm_medium=; utm_campaign=; guest=bDENtRlm1UchRTFGA3SP9MltOvCXnPff; _fbp=fb.2.1629955397080.1027180985; _hjid=33c6dd2c-e604-4d7a-8768-72605534e6c3; scarab.visitor=%2270AAAA693...</msg>
<status status="PASS" starttime="20210906 14:55:58.281" endtime="20210906 14:55:58.282"/>
</kw>
<kw name="POST" library="RequestsLibrary">
<var>${resp}</var>
<arg>${api_url}/search/productSection/en</arg>
<arg>params=is_flash_deal=${is_flash_deal}&amp;flash_deal_enable=${flash_deal_enable}&amp;sort=${sort}&amp;type_id=$neq&amp;type_id=${typeid}&amp;flash_deal_from=${flash_deal_from}&amp;flash_deal_from=${flash_deal_from_day}&amp;flash_deal_to=${flash_deal_to}&amp;flash_deal_to=${flash_deal_to_day}&amp;x_subject_id=${x_subject_id}&amp;visibility=${visibility}&amp;status=${status}</arg>
<arg>headers=${header}</arg>
<doc>Sends a POST request.</doc>
<msg timestamp="20210906 14:55:58.466" level="INFO">POST Request : url=https://www.officemate.co.th/api//search/productSection/en?is_flash_deal=1&amp;flash_deal_enable=1&amp;sort=flash_deal_position_asc&amp;type_id=$neq&amp;type_id=configurable&amp;flash_deal_from=$gteq&amp;flash_deal_from=2019-11-24+17:00:00&amp;flash_deal_to=$lteq&amp;flash_deal_to=2021-12-31+16:59:00&amp;x_subject_id=bDENtRlm1UchRTFGA3SP9MltOvCXnPff&amp;visibility=4&amp;status=1 
 path_url=/api//search/productSection/en?is_flash_deal=1&amp;flash_deal_enable=1&amp;sort=flash_deal_position_asc&amp;type_id=$neq&amp;type_id=configurable&amp;flash_deal_from=$gteq&amp;flash_deal_from=2019-11-24+17:00:00&amp;flash_deal_to=$lteq&amp;flash_deal_to=2021-12-31+16:59:00&amp;x_subject_id=bDENtRlm1UchRTFGA3SP9MltOvCXnPff&amp;visibility=4&amp;status=1 
 headers={'User-Agent': 'python-requests/2.26.0', 'Accept-Encoding': 'gzip, deflate', 'Accept': '*/*', 'Connection': 'keep-alive', 'cookie': 'utm_source=; utm_medium=; utm_campaign=; guest=bDENtRlm1UchRTFGA3SP9MltOvCXnPff; _fbp=fb.2.1629955397080.1027180985; _hjid=33c6dd2c-e604-4d7a-8768-72605534e6c3; scarab.visitor=%2270AAAA6936688C1F%22; scarab.profile=%22OFMY007899%7C1629956085%22; _HistorySearch=[%22kh%C3%B4ng%20t%E1%BB%93n%20t%E1%BA%A1i%22%2C%22samSUNG123%22%2C%22samsung%22%2C%22dsdsdsd%22%2C%22%E0%B9%84%E0%B8%A1%E0%B9%88%E0%B9%84%E0%B8%94%E0%B9%89%E0%B8%AD%E0%B8%A2%E0%B8%B9%E0%B9%88%E0%B9%84%E0%B8%A1%E0%B9%88%E0%B9%84%E0%B8%94%E0%B9%89%E0%B8%AD%E0%B8%A2%E0%B8%B9%E0%B9%88%E0%B9%84%E0%B8%A1%E0%B9%88%E0%B9%84%E0%B8%94%E0%B9%89%E0%B8%AD%E0%B8%A2%E0%B8%B9%E0%B9%88%E0%B9%84%E0%B8%A1%E0%B9%88%E0%B9%84%E0%B8%94%E0%B9%89%E0%B8%AD%E0%B8%A2%E0%B8%B9%E0%B9%88%22%2C%22%E0%B9%84%E0%B8%A1%E0%B9%88%E0%B9%84%E0%B8%94%E0%B9%89%E0%B8%AD%E0%B8%A2%E0%B8%B9%E0%B9%88%22%2C%22%20%20%20%22%2C%22zxcvnm%22%2C%22iphone%22%2C%22%E0%B9%80%E0%B8%84%E0%B9%89%E0%B8%81%22]; _gid=GA1.3.149523128.1630761915; AKA_A2=A; _hjAbsoluteSessionInProgress=0; RT="z=1&amp;dm=officemate.co.th&amp;si=35e03737-c8f6-497a-a2b6-196c4212a494&amp;ss=kt78gf14&amp;sl=2&amp;tt=c3d&amp;rl=1&amp;ul=bs6e&amp;hd=bstf"; originalLocation=https://www.officemate.co.th/en; lang=en; _ga=GA1.3.1422895306.1629955396; _gat_UA-12345-1=1; _gat_UA-11520015-17=1; _ga_HZ7YT7QQR1=GS1.1.1630850810.26.0.1630850810.0; _gat=1', 'x-newrelic-id': 'VQMOUF5SABAHVlRQAAIAVFc=', 'x-store-code': 'en', 'Content-Length': '0'} 
 body=None 
 </msg>
<msg timestamp="20210906 14:55:58.466" level="INFO">POST Response : url=https://www.officemate.co.th/api//search/productSection/en?is_flash_deal=1&amp;flash_deal_enable=1&amp;sort=flash_deal_position_asc&amp;type_id=$neq&amp;type_id=configurable&amp;flash_deal_from=$gteq&amp;flash_deal_from=2019-11-24+17:00:00&amp;flash_deal_to=$lteq&amp;flash_deal_to=2021-12-31+16:59:00&amp;x_subject_id=bDENtRlm1UchRTFGA3SP9MltOvCXnPff&amp;visibility=4&amp;status=1 
 status=404, reason=Not Found 
[...]
<msg timestamp="20210906 14:56:39.800" level="INFO">${sku} = xpath://div[normalize-space()='OFM0009935']</msg>
<status status="PASS" starttime="20210906 14:56:39.799" endtime="20210906 14:56:39.800"/>
</kw>
<kw name="Format String" library="String">
<var>${price}</var>
<arg>${price}</arg>
<arg>param=${product_name}</arg>
<doc>Formats a ``template`` using the given ``positional`` and ``named`` arguments.</doc>
<msg timestamp="20210906 14:56:39.802" level="INFO">${price} = xpath://h3[normalize-space()='Anitech SGR-1600 Electric Grill And Hotpot']/ancestor::div[@class='ERPfP']/following-sibling::div//div[contains(@id,'lbl-ProductList-Price')]</msg>
<status status="PASS" starttime="20210906 14:56:39.801" endtime="20210906 14:56:39.802"/>
</kw>
<kw name="Element Should Be Visible" library="SeleniumLibrary">
<arg>${product_item_name}</arg>
<doc>Verifies that the element identified by ``locator`` is visible.</doc>
<msg timestamp="20210906 14:56:40.064" level="INFO">Element 'xpath://a[normalize-space()='Anitech SGR-1600 Electric Grill And Hotpot']' is displayed.</msg>
<status status="PASS" starttime="20210906 14:56:39.802" endtime="20210906 14:56:40.064"/>
</kw>
<kw name="Element Should Be Visible" library="SeleniumLibrary">
<arg>${sku}</arg>
<doc>Verifies that the element identified by ``locator`` is visible.</doc>
<msg timestamp="20210906 14:56:40.427" level="INFO">Element 'xpath://div[normalize-space()='OFM0009935']' is displayed.</msg>
<status status="PASS" starttime="20210906 14:56:40.065" endtime="20210906 14:56:40.427"/>
</kw>
<status status="PASS" starttime="20210906 14:56:39.793" endtime="20210906 14:56:40.427"/>
</kw>
<kw name="Verify Cart Button And Star Rate Should Be Displayed Below Each Product Item" library="Home">
<arg>${product_name}</arg>
<kw name="Format String" library="String">
<var>${add_to_cart_button}</var>
<arg>${add_to_cart_button}</arg>
<arg>param=${product_name}</arg>
<doc>Formats a ``template`` using the given ``positional`` and ``named`` arguments.</doc>
<msg timestamp="20210906 14:56:40.429" level="INFO">${add_to_cart_button} = xpath://a[normalize-space()='Anitech SGR-1600 Electric Grill And Hotpot']//ancestor::div[@class='ERPfP']//following-sibling::div[@class='ERPfP']//div[contains(@id,'btn-addCart')]/span</msg>
<status status="PASS" starttime="20210906 14:56:40.429" endtime="20210906 14:56:40.429"/>
</kw>
<kw name="Format String" library="String">
<var>${star_rate}</var>
<arg>${star_rate}</arg>
<arg>param=${product_name}</arg>
<doc>Formats a ``template`` using the given ``positional`` and ``named`` arguments.</doc>
<msg timestamp="20210906 14:56:40.430" level="INFO">${star_rate} = xpath://a[normalize-space()='Anitech SGR-1600 Electric Grill And Hotpot']//ancestor::div[@class='ERPfP']//following-sibling::div[@class='ERPfP']/div[@id='pnl-starRating']</msg>
<status status="PASS" starttime="20210906 14:56:40.429" endtime="20210906 14:56:40.430"/>
</kw>
<status status="PASS" starttime="20210906 14:56:40.428" endtime="20210906 14:56:40.430"/>
</kw>
<status status="PASS" starttime="20210906 14:56:39.788" endtime="20210906 14:56:40.430"/>
</iter>
<iter>
<var name="${i}">4</var>
<kw name="Set Variable" library="BuiltIn">
<var>${product_name}</var>
<arg>${product_info}[${i}][name]</arg>
<doc>Returns the given values which can then be assigned to a variables.</doc>
<msg timestamp="20210906 14:56:40.431" level="INFO">${product_name} = Furradec Office Chair Alexa Black</msg>
<status status="PASS" starttime="20210906 14:56:40.430" endtime="20210906 14:56:40.431"/>
</kw>
<kw name="Set Variable" library="BuiltIn">
<var>${sku}</var>
<arg>${product_info}[${i}][sku]</arg>
<doc>Returns the given values which can then be assigned to a variables.</doc>
<msg timestamp="20210906 14:56:40.431" level="INFO">${sku} = OFMA012876</msg>
<status status="PASS" starttime="20210906 14:56:40.431" endtime="20210906 14:56:40.431"/>
</kw>
<kw name="Convert To Number" library="BuiltIn">
<var>${price}</var>
<arg>${product_info}[${i}][tier_prices][0][price]</arg>
<arg>2</arg>
<doc>Converts the given item to a floating point number.</doc>
<msg timestamp="20210906 14:56:40.432" level="INFO">${price} = 998.99</msg>
<status status="PASS" starttime="20210906 14:56:40.431" endtime="20210906 14:56:40.432"/>
</kw>
<kw name="Verify Product Infor" library="Home">
<arg>${product_name}</arg>
<arg>${sku}</arg>
<arg>${price}</arg>
<kw name="Format String" library="String">
<var>${product_item_name}</var>
<arg>${product_item_name}</arg>
<arg>param=${product_name}</arg>
<doc>Formats a ``template`` using the given ``positional`` and ``named`` arguments.</doc>
<msg timestamp="20210906 14:56:40.433" level="INFO">${product_item_name} = xpath://a[normalize-space()='Furradec Office Chair Alexa Black']</msg>
<status status="PASS" starttime="20210906 14:56:40.433" endtime="20210906 14:56:40.433"/>
</kw>
<kw name="Format String" library="String">
<var>${sku}</var>
<arg>${sku}</arg>
<arg>param=${sku_name}</arg>
<doc>Formats a ``template`` using the given ``positional`` and ``named`` arguments.</doc>
<msg timestamp="20210906 14:56:40.434" level="INFO">${sku} = xpath://div[normalize-space()='OFMA012876']</msg>
<status status="PASS" starttime="20210906 14:56:40.434" endtime="20210906 14:56:40.434"/>
</kw>
<kw name="Format String" library="String">
<var>${price}</var>
<arg>${price}</arg>
<arg>param=${product_name}</arg>
<doc>Formats a ``template`` using the given ``positional`` and ``named`` arguments.</doc>
<msg timestamp="20210906 14:56:40.435" level="INFO">${price} = xpath://h3[normalize-space()='Furradec Office Chair Alexa Black']/ancestor::div[@class='ERPfP']/following-sibling::div//div[contains(@id,'lbl-ProductList-Price')]</msg>
<status status="PASS" starttime="20210906 14:56:40.434" endtime="20210906 14:56:40.435"/>
</kw>
<kw name="Element Should Be Visible" library="SeleniumLibrary">
<arg>${product_item_name}</arg>
<doc>Verifies that the element identified by ``locator`` is visible.</doc>
<msg timestamp="20210906 14:56:40.676" level="INFO">Element 'xpath://a[normalize-space()='Furradec Office Chair Alexa Black']' is displayed.</msg>
<status status="PASS" starttime="20210906 14:56:40.435" endtime="20210906 14:56:40.676"/>
</kw>
<kw name="Element Should Be Visible" library="SeleniumLibrary">
<arg>${sku}</arg>
<doc>Verifies that the element identified by ``locator`` is visible.</doc>
<msg timestamp="20210906 14:56:40.975" level="INFO">Element 'xpath://div[normalize-space()='OFMA012876']' is displayed.</msg>
<status status="PASS" starttime="20210906 14:56:40.677" endtime="20210906 14:56:40.975"/>
</kw>
<status status="PASS" starttime="20210906 14:56:40.432" endtime="20210906 14:56:40.975"/>
</kw>
<kw name="Verify Cart Button And Star Rate Should Be Displayed Below Each Product Item" library="Home">
<arg>${product_name}</arg>
<kw name="Format String" library="String">
<var>${add_to_cart_button}</var>
<arg>${add_to_cart_button}</arg>
<arg>param=${product_name}</arg>
<doc>Formats a ``template`` using the given ``positional`` and ``named`` arguments.</doc>
<msg timestamp="20210906 14:56:40.978" level="INFO">${add_to_cart_button} = xpath://a[normalize-space()='Furradec Office Chair Alexa Black']//ancestor::div[@class='ERPfP']//following-sibling::div[@class='ERPfP']//div[contains(@id,'btn-addCart')]/span</msg>
<status status="PASS" starttime="20210906 14:56:40.977" endtime="20210906 14:56:40.979"/>
</kw>
<kw name="Format String" library="String">
<var>${star_rate}</var>
<arg>${star_rate}</arg>
<arg>param=${product_name}</arg>
<doc>Formats a ``template`` using the given ``positional`` and ``named`` arguments.</doc>
<msg timestamp="20210906 14:56:40.980" level="INFO">${star_rate} = xpath://a[normalize-space()='Furradec Office Chair Alexa Black']//ancestor::div[@class='ERPfP']//following-sibling::div[@class='ERPfP']/div[@id='pnl-starRating']</msg>
<status status="PASS" starttime="20210906 14:56:40.979" endtime="20210906 14:56:40.980"/>
</kw>
<status status="PASS" starttime="20210906 14:56:40.976" endtime="20210906 14:56:40.980"/>
</kw>
<status status="PASS" starttime="20210906 14:56:40.430" endtime="20210906 14:56:40.981"/>
</iter>
<iter>
<var name="${i}">5</var>
<kw name="Set Variable" library="BuiltIn">
<var>${product_name}</var>
<arg>${product_info}[${i}][name]</arg>
<doc>Returns the given values which can then be assigned to a variables.</doc>
<msg timestamp="20210906 14:56:40.982" level="INFO">${product_name} = Office Chair Black Furradec Ployly</msg>
<status status="PASS" starttime="20210906 14:56:40.981" endtime="20210906 14:56:40.982"/>
</kw>
<kw name="Set Variable" library="BuiltIn">
<var>${sku}</var>
<arg>${product_info}[${i}][sku]</arg>
<doc>Returns the given values which can then be assigned to a variables.</doc>
<msg timestamp="20210906 14:56:40.983" level="INFO">${sku} = OFMA011031</msg>
<status status="PASS" starttime="20210906 14:56:40.982" endtime="20210906 14:56:40.983"/>
</kw>
<kw name="Convert To Number" library="BuiltIn">
<var>${price}</var>
<arg>${product_info}[${i}][tier_prices][0][price]</arg>
<arg>2</arg>
<doc>Converts the given item to a floating point number.</doc>
<msg timestamp="20210906 14:56:40.985" level="INFO">${price} = 1449.0</msg>
<status status="PASS" starttime="20210906 14:56:40.984" endtime="20210906 14:56:40.985"/>
</kw>
<kw name="Verify Product Infor" library="Home">
<arg>${product_name}</arg>
<arg>${sku}</arg>
<arg>${price}</arg>
<kw name="Format String" library="String">
<var>${product_item_name}</var>
<arg>${product_item_name}</arg>
<arg>param=${product_name}</arg>
<doc>Formats a ``template`` using the given ``positional`` and ``named`` arguments.</doc>
<msg timestamp="20210906 14:56:40.988" level="INFO">${product_item_name} = xpath://a[normalize-space()='Office Chair Black Furradec Ployly']</msg>
<status status="PASS" starttime="20210906 14:56:40.987" endtime="20210906 14:56:40.988"/>
</kw>
<kw name="Format String" library="String">
<var>${sku}</var>
<arg>${sku}</arg>
<arg>param=${sku_name}</arg>
<doc>Formats a ``template`` using the given ``positional`` and ``named`` arguments.</doc>
<msg timestamp="20210906 14:56:40.989" level="INFO">${sku} = xpath://div[normalize-space()='OFMA011031']</msg>
<status status="PASS" starttime="20210906 14:56:40.988" endtime="20210906 14:56:40.989"/>
</kw>
<kw name="Format String" library="String">
<var>${price}</var>
<arg>${price}</arg>
<arg>param=${product_name}</arg>
<doc>Formats a ``template`` using the given ``positional`` and ``named`` arguments.</doc>
<msg timestamp="20210906 14:56:40.990" level="INFO">${price} = xpath://h3[normalize-space()='Office Chair Black Furradec Ployly']/ancestor::div[@class='ERPfP']/following-sibling::div//div[contains(@id,'lbl-ProductList-Price')]</msg>
<status status="PASS" starttime="20210906 14:56:40.990" endtime="20210906 14:56:40.990"/>
</kw>
<kw name="Element Should Be Visible" library="SeleniumLibrary">
<arg>${product_item_name}</arg>
<doc>Verifies that the element identified by ``locator`` is visible.</doc>
<msg timestamp="20210906 14:56:41.288" level="INFO">Element 'xpath://a[normalize-space()='Office Chair Black Furradec Ployly']' is displayed.</msg>
<status status="PASS" starttime="20210906 14:56:40.991" endtime="20210906 14:56:41.288"/>
</kw>
<kw name="Element Should Be Visible" library="SeleniumLibrary">
<arg>${sku}</arg>
<doc>Verifies that the element identified by ``locator`` is visible.</doc>
<msg timestamp="20210906 14:56:41.537" level="INFO">Element 'xpath://div[normalize-space()='OFMA011031']' is displayed.</msg>
<status status="PASS" starttime="20210906 14:56:41.288" endtime="20210906 14:56:41.537"/>
</kw>
<status status="PASS" starttime="20210906 14:56:40.985" endtime="20210906 14:56:41.538"/>
</kw>
<kw name="Verify Cart Button And Star Rate Should Be Displayed Below Each Product Item" library="Home">
<arg>${product_name}</arg>
<kw name="Format String" library="String">
<var>${add_to_cart_button}</var>
<arg>${add_to_cart_button}</arg>
<arg>param=${product_name}</arg>
<doc>Formats a ``template`` using the given ``positional`` and ``named`` arguments.</doc>
<msg timestamp="20210906 14:56:41.541" level="INFO">${add_to_cart_button} = xpath://a[normalize-space()='Office Chair Black Furradec Ployly']//ancestor::div[@class='ERPfP']//following-sibling::div[@class='ERPfP']//div[contains(@id,'btn-addCart')]/span</msg>
<status status="PASS" starttime="20210906 14:56:41.540" endtime="20210906 14:56:41.541"/>
</kw>
<kw name="Format String" library="String">
<var>${star_rate}</var>
<arg>${star_rate}</arg>
<arg>param=${product_name}</arg>
<doc>Formats a ``template`` using the given ``positional`` and ``named`` arguments.</doc>
<msg timestamp="20210906 14:56:41.544" level="INFO">${star_rate} = xpath://a[normalize-space()='Office Chair Black Furradec Ployly']//ancestor::div[@class='ERPfP']//following-sibling::div[@class='ERPfP']/div[@id='pnl-starRating']</msg>
<status status="PASS" starttime="20210906 14:56:41.542" endtime="20210906 14:56:41.544"/>
</kw>
<status status="PASS" starttime="20210906 14:56:41.538" endtime="20210906 14:56:41.545"/>
</kw>
<status status="PASS" starttime="20210906 14:56:40.981" endtime="20210906 14:56:41.545"/>
</iter>
<iter>
<var name="${i}">6</var>
<kw name="Set Variable" library="BuiltIn">
<var>${product_name}</var>
<arg>${product_info}[${i}][name]</arg>
<doc>Returns the given values which can then be assigned to a variables.</doc>
<msg timestamp="20210906 14:56:41.547" level="INFO">${product_name} = Air Purfier 2H EU</msg>
<status status="PASS" starttime="20210906 14:56:41.546" endtime="20210906 14:56:41.547"/>
</kw>
<kw name="Set Variable" library="BuiltIn">
<var>${sku}</var>
<arg>${product_info}[${i}][sku]</arg>
<doc>Returns the given values which can then be assigned to a variables.</doc>
<msg timestamp="20210906 14:56:41.549" level="INFO">${sku} = OFM4007588</msg>
<status status="PASS" starttime="20210906 14:56:41.547" endtime="20210906 14:56:41.549"/>
</kw>
<kw name="Convert To Number" library="BuiltIn">
<var>${price}</var>
<arg>${product_info}[${i}][tier_prices][0][price]</arg>
<arg>2</arg>
<doc>Converts the given item to a floating point number.</doc>
<msg timestamp="20210906 14:56:41.551" level="INFO">${price} = 2869.0</msg>
<status status="PASS" starttime="20210906 14:56:41.549" endtime="20210906 14:56:41.551"/>
</kw>
<kw name="Verify Product Infor" library="Home">
<arg>${product_name}</arg>
<arg>${sku}</arg>
<arg>${price}</arg>
<kw name="Format String" library="String">
<var>${product_item_name}</var>
<arg>${product_item_name}</arg>
<arg>param=${product_name}</arg>
<doc>Formats a ``template`` using the given ``positional`` and ``named`` arguments.</doc>
<msg timestamp="20210906 14:56:41.555" level="INFO">${product_item_name} = xpath://a[normalize-space()='Air Purfier 2H EU']</msg>
<status status="PASS" starttime="20210906 14:56:41.554" endtime="20210906 14:56:41.555"/>
</kw>
<kw name="Format String" library="String">
<var>${sku}</var>
<arg>${sku}</arg>
<arg>param=${sku_name}</arg>
<doc>Formats a ``template`` using the given ``positional`` and ``named`` arguments.</doc>
<msg timestamp="20210906 14:56:41.556" level="INFO">${sku} = xpath://div[normalize-space()='OFM4007588']</msg>
<status status="PASS" starttime="20210906 14:56:41.555" endtime="20210906 14:56:41.556"/>
</kw>
<kw name="Format String" library="String">
<var>${price}</var>
<arg>${price}</arg>
<arg>param=${product_name}</arg>
<doc>Formats a ``template`` using the given ``positional`` and ``named`` arguments.</doc>
<msg timestamp="20210906 14:56:41.557" level="INFO">${price} = xpath://h3[normalize-space()='Air Purfier 2H EU']/ancestor::div[@class='ERPfP']/following-sibling::div//div[contains(@id,'lbl-ProductList-Price')]</msg>
<status status="PASS" starttime="20210906 14:56:41.556" endtime="20210906 14:56:41.557"/>
</kw>
<kw name="Element Should Be Visible" library="SeleniumLibrary">
<arg>${product_item_name}</arg>
<doc>Verifies that the element identified by ``locator`` is visible.</doc>
<kw name="Capture Page Screenshot" library="SeleniumLibrary">
<doc>Takes a screenshot of the current page and embeds it into a log file.</doc>
<msg timestamp="20210906 14:56:42.224" level="INFO" html="true">&lt;/td&gt;&lt;/tr&gt;&lt;tr&gt;&lt;td colspan="3"&gt;&lt;a href="selenium-screenshot-1.png"&gt;&lt;img src="selenium-screenshot-1.png" width="800px"&gt;&lt;/a&gt;</msg>
<status status="PASS" starttime="20210906 14:56:41.679" endtime="20210906 14:56:42.224"/>
</kw>
<msg timestamp="20210906 14:56:42.270" level="FAIL">Element with locator 'xpath://a[normalize-space()='Air Purfier 2H EU']' not found.</msg>
<status status="FAIL" starttime="20210906 14:56:41.558" endtime="20210906 14:56:42.270"/>
</kw>
<kw name="Element Should Be Visible" library="SeleniumLibrary">
<arg>${sku}</arg>
<doc>Verifies that the element identified by ``locator`` is visible.</doc>
<status status="NOT RUN" starttime="20210906 14:56:42.270" endtime="20210906 14:56:42.270"/>
</kw>
<status status="FAIL" starttime="20210906 14:56:41.551" endtime="20210906 14:56:42.271"/>
</kw>
<kw name="Verify Cart Button And Star Rate Should Be Displayed Below Each Product Item" library="Home">
<arg>${product_name}</arg>
<status status="NOT RUN" starttime="20210906 14:56:42.271" endtime="20210906 14:56:42.271"/>
</kw>
<status status="FAIL" starttime="20210906 14:56:41.545" endtime="20210906 14:56:42.271"/>
</iter>
<status status="FAIL" starttime="20210906 14:56:38.054" endtime="20210906 14:56:42.271"/>
</for>
<kw name="Verify Page Should Be Naviagate When Select Any Product Item" library="Home">
<status status="NOT RUN" starttime="20210906 14:56:42.272" endtime="20210906 14:56:42.272"/>
</kw>
<status status="FAIL" starttime="20210906 14:56:33.801" endtime="20210906 14:56:42.272"/>
</kw>
<kw name="Close Browser" library="SeleniumLibrary" type="TEARDOWN">
<doc>Closes the current browser.</doc>
<status status="PASS" starttime="20210906 14:56:42.273" endtime="20210906 14:56:44.721"/>
</kw>
<status status="FAIL" starttime="20210906 14:55:59.350" endtime="20210906 14:56:44.721">Element with locator 'xpath://a[normalize-space()='Air Purfier 2H EU']' not found.</status>
</test>
<status status="FAIL" starttime="20210906 14:55:58.838" endtime="20210906 14:56:44.730"/>
</suite>
<status status="FAIL" starttime="20210906 14:55:58.833" endtime="20210906 14:56:44.733"/>
</suite>
<status status="FAIL" starttime="20210906 14:55:51.196" endtime="20210906 14:56:44.739"/>
</suite>
<statistics>
<total>
<stat pass="6" fail="2" skip="0">All Tests</stat>
</total>
<tag>
</tag>
<suite>
<stat pass="6" fail="2" skip="0" id="s1" name="Testcases">Testcases</stat>
<stat pass="6" fail="1" skip="0" id="s1-s1" name="API">Testcases.API</stat>
<stat pass="4" fail="1" skip="0" id="s1-s1-s1" name="Get Validation">Testcases.API.Get Validation</stat>
<stat pass="2" fail="0" skip="0" id="s1-s1-s2" name="Post Validation">Testcases.API.Post Validation</stat>
<stat pass="0" fail="1" skip="0" id="s1-s2" name="UI">Testcases.UI</stat>
<stat pass="0" fail="1" skip="0" id="s1-s2-s1" name="TC01">Testcases.UI.TC01</stat>
</suite>
</statistics>
<errors>
<msg timestamp="20210906 14:55:54.274" level="WARN">Multiple test cases with name 'Jsonplaceholder Get Request Test' executed in test suite 'Testcases.API.Get Validation'.</msg>
<msg timestamp="20210906 14:55:56.611" level="WARN">Multiple test cases with name 'Jsonplaceholder Get Request Test' executed in test suite 'Testcases.API.Get Validation'.</msg>
<msg timestamp="20210906 14:55:57.201" level="WARN">Multiple test cases with name 'Jsonplaceholder Get Request Test' executed in test suite 'Testcases.API.Get Validation'.</msg>
<msg timestamp="20210906 14:55:57.813" level="WARN">Multiple test cases with name 'Jsonplaceholder Get Request Test' executed in test suite 'Testcases.API.Get Validation'.</msg>
<msg timestamp="20210906 14:55:58.488" level="WARN">Multiple test cases with name 'Post And Validation' executed in test suite 'Testcases.API.Post Validation'.</msg>
</errors>
</robot>
